12:17:28.316 [Test worker] WARN  org.testng.internal.Configuration - Detected a static method [demoqa.positive_tests.BaseTest.setUp()]. Static configuration methods can cause  unexpected behavior.
12:17:28.537 [Test worker] WARN  org.testng.internal.Configuration - Detected a static method [demoqa.positive_tests.BaseTest.setUp()]. Static configuration methods can cause  unexpected behavior.
12:17:28.695 [Test worker] INFO  demoqa.positive_tests.BaseTest - Set Up: browser size- 1920x1080
12:17:28.700 [Test worker] INFO  demoqa.positive_tests.BaseTest - Set Up: timeout- 4000
12:17:28.701 [Test worker] INFO  demoqa.positive_tests.BaseTest - Set Up: browser- firefox
12:17:28.740 [TestNG-test=demoqa_base_page_tests-1] INFO  c.c.s.i.WebDriverThreadLocalContainer - No webdriver is bound to current thread: 16 - let's create a new webdriver
12:17:29.099 [TestNG-test=demoqa_base_page_tests-1] INFO  c.codeborne.selenide.impl.FileHelper - Creating folder: C:\ProgramData\Jenkins\.jenkins\workspace\QAFramework\build\downloads\1692350249083_11164_16
12:17:29.474 [TestNG-test=demoqa_base_page_tests-1] INFO  i.g.bonigarcia.wdm.WebDriverManager - Using geckodriver 0.33.0 (resolved driver for Firefox 116)
12:17:29.502 [TestNG-test=demoqa_base_page_tests-1] INFO  i.g.bonigarcia.wdm.WebDriverManager - Exporting webdriver.gecko.driver as C:\Windows\system32\config\systemprofile\.cache\selenium\geckodriver\win64\0.33.0\geckodriver.exe
12:17:29.621 [TestNG-test=demoqa_base_page_tests-1] INFO  c.c.s.w.SelenideNettyClientFactory - Changed readTimeout from PT3M to PT1M30S
12:17:32.393 [TestNG-test=demoqa_base_page_tests-1] INFO  c.c.s.w.SelenideNettyClientFactory - Changed readTimeout from PT3M to PT1M30S
12:17:32.411 [TestNG-test=demoqa_base_page_tests-1] INFO  c.c.s.webdriver.BrowserResizer - Set browser size to 1920x1080
12:17:32.695 [TestNG-test=demoqa_base_page_tests-1] INFO  c.c.s.webdriver.WebDriverFactory - BrowserName=firefox Version=116.0.3 Platform=windows
12:17:32.695 [TestNG-test=demoqa_base_page_tests-1] INFO  c.c.s.webdriver.WebDriverFactory - Selenide v. 6.16.1
12:17:32.695 [TestNG-test=demoqa_base_page_tests-1] INFO  c.c.s.webdriver.WebDriverFactory - Selenium WebDriver v. 4.10.0 build revision: c14d967899
12:17:32.695 [TestNG-test=demoqa_base_page_tests-1] INFO  c.c.s.d.CreateDriverCommand - Created webdriver in thread 16: FirefoxDriver -> FirefoxDriver: firefox on windows (2de8fac4-d9db-413d-8b2e-bd115994f89e)
12:17:32.699 [TestNG-test=demoqa_base_page_tests-1] INFO  c.c.s.d.DisposablesRegistry - Register WebDriverInstance[config=StaticConfig,webDriver=FirefoxDriver: firefox on windows (2de8fac4-d9db-413d-8b2e-bd115994f89e),proxy=null,downloadsFolder=C:\ProgramData\Jenkins\.jenkins\workspace\QAFramework\build\downloads\1692350249083_11164_16] in 16 [size=1]
12:17:32.699 [TestNG-test=demoqa_base_page_tests-1] INFO  c.c.s.d.DisposablesRegistry - Add shutdown hook in 16 [size=1]
12:17:34.229 [TestNG-test=demoqa_base_page_tests-1] INFO  demoqa.positive_tests.BaseTest - https://demoqa.com/is opened
12:17:34.745 [TestNG-test=demoqa_base_page_tests-1] INFO  demoqa.positive_tests.BaseTest - test param: Elements
12:17:35.087 [TestNG-test=demoqa_base_page_tests-1] INFO  demoqa.positive_tests.BaseTest - test param: Forms
12:17:35.416 [TestNG-test=demoqa_base_page_tests-1] INFO  demoqa.positive_tests.BaseTest - test param: Alerts, Frame & Windows
12:17:35.748 [TestNG-test=demoqa_base_page_tests-1] INFO  demoqa.positive_tests.BaseTest - test param: Widgets
12:17:36.088 [TestNG-test=demoqa_base_page_tests-1] INFO  demoqa.positive_tests.BaseTest - test param: Interactions
12:17:36.120 [Thread-5] INFO  c.c.s.d.DisposablesRegistry - Run cleanup: size=1
12:17:36.122 [Thread-5] INFO  c.codeborne.selenide.impl.FileHelper - Deleted empty folder: C:\ProgramData\Jenkins\.jenkins\workspace\QAFramework\build\downloads\1692350249083_11164_16
12:17:36.123 [Thread-5] INFO  c.c.s.d.CloseDriverCommand - Close webdriver: 27 -> FirefoxDriver: firefox on windows (2de8fac4-d9db-413d-8b2e-bd115994f89e)...
12:17:36.126 [Thread-5] INFO  c.c.s.w.SelenideNettyClientFactory - Changed readTimeout from PT3M to PT1M30S
12:17:36.141 [Dead threads watchdog] INFO  c.c.s.impl.DeadThreadsWatchdog - Thread 16 is dead. Let's close its webdriver FirefoxDriver: firefox on windows (2de8fac4-d9db-413d-8b2e-bd115994f89e).
12:17:36.142 [Dead threads watchdog] INFO  c.c.s.d.CloseDriverCommand - Close webdriver: 28 -> FirefoxDriver: firefox on windows (2de8fac4-d9db-413d-8b2e-bd115994f89e)...
12:17:36.145 [Dead threads watchdog] INFO  c.c.s.w.SelenideNettyClientFactory - Changed readTimeout from PT3M to PT1M30S
12:17:37.184 [Thread-5] INFO  c.c.s.d.CloseDriverCommand - Closed webdriver 27 in 1061 ms
12:17:37.185 [Thread-5] INFO  c.c.s.d.DisposablesRegistry - Finished cleanup
16:21:10.932 [Test worker] WARN  org.testng.internal.Configuration - Detected a static method [demoqa.positive_tests.BaseTest.setUp()]. Static configuration methods can cause  unexpected behavior.
16:21:11.033 [Test worker] WARN  org.testng.internal.Configuration - Detected a static method [demoqa.positive_tests.BaseTest.setUp()]. Static configuration methods can cause  unexpected behavior.
16:21:11.116 [Test worker] INFO  demoqa.positive_tests.BaseTest - Set Up: browser size- 1920x1080
16:21:11.118 [Test worker] INFO  demoqa.positive_tests.BaseTest - Set Up: timeout- 4000
16:21:11.119 [Test worker] INFO  demoqa.positive_tests.BaseTest - Set Up: browser- firefox
16:21:11.164 [TestNG-test=demoqa_base_page_tests-1] INFO  c.c.s.i.WebDriverThreadLocalContainer - No webdriver is bound to current thread: 16 - let's create a new webdriver
16:21:11.196 [TestNG-test=demoqa_base_page_tests-1] INFO  c.codeborne.selenide.impl.FileHelper - Creating folder: F:\###JAVA_PROJECT###\Testing\QAFramework_0.0.1\build\downloads\1692364871184_11340_16
16:21:12.084 [TestNG-test=demoqa_base_page_tests-1] INFO  i.g.bonigarcia.wdm.WebDriverManager - Using geckodriver 0.33.0 (resolved driver for Firefox 116)
16:21:12.110 [TestNG-test=demoqa_base_page_tests-1] INFO  i.g.bonigarcia.wdm.WebDriverManager - Exporting webdriver.gecko.driver as C:\Users\Antibiotik\.cache\selenium\geckodriver\win64\0.33.0\geckodriver.exe
16:21:12.216 [TestNG-test=demoqa_base_page_tests-1] INFO  c.c.s.w.SelenideNettyClientFactory - Changed readTimeout from PT3M to PT1M30S
16:21:16.035 [TestNG-test=demoqa_base_page_tests-1] INFO  c.c.s.w.SelenideNettyClientFactory - Changed readTimeout from PT3M to PT1M30S
16:21:16.187 [TestNG-test=demoqa_base_page_tests-1] INFO  c.c.s.webdriver.BrowserResizer - Set browser size to 1920x1080
16:21:16.221 [TestNG-test=demoqa_base_page_tests-1] INFO  c.c.s.webdriver.WebDriverFactory - BrowserName=firefox Version=116.0.3 Platform=windows
16:21:16.221 [TestNG-test=demoqa_base_page_tests-1] INFO  c.c.s.webdriver.WebDriverFactory - Selenide v. 6.16.1
16:21:16.221 [TestNG-test=demoqa_base_page_tests-1] INFO  c.c.s.webdriver.WebDriverFactory - Selenium WebDriver v. 4.10.0 build revision: c14d967899
16:21:16.221 [TestNG-test=demoqa_base_page_tests-1] INFO  c.c.s.d.CreateDriverCommand - Created webdriver in thread 16: FirefoxDriver -> FirefoxDriver: firefox on windows (18003236-d96b-46fd-9367-fbb5c7d5da2a)
16:21:16.224 [TestNG-test=demoqa_base_page_tests-1] INFO  c.c.s.d.DisposablesRegistry - Register WebDriverInstance[config=StaticConfig,webDriver=FirefoxDriver: firefox on windows (18003236-d96b-46fd-9367-fbb5c7d5da2a),proxy=null,downloadsFolder=F:\###JAVA_PROJECT###\Testing\QAFramework_0.0.1\build\downloads\1692364871184_11340_16] in 16 [size=1]
16:21:16.225 [TestNG-test=demoqa_base_page_tests-1] INFO  c.c.s.d.DisposablesRegistry - Add shutdown hook in 16 [size=1]
16:21:18.624 [TestNG-test=demoqa_base_page_tests-1] INFO  demoqa.positive_tests.BaseTest - https://demoqa.com/is opened
16:21:19.891 [TestNG-test=demoqa_base_page_tests-1] INFO  demoqa.positive_tests.BaseTest - test param: Elements
16:21:20.359 [TestNG-test=demoqa_base_page_tests-1] INFO  demoqa.positive_tests.BaseTest - test param: Forms
16:21:20.701 [TestNG-test=demoqa_base_page_tests-1] INFO  demoqa.positive_tests.BaseTest - test param: Alerts, Frame & Windows
16:21:21.062 [TestNG-test=demoqa_base_page_tests-1] INFO  demoqa.positive_tests.BaseTest - test param: Widgets
16:21:21.412 [TestNG-test=demoqa_base_page_tests-1] INFO  demoqa.positive_tests.BaseTest - test param: Interactions
16:21:21.519 [Thread-5] INFO  c.c.s.d.DisposablesRegistry - Run cleanup: size=1
16:21:21.520 [Dead threads watchdog] INFO  c.c.s.impl.DeadThreadsWatchdog - Thread 16 is dead. Let's close its webdriver FirefoxDriver: firefox on windows (18003236-d96b-46fd-9367-fbb5c7d5da2a).
16:21:21.522 [Dead threads watchdog] INFO  c.c.s.d.CloseDriverCommand - Close webdriver: 28 -> FirefoxDriver: firefox on windows (18003236-d96b-46fd-9367-fbb5c7d5da2a)...
16:21:21.522 [Thread-5] INFO  c.codeborne.selenide.impl.FileHelper - Deleted empty folder: F:\###JAVA_PROJECT###\Testing\QAFramework_0.0.1\build\downloads\1692364871184_11340_16
16:21:21.523 [Thread-5] INFO  c.c.s.d.CloseDriverCommand - Close webdriver: 27 -> FirefoxDriver: firefox on windows (18003236-d96b-46fd-9367-fbb5c7d5da2a)...
16:21:21.524 [Dead threads watchdog] INFO  c.c.s.w.SelenideNettyClientFactory - Changed readTimeout from PT3M to PT1M30S
16:21:21.524 [Thread-5] INFO  c.c.s.w.SelenideNettyClientFactory - Changed readTimeout from PT3M to PT1M30S
16:21:22.927 [Dead threads watchdog] INFO  c.c.s.d.CloseDriverCommand - Closed webdriver 28 in 1405 ms
16:21:22.928 [Dead threads watchdog] INFO  c.c.s.d.DisposablesRegistry - Unregister WebDriverInstance[config=StaticConfig,webDriver=FirefoxDriver: firefox on windows (null),proxy=null,downloadsFolder=F:\###JAVA_PROJECT###\Testing\QAFramework_0.0.1\build\downloads\1692364871184_11340_16] in 28 [size=0]
16:21:22.933 [Thread-5] INFO  c.c.s.d.CloseDriverCommand - Closed webdriver 27 in 1410 ms
16:21:22.933 [Thread-5] INFO  c.c.s.d.DisposablesRegistry - Finished cleanup
11:40:18.873 [Test worker] WARN  org.testng.internal.Configuration - Detected a static method [demoqa.positive_tests.BaseTest.setUp()]. Static configuration methods can cause  unexpected behavior.
11:40:19.094 [Test worker] WARN  org.testng.internal.Configuration - Detected a static method [demoqa.positive_tests.BaseTest.setUp()]. Static configuration methods can cause  unexpected behavior.
11:40:19.204 [Test worker] INFO  demoqa.positive_tests.BaseTest - Set Up: browser size- 1920x1080
11:40:19.208 [Test worker] INFO  demoqa.positive_tests.BaseTest - Set Up: timeout- 4000
11:40:19.209 [Test worker] INFO  demoqa.positive_tests.BaseTest - Set Up: browser- firefox
11:40:19.300 [TestNG-test=demoqa_base_page_tests-1] INFO  c.c.s.i.WebDriverThreadLocalContainer - No webdriver is bound to current thread: 16 - let's create a new webdriver
11:40:19.357 [TestNG-test=demoqa_base_page_tests-1] INFO  c.codeborne.selenide.impl.FileHelper - Creating folder: F:\###JAVA_PROJECT###\Testing\QAFramework_0.0.1\build\downloads\1692693619333_11884_16
11:40:20.708 [TestNG-test=demoqa_base_page_tests-1] INFO  i.g.bonigarcia.wdm.WebDriverManager - Using geckodriver 0.33.0 (resolved driver for Firefox 116)
11:40:20.775 [TestNG-test=demoqa_base_page_tests-1] INFO  i.g.bonigarcia.wdm.WebDriverManager - Exporting webdriver.gecko.driver as C:\Users\Antibiotik\.cache\selenium\geckodriver\win64\0.33.0\geckodriver.exe
11:40:21.109 [TestNG-test=demoqa_base_page_tests-1] INFO  c.c.s.w.SelenideNettyClientFactory - Changed readTimeout from PT3M to PT1M30S
11:40:26.060 [TestNG-test=demoqa_base_page_tests-1] INFO  c.c.s.w.SelenideNettyClientFactory - Changed readTimeout from PT3M to PT1M30S
11:40:26.149 [TestNG-test=demoqa_base_page_tests-1] INFO  c.c.s.webdriver.BrowserResizer - Set browser size to 1920x1080
11:40:26.229 [TestNG-test=demoqa_base_page_tests-1] INFO  c.c.s.webdriver.WebDriverFactory - BrowserName=firefox Version=116.0.3 Platform=windows
11:40:26.230 [TestNG-test=demoqa_base_page_tests-1] INFO  c.c.s.webdriver.WebDriverFactory - Selenide v. 6.16.1
11:40:26.230 [TestNG-test=demoqa_base_page_tests-1] INFO  c.c.s.webdriver.WebDriverFactory - Selenium WebDriver v. 4.10.0 build revision: c14d967899
11:40:26.230 [TestNG-test=demoqa_base_page_tests-1] INFO  c.c.s.d.CreateDriverCommand - Created webdriver in thread 16: FirefoxDriver -> FirefoxDriver: firefox on windows (90b99d84-4c42-4a0a-a6b8-5007c77e00d0)
11:40:26.234 [TestNG-test=demoqa_base_page_tests-1] INFO  c.c.s.d.DisposablesRegistry - Register WebDriverInstance[config=StaticConfig,webDriver=FirefoxDriver: firefox on windows (90b99d84-4c42-4a0a-a6b8-5007c77e00d0),proxy=null,downloadsFolder=F:\###JAVA_PROJECT###\Testing\QAFramework_0.0.1\build\downloads\1692693619333_11884_16] in 16 [size=1]
11:40:26.235 [TestNG-test=demoqa_base_page_tests-1] INFO  c.c.s.d.DisposablesRegistry - Add shutdown hook in 16 [size=1]
11:40:28.458 [TestNG-test=demoqa_base_page_tests-1] INFO  demoqa.positive_tests.BaseTest - https://demoqa.com/is opened
11:40:29.475 [TestNG-test=demoqa_base_page_tests-1] INFO  demoqa.positive_tests.BaseTest - test param: Elements
11:40:30.181 [TestNG-test=demoqa_base_page_tests-1] INFO  demoqa.positive_tests.BaseTest - test param: Forms
11:40:30.580 [TestNG-test=demoqa_base_page_tests-1] INFO  demoqa.positive_tests.BaseTest - test param: Alerts, Frame & Windows
11:40:30.932 [TestNG-test=demoqa_base_page_tests-1] INFO  demoqa.positive_tests.BaseTest - test param: Widgets
11:40:31.288 [TestNG-test=demoqa_base_page_tests-1] INFO  demoqa.positive_tests.BaseTest - test param: Interactions
11:40:31.336 [Dead threads watchdog] INFO  c.c.s.impl.DeadThreadsWatchdog - Thread 16 is dead. Let's close its webdriver FirefoxDriver: firefox on windows (90b99d84-4c42-4a0a-a6b8-5007c77e00d0).
11:40:31.339 [Dead threads watchdog] INFO  c.codeborne.selenide.impl.FileHelper - Deleted empty folder: F:\###JAVA_PROJECT###\Testing\QAFramework_0.0.1\build\downloads\1692693619333_11884_16
11:40:31.339 [Dead threads watchdog] INFO  c.c.s.d.CloseDriverCommand - Close webdriver: 28 -> FirefoxDriver: firefox on windows (90b99d84-4c42-4a0a-a6b8-5007c77e00d0)...
11:40:31.343 [Dead threads watchdog] INFO  c.c.s.w.SelenideNettyClientFactory - Changed readTimeout from PT3M to PT1M30S
11:40:31.348 [Thread-5] INFO  c.c.s.d.DisposablesRegistry - Run cleanup: size=1
11:40:31.350 [Thread-5] INFO  c.c.s.d.CloseDriverCommand - Close webdriver: 27 -> FirefoxDriver: firefox on windows (90b99d84-4c42-4a0a-a6b8-5007c77e00d0)...
11:40:31.352 [Thread-5] INFO  c.c.s.w.SelenideNettyClientFactory - Changed readTimeout from PT3M to PT1M30S
11:40:32.666 [Thread-5] INFO  c.c.s.d.CloseDriverCommand - Closed webdriver 27 in 1316 ms
11:40:32.666 [Thread-5] INFO  c.c.s.d.DisposablesRegistry - Finished cleanup
11:46:54.638 [Test worker] WARN  org.testng.internal.Configuration - Detected a static method [demoqa.positive_tests.BaseTest.setUp()]. Static configuration methods can cause  unexpected behavior.
11:46:54.819 [Test worker] WARN  org.testng.internal.Configuration - Detected a static method [demoqa.positive_tests.BaseTest.setUp()]. Static configuration methods can cause  unexpected behavior.
11:46:54.894 [Test worker] INFO  demoqa.positive_tests.BaseTest - Set Up: browser size- 1920x1080
11:46:54.897 [Test worker] INFO  demoqa.positive_tests.BaseTest - Set Up: timeout- 4000
11:46:54.898 [Test worker] INFO  demoqa.positive_tests.BaseTest - Set Up: browser- firefox
11:46:54.960 [TestNG-test=demoqa_base_page_tests-1] INFO  c.c.s.i.WebDriverThreadLocalContainer - No webdriver is bound to current thread: 16 - let's create a new webdriver
11:46:55.000 [TestNG-test=demoqa_base_page_tests-1] INFO  c.codeborne.selenide.impl.FileHelper - Creating folder: C:\ProgramData\Jenkins\.jenkins\workspace\QAFramework\build\downloads\1692694014985_15340_16
11:46:56.131 [TestNG-test=demoqa_base_page_tests-1] INFO  i.g.bonigarcia.wdm.WebDriverManager - Using geckodriver 0.33.0 (resolved driver for Firefox 116)
11:46:56.170 [TestNG-test=demoqa_base_page_tests-1] INFO  i.g.bonigarcia.wdm.WebDriverManager - Exporting webdriver.gecko.driver as C:\Windows\system32\config\systemprofile\.cache\selenium\geckodriver\win64\0.33.0\geckodriver.exe
11:46:56.418 [TestNG-test=demoqa_base_page_tests-1] INFO  c.c.s.w.SelenideNettyClientFactory - Changed readTimeout from PT3M to PT1M30S
11:46:59.806 [TestNG-test=demoqa_base_page_tests-1] INFO  c.c.s.w.SelenideNettyClientFactory - Changed readTimeout from PT3M to PT1M30S
11:46:59.887 [TestNG-test=demoqa_base_page_tests-1] INFO  c.c.s.webdriver.BrowserResizer - Set browser size to 1920x1080
11:47:00.186 [TestNG-test=demoqa_base_page_tests-1] INFO  c.c.s.webdriver.WebDriverFactory - BrowserName=firefox Version=116.0.3 Platform=windows
11:47:00.186 [TestNG-test=demoqa_base_page_tests-1] INFO  c.c.s.webdriver.WebDriverFactory - Selenide v. 6.16.1
11:47:00.186 [TestNG-test=demoqa_base_page_tests-1] INFO  c.c.s.webdriver.WebDriverFactory - Selenium WebDriver v. 4.10.0 build revision: c14d967899
11:47:00.187 [TestNG-test=demoqa_base_page_tests-1] INFO  c.c.s.d.CreateDriverCommand - Created webdriver in thread 16: FirefoxDriver -> FirefoxDriver: firefox on windows (eef48b44-15eb-4fd9-afcf-96038e8a3d29)
11:47:00.191 [TestNG-test=demoqa_base_page_tests-1] INFO  c.c.s.d.DisposablesRegistry - Register WebDriverInstance[config=StaticConfig,webDriver=FirefoxDriver: firefox on windows (eef48b44-15eb-4fd9-afcf-96038e8a3d29),proxy=null,downloadsFolder=C:\ProgramData\Jenkins\.jenkins\workspace\QAFramework\build\downloads\1692694014985_15340_16] in 16 [size=1]
11:47:00.191 [TestNG-test=demoqa_base_page_tests-1] INFO  c.c.s.d.DisposablesRegistry - Add shutdown hook in 16 [size=1]
11:47:01.684 [TestNG-test=demoqa_base_page_tests-1] INFO  demoqa.positive_tests.BaseTest - https://demoqa.com/is opened
11:47:02.494 [TestNG-test=demoqa_base_page_tests-1] INFO  demoqa.positive_tests.BaseTest - test param: Elements
11:47:03.116 [TestNG-test=demoqa_base_page_tests-1] INFO  demoqa.positive_tests.BaseTest - test param: Forms
11:47:03.441 [TestNG-test=demoqa_base_page_tests-1] INFO  demoqa.positive_tests.BaseTest - test param: Alerts, Frame & Windows
11:47:03.778 [TestNG-test=demoqa_base_page_tests-1] INFO  demoqa.positive_tests.BaseTest - test param: Widgets
11:47:04.104 [TestNG-test=demoqa_base_page_tests-1] INFO  demoqa.positive_tests.BaseTest - test param: Interactions
11:47:04.153 [Thread-5] INFO  c.c.s.d.DisposablesRegistry - Run cleanup: size=1
11:47:04.155 [Thread-5] INFO  c.codeborne.selenide.impl.FileHelper - Deleted empty folder: C:\ProgramData\Jenkins\.jenkins\workspace\QAFramework\build\downloads\1692694014985_15340_16
11:47:04.155 [Thread-5] INFO  c.c.s.d.CloseDriverCommand - Close webdriver: 27 -> FirefoxDriver: firefox on windows (eef48b44-15eb-4fd9-afcf-96038e8a3d29)...
11:47:04.157 [Thread-5] INFO  c.c.s.w.SelenideNettyClientFactory - Changed readTimeout from PT3M to PT1M30S
11:47:04.164 [Dead threads watchdog] INFO  c.c.s.impl.DeadThreadsWatchdog - Thread 16 is dead. Let's close its webdriver FirefoxDriver: firefox on windows (eef48b44-15eb-4fd9-afcf-96038e8a3d29).
11:47:04.165 [Dead threads watchdog] INFO  c.c.s.d.CloseDriverCommand - Close webdriver: 28 -> FirefoxDriver: firefox on windows (eef48b44-15eb-4fd9-afcf-96038e8a3d29)...
11:47:04.168 [Dead threads watchdog] INFO  c.c.s.w.SelenideNettyClientFactory - Changed readTimeout from PT3M to PT1M30S
11:47:05.099 [Dead threads watchdog] ERROR c.c.s.d.CloseDriverCommand - Cannot close browser: WebDriverException: Timed out waiting for driver server to stop.
11:47:05.099 [Dead threads watchdog] INFO  c.c.s.d.CloseDriverCommand - Closed webdriver 28 in 934 ms
11:47:05.099 [Dead threads watchdog] INFO  c.c.s.d.DisposablesRegistry - Unregister WebDriverInstance[config=StaticConfig,webDriver=FirefoxDriver: firefox on windows (null),proxy=null,downloadsFolder=C:\ProgramData\Jenkins\.jenkins\workspace\QAFramework\build\downloads\1692694014985_15340_16] in 28 [size=0]
11:47:05.106 [Thread-5] INFO  c.c.s.d.CloseDriverCommand - Closed webdriver 27 in 951 ms
11:47:05.106 [Thread-5] INFO  c.c.s.d.DisposablesRegistry - Finished cleanup
12:01:27.576 [Test worker] WARN  org.testng.internal.Configuration - Detected a static method [demoqa.positive_tests.BaseTest.setUp()]. Static configuration methods can cause  unexpected behavior.
12:01:27.810 [Test worker] WARN  org.testng.internal.Configuration - Detected a static method [demoqa.positive_tests.BaseTest.setUp()]. Static configuration methods can cause  unexpected behavior.
12:01:27.969 [Test worker] INFO  demoqa.positive_tests.BaseTest - Set Up: browser size- 1920x1080
12:01:27.973 [Test worker] INFO  demoqa.positive_tests.BaseTest - Set Up: timeout- 4000
12:01:27.974 [Test worker] INFO  demoqa.positive_tests.BaseTest - Set Up: browser- firefox
12:01:28.057 [TestNG-test=demoqa_base_page_tests-1] INFO  c.c.s.i.WebDriverThreadLocalContainer - No webdriver is bound to current thread: 16 - let's create a new webdriver
12:01:28.099 [TestNG-test=demoqa_base_page_tests-1] INFO  c.codeborne.selenide.impl.FileHelper - Creating folder: C:\ProgramData\Jenkins\.jenkins\workspace\QAFramework\build\downloads\1692694888084_15620_16
12:01:28.694 [TestNG-test=demoqa_base_page_tests-1] INFO  i.g.bonigarcia.wdm.WebDriverManager - Using geckodriver 0.33.0 (resolved driver for Firefox 116)
12:01:28.741 [TestNG-test=demoqa_base_page_tests-1] INFO  i.g.bonigarcia.wdm.WebDriverManager - Exporting webdriver.gecko.driver as C:\Windows\system32\config\systemprofile\.cache\selenium\geckodriver\win64\0.33.0\geckodriver.exe
12:01:29.062 [TestNG-test=demoqa_base_page_tests-1] INFO  c.c.s.w.SelenideNettyClientFactory - Changed readTimeout from PT3M to PT1M30S
12:01:32.858 [TestNG-test=demoqa_base_page_tests-1] INFO  c.c.s.w.SelenideNettyClientFactory - Changed readTimeout from PT3M to PT1M30S
12:01:32.931 [TestNG-test=demoqa_base_page_tests-1] INFO  c.c.s.webdriver.BrowserResizer - Set browser size to 1920x1080
12:01:33.241 [TestNG-test=demoqa_base_page_tests-1] INFO  c.c.s.webdriver.WebDriverFactory - BrowserName=firefox Version=116.0.3 Platform=windows
12:01:33.242 [TestNG-test=demoqa_base_page_tests-1] INFO  c.c.s.webdriver.WebDriverFactory - Selenide v. 6.16.1
12:01:33.242 [TestNG-test=demoqa_base_page_tests-1] INFO  c.c.s.webdriver.WebDriverFactory - Selenium WebDriver v. 4.10.0 build revision: c14d967899
12:01:33.242 [TestNG-test=demoqa_base_page_tests-1] INFO  c.c.s.d.CreateDriverCommand - Created webdriver in thread 16: FirefoxDriver -> FirefoxDriver: firefox on windows (6c288ebf-53fa-4647-bc4a-72446aee3c78)
12:01:33.247 [TestNG-test=demoqa_base_page_tests-1] INFO  c.c.s.d.DisposablesRegistry - Register WebDriverInstance[config=StaticConfig,webDriver=FirefoxDriver: firefox on windows (6c288ebf-53fa-4647-bc4a-72446aee3c78),proxy=null,downloadsFolder=C:\ProgramData\Jenkins\.jenkins\workspace\QAFramework\build\downloads\1692694888084_15620_16] in 16 [size=1]
12:01:33.247 [TestNG-test=demoqa_base_page_tests-1] INFO  c.c.s.d.DisposablesRegistry - Add shutdown hook in 16 [size=1]
12:01:34.814 [TestNG-test=demoqa_base_page_tests-1] INFO  demoqa.positive_tests.BaseTest - https://demoqa.com/is opened
12:01:35.688 [TestNG-test=demoqa_base_page_tests-1] INFO  demoqa.positive_tests.BaseTest - test param: Elements
12:01:36.197 [TestNG-test=demoqa_base_page_tests-1] INFO  demoqa.positive_tests.BaseTest - test param: Forms
12:01:36.541 [TestNG-test=demoqa_base_page_tests-1] INFO  demoqa.positive_tests.BaseTest - test param: Alerts, Frame & Windows
12:01:36.878 [TestNG-test=demoqa_base_page_tests-1] INFO  demoqa.positive_tests.BaseTest - test param: Widgets
12:01:37.224 [TestNG-test=demoqa_base_page_tests-1] INFO  demoqa.positive_tests.BaseTest - test param: Interactions
12:01:37.274 [Thread-5] INFO  c.c.s.d.DisposablesRegistry - Run cleanup: size=1
12:01:37.276 [Thread-5] INFO  c.codeborne.selenide.impl.FileHelper - Deleted empty folder: C:\ProgramData\Jenkins\.jenkins\workspace\QAFramework\build\downloads\1692694888084_15620_16
12:01:37.278 [Thread-5] INFO  c.c.s.d.CloseDriverCommand - Close webdriver: 27 -> FirefoxDriver: firefox on windows (6c288ebf-53fa-4647-bc4a-72446aee3c78)...
12:01:37.280 [Thread-5] INFO  c.c.s.w.SelenideNettyClientFactory - Changed readTimeout from PT3M to PT1M30S
12:01:37.299 [Dead threads watchdog] INFO  c.c.s.impl.DeadThreadsWatchdog - Thread 16 is dead. Let's close its webdriver FirefoxDriver: firefox on windows (6c288ebf-53fa-4647-bc4a-72446aee3c78).
12:01:37.300 [Dead threads watchdog] INFO  c.c.s.d.CloseDriverCommand - Close webdriver: 28 -> FirefoxDriver: firefox on windows (6c288ebf-53fa-4647-bc4a-72446aee3c78)...
12:01:37.303 [Dead threads watchdog] INFO  c.c.s.w.SelenideNettyClientFactory - Changed readTimeout from PT3M to PT1M30S
12:01:38.324 [Thread-5] INFO  c.c.s.d.CloseDriverCommand - Closed webdriver 27 in 1046 ms
12:01:38.324 [Thread-5] INFO  c.c.s.d.DisposablesRegistry - Finished cleanup
12:09:17.495 [Test worker] WARN  org.testng.internal.Configuration - Detected a static method [demoqa.positive_tests.BaseTest.setUp()]. Static configuration methods can cause  unexpected behavior.
12:09:17.699 [Test worker] WARN  org.testng.internal.Configuration - Detected a static method [demoqa.positive_tests.BaseTest.setUp()]. Static configuration methods can cause  unexpected behavior.
12:09:17.782 [Test worker] INFO  demoqa.positive_tests.BaseTest - Set Up: browser size- 1920x1080
12:09:17.785 [Test worker] INFO  demoqa.positive_tests.BaseTest - Set Up: timeout- 4000
12:09:17.786 [Test worker] INFO  demoqa.positive_tests.BaseTest - Set Up: browser- firefox
12:09:17.858 [TestNG-test=demoqa_base_page_tests-1] INFO  c.c.s.i.WebDriverThreadLocalContainer - No webdriver is bound to current thread: 16 - let's create a new webdriver
12:09:17.903 [TestNG-test=demoqa_base_page_tests-1] INFO  c.codeborne.selenide.impl.FileHelper - Creating folder: F:\###JAVA_PROJECT###\Testing\QAFramework_0.0.1\build\downloads\1692781757888_5260_16
12:09:19.178 [TestNG-test=demoqa_base_page_tests-1] INFO  i.g.bonigarcia.wdm.WebDriverManager - Using geckodriver 0.33.0 (resolved driver for Firefox 116)
12:09:19.221 [TestNG-test=demoqa_base_page_tests-1] INFO  i.g.bonigarcia.wdm.WebDriverManager - Exporting webdriver.gecko.driver as C:\Users\Antibiotik\.cache\selenium\geckodriver\win64\0.33.0\geckodriver.exe
12:09:19.471 [TestNG-test=demoqa_base_page_tests-1] INFO  c.c.s.w.SelenideNettyClientFactory - Changed readTimeout from PT3M to PT1M30S
12:09:24.164 [TestNG-test=demoqa_base_page_tests-1] INFO  c.c.s.w.SelenideNettyClientFactory - Changed readTimeout from PT3M to PT1M30S
12:09:24.206 [TestNG-test=demoqa_base_page_tests-1] INFO  c.c.s.webdriver.BrowserResizer - Set browser size to 1920x1080
12:09:24.280 [TestNG-test=demoqa_base_page_tests-1] INFO  c.c.s.webdriver.WebDriverFactory - BrowserName=firefox Version=116.0.3 Platform=windows
12:09:24.281 [TestNG-test=demoqa_base_page_tests-1] INFO  c.c.s.webdriver.WebDriverFactory - Selenide v. 6.16.1
12:09:24.281 [TestNG-test=demoqa_base_page_tests-1] INFO  c.c.s.webdriver.WebDriverFactory - Selenium WebDriver v. 4.10.0 build revision: c14d967899
12:09:24.281 [TestNG-test=demoqa_base_page_tests-1] INFO  c.c.s.d.CreateDriverCommand - Created webdriver in thread 16: FirefoxDriver -> FirefoxDriver: firefox on windows (0ccdd95b-0162-47fd-93fe-2d757edc5eb5)
12:09:24.287 [TestNG-test=demoqa_base_page_tests-1] INFO  c.c.s.d.DisposablesRegistry - Register WebDriverInstance[config=StaticConfig,webDriver=FirefoxDriver: firefox on windows (0ccdd95b-0162-47fd-93fe-2d757edc5eb5),proxy=null,downloadsFolder=F:\###JAVA_PROJECT###\Testing\QAFramework_0.0.1\build\downloads\1692781757888_5260_16] in 16 [size=1]
12:09:24.287 [TestNG-test=demoqa_base_page_tests-1] INFO  c.c.s.d.DisposablesRegistry - Add shutdown hook in 16 [size=1]
12:09:26.138 [TestNG-test=demoqa_base_page_tests-1] INFO  demoqa.positive_tests.BaseTest - https://demoqa.com/is opened
12:09:27.003 [TestNG-test=demoqa_base_page_tests-1] INFO  demoqa.positive_tests.BaseTest - test param: Elements
12:09:27.631 [TestNG-test=demoqa_base_page_tests-1] INFO  demoqa.positive_tests.BaseTest - test param: Forms
12:09:27.994 [TestNG-test=demoqa_base_page_tests-1] INFO  demoqa.positive_tests.BaseTest - test param: Alerts, Frame & Windows
12:09:28.353 [TestNG-test=demoqa_base_page_tests-1] INFO  demoqa.positive_tests.BaseTest - test param: Widgets
12:09:28.716 [TestNG-test=demoqa_base_page_tests-1] INFO  demoqa.positive_tests.BaseTest - test param: Interactions
12:09:28.774 [Thread-5] INFO  c.c.s.d.DisposablesRegistry - Run cleanup: size=1
12:09:28.777 [Thread-5] INFO  c.codeborne.selenide.impl.FileHelper - Deleted empty folder: F:\###JAVA_PROJECT###\Testing\QAFramework_0.0.1\build\downloads\1692781757888_5260_16
12:09:28.779 [Thread-5] INFO  c.c.s.d.CloseDriverCommand - Close webdriver: 27 -> FirefoxDriver: firefox on windows (0ccdd95b-0162-47fd-93fe-2d757edc5eb5)...
12:09:28.783 [Thread-5] INFO  c.c.s.w.SelenideNettyClientFactory - Changed readTimeout from PT3M to PT1M30S
12:09:28.804 [Dead threads watchdog] INFO  c.c.s.impl.DeadThreadsWatchdog - Thread 16 is dead. Let's close its webdriver FirefoxDriver: firefox on windows (0ccdd95b-0162-47fd-93fe-2d757edc5eb5).
12:09:28.806 [Dead threads watchdog] INFO  c.c.s.d.CloseDriverCommand - Close webdriver: 28 -> FirefoxDriver: firefox on windows (0ccdd95b-0162-47fd-93fe-2d757edc5eb5)...
12:09:28.809 [Dead threads watchdog] INFO  c.c.s.w.SelenideNettyClientFactory - Changed readTimeout from PT3M to PT1M30S
12:09:30.296 [Thread-5] INFO  c.c.s.d.CloseDriverCommand - Closed webdriver 27 in 1517 ms
12:09:30.297 [Thread-5] INFO  c.c.s.d.DisposablesRegistry - Finished cleanup
12:10:22.361 [Test worker] WARN  org.testng.internal.Configuration - Detected a static method [demoqa.positive_tests.BaseTest.setUp()]. Static configuration methods can cause  unexpected behavior.
12:10:22.668 [Test worker] WARN  org.testng.internal.Configuration - Detected a static method [demoqa.positive_tests.BaseTest.setUp()]. Static configuration methods can cause  unexpected behavior.
12:10:22.753 [Test worker] INFO  demoqa.positive_tests.BaseTest - Set Up: browser size- 1920x1080
12:10:22.758 [Test worker] INFO  demoqa.positive_tests.BaseTest - Set Up: timeout- 4000
12:10:22.759 [Test worker] INFO  demoqa.positive_tests.BaseTest - Set Up: browser- firefox
12:10:22.825 [TestNG-test=demoqa_base_page_tests-1] INFO  c.c.s.i.WebDriverThreadLocalContainer - No webdriver is bound to current thread: 16 - let's create a new webdriver
12:10:22.871 [TestNG-test=demoqa_base_page_tests-1] INFO  c.codeborne.selenide.impl.FileHelper - Creating folder: F:\###JAVA_PROJECT###\Testing\QAFramework_0.0.1\build\downloads\1692781822852_16564_16
12:10:24.166 [TestNG-test=demoqa_base_page_tests-1] INFO  i.g.bonigarcia.wdm.WebDriverManager - Using geckodriver 0.33.0 (resolved driver for Firefox 116)
12:10:24.206 [TestNG-test=demoqa_base_page_tests-1] INFO  i.g.bonigarcia.wdm.WebDriverManager - Exporting webdriver.gecko.driver as C:\Windows\system32\config\systemprofile\.cache\selenium\geckodriver\win64\0.33.0\geckodriver.exe
12:10:24.482 [TestNG-test=demoqa_base_page_tests-1] INFO  c.c.s.w.SelenideNettyClientFactory - Changed readTimeout from PT3M to PT1M30S
12:10:28.157 [TestNG-test=demoqa_base_page_tests-1] INFO  c.c.s.w.SelenideNettyClientFactory - Changed readTimeout from PT3M to PT1M30S
12:10:28.255 [TestNG-test=demoqa_base_page_tests-1] INFO  c.c.s.webdriver.BrowserResizer - Set browser size to 1920x1080
12:10:28.554 [TestNG-test=demoqa_base_page_tests-1] INFO  c.c.s.webdriver.WebDriverFactory - BrowserName=firefox Version=116.0.3 Platform=windows
12:10:28.554 [TestNG-test=demoqa_base_page_tests-1] INFO  c.c.s.webdriver.WebDriverFactory - Selenide v. 6.16.1
12:10:28.554 [TestNG-test=demoqa_base_page_tests-1] INFO  c.c.s.webdriver.WebDriverFactory - Selenium WebDriver v. 4.10.0 build revision: c14d967899
12:10:28.554 [TestNG-test=demoqa_base_page_tests-1] INFO  c.c.s.d.CreateDriverCommand - Created webdriver in thread 16: FirefoxDriver -> FirefoxDriver: firefox on windows (d8daaf80-1089-4432-b8c1-61eb7edf1980)
12:10:28.560 [TestNG-test=demoqa_base_page_tests-1] INFO  c.c.s.d.DisposablesRegistry - Register WebDriverInstance[config=StaticConfig,webDriver=FirefoxDriver: firefox on windows (d8daaf80-1089-4432-b8c1-61eb7edf1980),proxy=null,downloadsFolder=F:\###JAVA_PROJECT###\Testing\QAFramework_0.0.1\build\downloads\1692781822852_16564_16] in 16 [size=1]
12:10:28.561 [TestNG-test=demoqa_base_page_tests-1] INFO  c.c.s.d.DisposablesRegistry - Add shutdown hook in 16 [size=1]
12:10:30.898 [TestNG-test=demoqa_base_page_tests-1] INFO  demoqa.positive_tests.BaseTest - https://demoqa.com/is opened
12:10:31.677 [TestNG-test=demoqa_base_page_tests-1] INFO  demoqa.positive_tests.BaseTest - test param: Elements
12:10:32.211 [TestNG-test=demoqa_base_page_tests-1] INFO  demoqa.positive_tests.BaseTest - test param: Forms
12:10:32.604 [TestNG-test=demoqa_base_page_tests-1] INFO  demoqa.positive_tests.BaseTest - test param: Alerts, Frame & Windows
12:10:32.945 [TestNG-test=demoqa_base_page_tests-1] INFO  demoqa.positive_tests.BaseTest - test param: Widgets
12:10:33.286 [TestNG-test=demoqa_base_page_tests-1] INFO  demoqa.positive_tests.BaseTest - test param: Interactions
12:10:33.317 [Dead threads watchdog] INFO  c.c.s.impl.DeadThreadsWatchdog - Thread 16 is dead. Let's close its webdriver FirefoxDriver: firefox on windows (d8daaf80-1089-4432-b8c1-61eb7edf1980).
12:10:33.318 [Dead threads watchdog] INFO  c.codeborne.selenide.impl.FileHelper - Deleted empty folder: F:\###JAVA_PROJECT###\Testing\QAFramework_0.0.1\build\downloads\1692781822852_16564_16
12:10:33.318 [Dead threads watchdog] INFO  c.c.s.d.CloseDriverCommand - Close webdriver: 28 -> FirefoxDriver: firefox on windows (d8daaf80-1089-4432-b8c1-61eb7edf1980)...
12:10:33.320 [Dead threads watchdog] INFO  c.c.s.w.SelenideNettyClientFactory - Changed readTimeout from PT3M to PT1M30S
12:10:33.343 [Thread-5] INFO  c.c.s.d.DisposablesRegistry - Run cleanup: size=1
12:10:33.345 [Thread-5] INFO  c.c.s.d.CloseDriverCommand - Close webdriver: 27 -> FirefoxDriver: firefox on windows (d8daaf80-1089-4432-b8c1-61eb7edf1980)...
12:10:33.350 [Thread-5] INFO  c.c.s.w.SelenideNettyClientFactory - Changed readTimeout from PT3M to PT1M30S
12:10:34.498 [Thread-5] ERROR c.c.s.d.CloseDriverCommand - Cannot close browser: WebDriverException: Timed out waiting for driver server to stop.
12:10:34.498 [Thread-5] INFO  c.c.s.d.CloseDriverCommand - Closed webdriver 27 in 1153 ms
12:10:34.499 [Thread-5] INFO  c.c.s.d.DisposablesRegistry - Finished cleanup
12:18:44.228 [Test worker] WARN  org.testng.internal.Configuration - Detected a static method [demoqa.positive_tests.BaseTest.setUp()]. Static configuration methods can cause  unexpected behavior.
12:18:44.719 [Test worker] WARN  org.testng.internal.Configuration - Detected a static method [demoqa.positive_tests.BaseTest.setUp()]. Static configuration methods can cause  unexpected behavior.
12:18:44.912 [Test worker] INFO  demoqa.positive_tests.BaseTest - Set Up: browser size- 1920x1080
12:18:44.930 [Test worker] INFO  demoqa.positive_tests.BaseTest - Set Up: timeout- 4000
12:18:44.931 [Test worker] INFO  demoqa.positive_tests.BaseTest - Set Up: browser- firefox
12:18:45.080 [TestNG-test=demoqa_base_page_tests-1] INFO  c.c.s.i.WebDriverThreadLocalContainer - No webdriver is bound to current thread: 16 - let's create a new webdriver
12:18:45.185 [TestNG-test=demoqa_base_page_tests-1] INFO  c.codeborne.selenide.impl.FileHelper - Creating folder: F:\###JAVA_PROJECT###\Testing\QAFramework_0.0.1\build\downloads\1692782325150_5652_16
12:18:46.468 [TestNG-test=demoqa_base_page_tests-1] INFO  i.g.bonigarcia.wdm.WebDriverManager - Using geckodriver 0.33.0 (resolved driver for Firefox 116)
12:18:46.585 [TestNG-test=demoqa_base_page_tests-1] INFO  i.g.bonigarcia.wdm.WebDriverManager - Exporting webdriver.gecko.driver as C:\Windows\system32\config\systemprofile\.cache\selenium\geckodriver\win64\0.33.0\geckodriver.exe
12:18:47.347 [TestNG-test=demoqa_base_page_tests-1] INFO  c.c.s.w.SelenideNettyClientFactory - Changed readTimeout from PT3M to PT1M30S
12:18:54.290 [TestNG-test=demoqa_base_page_tests-1] INFO  c.c.s.w.SelenideNettyClientFactory - Changed readTimeout from PT3M to PT1M30S
12:18:54.435 [TestNG-test=demoqa_base_page_tests-1] INFO  c.c.s.webdriver.BrowserResizer - Set browser size to 1920x1080
12:18:54.759 [TestNG-test=demoqa_base_page_tests-1] INFO  c.c.s.webdriver.WebDriverFactory - BrowserName=firefox Version=116.0.3 Platform=windows
12:18:54.759 [TestNG-test=demoqa_base_page_tests-1] INFO  c.c.s.webdriver.WebDriverFactory - Selenide v. 6.16.1
12:18:54.760 [TestNG-test=demoqa_base_page_tests-1] INFO  c.c.s.webdriver.WebDriverFactory - Selenium WebDriver v. 4.10.0 build revision: c14d967899
12:18:54.760 [TestNG-test=demoqa_base_page_tests-1] INFO  c.c.s.d.CreateDriverCommand - Created webdriver in thread 16: FirefoxDriver -> FirefoxDriver: firefox on windows (e55da540-04ca-4d6b-ab16-986fd49da163)
12:18:54.770 [TestNG-test=demoqa_base_page_tests-1] INFO  c.c.s.d.DisposablesRegistry - Register WebDriverInstance[config=StaticConfig,webDriver=FirefoxDriver: firefox on windows (e55da540-04ca-4d6b-ab16-986fd49da163),proxy=null,downloadsFolder=F:\###JAVA_PROJECT###\Testing\QAFramework_0.0.1\build\downloads\1692782325150_5652_16] in 16 [size=1]
12:18:54.770 [TestNG-test=demoqa_base_page_tests-1] INFO  c.c.s.d.DisposablesRegistry - Add shutdown hook in 16 [size=1]
12:18:56.911 [TestNG-test=demoqa_base_page_tests-1] INFO  demoqa.positive_tests.BaseTest - https://demoqa.com/is opened
12:18:58.197 [TestNG-test=demoqa_base_page_tests-1] INFO  demoqa.positive_tests.BaseTest - test param: Elements
12:18:58.899 [TestNG-test=demoqa_base_page_tests-1] INFO  demoqa.positive_tests.BaseTest - test param: Forms
12:18:59.341 [TestNG-test=demoqa_base_page_tests-1] INFO  demoqa.positive_tests.BaseTest - test param: Alerts, Frame & Windows
12:18:59.761 [TestNG-test=demoqa_base_page_tests-1] INFO  demoqa.positive_tests.BaseTest - test param: Widgets
12:19:00.185 [TestNG-test=demoqa_base_page_tests-1] INFO  demoqa.positive_tests.BaseTest - test param: Interactions
12:19:00.298 [Dead threads watchdog] INFO  c.c.s.impl.DeadThreadsWatchdog - Thread 16 is dead. Let's close its webdriver FirefoxDriver: firefox on windows (e55da540-04ca-4d6b-ab16-986fd49da163).
12:19:00.302 [Dead threads watchdog] INFO  c.codeborne.selenide.impl.FileHelper - Deleted empty folder: F:\###JAVA_PROJECT###\Testing\QAFramework_0.0.1\build\downloads\1692782325150_5652_16
12:19:00.313 [Dead threads watchdog] INFO  c.c.s.d.CloseDriverCommand - Close webdriver: 28 -> FirefoxDriver: firefox on windows (e55da540-04ca-4d6b-ab16-986fd49da163)...
12:19:00.315 [Dead threads watchdog] INFO  c.c.s.w.SelenideNettyClientFactory - Changed readTimeout from PT3M to PT1M30S
12:19:00.334 [Thread-5] INFO  c.c.s.d.DisposablesRegistry - Run cleanup: size=1
12:19:00.335 [Thread-5] INFO  c.c.s.d.CloseDriverCommand - Close webdriver: 27 -> FirefoxDriver: firefox on windows (e55da540-04ca-4d6b-ab16-986fd49da163)...
12:19:00.348 [Thread-5] INFO  c.c.s.w.SelenideNettyClientFactory - Changed readTimeout from PT3M to PT1M30S
12:19:02.491 [Thread-5] INFO  c.c.s.d.CloseDriverCommand - Closed webdriver 27 in 2156 ms
12:19:02.493 [Thread-5] INFO  c.c.s.d.DisposablesRegistry - Finished cleanup
12:40:58.583 [Test worker] WARN  org.testng.internal.Configuration - Detected a static method [demoqa.positive_tests.BaseTest.setUp()]. Static configuration methods can cause  unexpected behavior.
12:40:58.765 [Test worker] WARN  org.testng.internal.Configuration - Detected a static method [demoqa.positive_tests.BaseTest.setUp()]. Static configuration methods can cause  unexpected behavior.
12:40:58.850 [Test worker] INFO  demoqa.positive_tests.BaseTest - Set Up: browser size- 1920x1080
12:40:58.852 [Test worker] INFO  demoqa.positive_tests.BaseTest - Set Up: timeout- 4000
12:40:58.853 [Test worker] INFO  demoqa.positive_tests.BaseTest - Set Up: browser- firefox
12:40:58.924 [TestNG-test=demoqa_base_page_tests-1] INFO  c.c.s.i.WebDriverThreadLocalContainer - No webdriver is bound to current thread: 16 - let's create a new webdriver
12:40:58.968 [TestNG-test=demoqa_base_page_tests-1] INFO  c.codeborne.selenide.impl.FileHelper - Creating folder: F:\###JAVA_PROJECT###\Testing\QAFramework_0.0.1\build\downloads\1692783658952_11320_16
12:40:59.524 [TestNG-test=demoqa_base_page_tests-1] INFO  i.g.bonigarcia.wdm.WebDriverManager - Using geckodriver 0.33.0 (resolved driver for Firefox 116)
12:40:59.564 [TestNG-test=demoqa_base_page_tests-1] INFO  i.g.bonigarcia.wdm.WebDriverManager - Exporting webdriver.gecko.driver as C:\Windows\system32\config\systemprofile\.cache\selenium\geckodriver\win64\0.33.0\geckodriver.exe
12:40:59.860 [TestNG-test=demoqa_base_page_tests-1] INFO  c.c.s.w.SelenideNettyClientFactory - Changed readTimeout from PT3M to PT1M30S
12:41:03.462 [TestNG-test=demoqa_base_page_tests-1] INFO  c.c.s.w.SelenideNettyClientFactory - Changed readTimeout from PT3M to PT1M30S
12:41:03.484 [TestNG-test=demoqa_base_page_tests-1] INFO  c.c.s.webdriver.BrowserResizer - Set browser size to 1920x1080
12:41:03.799 [TestNG-test=demoqa_base_page_tests-1] INFO  c.c.s.webdriver.WebDriverFactory - BrowserName=firefox Version=116.0.3 Platform=windows
12:41:03.800 [TestNG-test=demoqa_base_page_tests-1] INFO  c.c.s.webdriver.WebDriverFactory - Selenide v. 6.16.1
12:41:03.800 [TestNG-test=demoqa_base_page_tests-1] INFO  c.c.s.webdriver.WebDriverFactory - Selenium WebDriver v. 4.10.0 build revision: c14d967899
12:41:03.800 [TestNG-test=demoqa_base_page_tests-1] INFO  c.c.s.d.CreateDriverCommand - Created webdriver in thread 16: FirefoxDriver -> FirefoxDriver: firefox on windows (b123c783-b109-4599-ad46-89d666a96a6c)
12:41:03.804 [TestNG-test=demoqa_base_page_tests-1] INFO  c.c.s.d.DisposablesRegistry - Register WebDriverInstance[config=StaticConfig,webDriver=FirefoxDriver: firefox on windows (b123c783-b109-4599-ad46-89d666a96a6c),proxy=null,downloadsFolder=F:\###JAVA_PROJECT###\Testing\QAFramework_0.0.1\build\downloads\1692783658952_11320_16] in 16 [size=1]
12:41:03.804 [TestNG-test=demoqa_base_page_tests-1] INFO  c.c.s.d.DisposablesRegistry - Add shutdown hook in 16 [size=1]
12:41:05.299 [TestNG-test=demoqa_base_page_tests-1] INFO  demoqa.positive_tests.BaseTest - https://demoqa.com/is opened
12:41:06.131 [TestNG-test=demoqa_base_page_tests-1] INFO  demoqa.positive_tests.BaseTest - test param: Elements
12:41:06.764 [TestNG-test=demoqa_base_page_tests-1] INFO  demoqa.positive_tests.BaseTest - test param: Forms
12:41:07.161 [TestNG-test=demoqa_base_page_tests-1] INFO  demoqa.positive_tests.BaseTest - test param: Alerts, Frame & Windows
12:41:07.503 [TestNG-test=demoqa_base_page_tests-1] INFO  demoqa.positive_tests.BaseTest - test param: Widgets
12:41:07.851 [TestNG-test=demoqa_base_page_tests-1] INFO  demoqa.positive_tests.BaseTest - test param: Interactions
12:41:07.891 [Dead threads watchdog] INFO  c.c.s.impl.DeadThreadsWatchdog - Thread 16 is dead. Let's close its webdriver FirefoxDriver: firefox on windows (b123c783-b109-4599-ad46-89d666a96a6c).
12:41:07.892 [Dead threads watchdog] INFO  c.codeborne.selenide.impl.FileHelper - Deleted empty folder: F:\###JAVA_PROJECT###\Testing\QAFramework_0.0.1\build\downloads\1692783658952_11320_16
12:41:07.893 [Dead threads watchdog] INFO  c.c.s.d.CloseDriverCommand - Close webdriver: 28 -> FirefoxDriver: firefox on windows (b123c783-b109-4599-ad46-89d666a96a6c)...
12:41:07.895 [Dead threads watchdog] INFO  c.c.s.w.SelenideNettyClientFactory - Changed readTimeout from PT3M to PT1M30S
12:41:07.906 [Thread-5] INFO  c.c.s.d.DisposablesRegistry - Run cleanup: size=1
12:41:07.907 [Thread-5] INFO  c.c.s.d.CloseDriverCommand - Close webdriver: 27 -> FirefoxDriver: firefox on windows (b123c783-b109-4599-ad46-89d666a96a6c)...
12:41:07.908 [Thread-5] INFO  c.c.s.w.SelenideNettyClientFactory - Changed readTimeout from PT3M to PT1M30S
12:41:09.072 [Thread-5] INFO  c.c.s.d.CloseDriverCommand - Closed webdriver 27 in 1165 ms
12:41:09.072 [Thread-5] INFO  c.c.s.d.DisposablesRegistry - Finished cleanup
12:30:07.100 [Test worker] WARN  org.testng.internal.Configuration - Detected a static method [demoqa.positive_tests.BaseTest.setUp()]. Static configuration methods can cause  unexpected behavior.
12:30:07.297 [Test worker] WARN  org.testng.internal.Configuration - Detected a static method [demoqa.positive_tests.BaseTest.setUp()]. Static configuration methods can cause  unexpected behavior.
12:30:07.377 [Test worker] INFO  demoqa.positive_tests.BaseTest - Set Up: browser size- 1920x1080
12:30:07.379 [Test worker] INFO  demoqa.positive_tests.BaseTest - Set Up: timeout- 4000
12:30:07.380 [Test worker] INFO  demoqa.positive_tests.BaseTest - Set Up: browser- firefox
12:30:07.448 [TestNG-test=demoqa_base_page_tests-1] INFO  c.c.s.i.WebDriverThreadLocalContainer - No webdriver is bound to current thread: 16 - let's create a new webdriver
12:30:07.493 [TestNG-test=demoqa_base_page_tests-1] INFO  c.codeborne.selenide.impl.FileHelper - Creating folder: F:\###JAVA_PROJECT###\Testing\QAFramework_0.0.1\build\downloads\1692869407477_16268_16
12:30:08.823 [TestNG-test=demoqa_base_page_tests-1] INFO  i.g.bonigarcia.wdm.WebDriverManager - Using geckodriver 0.33.0 (resolved driver for Firefox 116)
12:30:08.864 [TestNG-test=demoqa_base_page_tests-1] INFO  i.g.bonigarcia.wdm.WebDriverManager - Exporting webdriver.gecko.driver as C:\Users\Antibiotik\.cache\selenium\geckodriver\win64\0.33.0\geckodriver.exe
12:30:09.108 [TestNG-test=demoqa_base_page_tests-1] INFO  c.c.s.w.SelenideNettyClientFactory - Changed readTimeout from PT3M to PT1M30S
12:30:13.456 [TestNG-test=demoqa_base_page_tests-1] INFO  c.c.s.w.SelenideNettyClientFactory - Changed readTimeout from PT3M to PT1M30S
12:30:13.476 [TestNG-test=demoqa_base_page_tests-1] INFO  c.c.s.webdriver.BrowserResizer - Set browser size to 1920x1080
12:30:13.536 [TestNG-test=demoqa_base_page_tests-1] INFO  c.c.s.webdriver.WebDriverFactory - BrowserName=firefox Version=116.0.3 Platform=windows
12:30:13.537 [TestNG-test=demoqa_base_page_tests-1] INFO  c.c.s.webdriver.WebDriverFactory - Selenide v. 6.16.1
12:30:13.538 [TestNG-test=demoqa_base_page_tests-1] INFO  c.c.s.webdriver.WebDriverFactory - Selenium WebDriver v. 4.10.0 build revision: c14d967899
12:30:13.539 [TestNG-test=demoqa_base_page_tests-1] INFO  c.c.s.d.CreateDriverCommand - Created webdriver in thread 16: FirefoxDriver -> FirefoxDriver: firefox on windows (cb9acb49-246f-4d3b-a2fe-22acc6f9ce2d)
12:30:13.543 [TestNG-test=demoqa_base_page_tests-1] INFO  c.c.s.d.DisposablesRegistry - Register WebDriverInstance[config=StaticConfig,webDriver=FirefoxDriver: firefox on windows (cb9acb49-246f-4d3b-a2fe-22acc6f9ce2d),proxy=null,downloadsFolder=F:\###JAVA_PROJECT###\Testing\QAFramework_0.0.1\build\downloads\1692869407477_16268_16] in 16 [size=1]
12:30:13.545 [TestNG-test=demoqa_base_page_tests-1] INFO  c.c.s.d.DisposablesRegistry - Add shutdown hook in 16 [size=1]
12:30:15.156 [TestNG-test=demoqa_base_page_tests-1] INFO  demoqa.positive_tests.BaseTest - https://demoqa.com/is opened
12:30:16.316 [TestNG-test=demoqa_base_page_tests-1] INFO  demoqa.positive_tests.BaseTest - test param: Elements
12:30:16.811 [TestNG-test=demoqa_base_page_tests-1] INFO  demoqa.positive_tests.BaseTest - test param: Forms
12:30:17.177 [TestNG-test=demoqa_base_page_tests-1] INFO  demoqa.positive_tests.BaseTest - test param: Alerts, Frame & Windows
12:30:17.539 [TestNG-test=demoqa_base_page_tests-1] INFO  demoqa.positive_tests.BaseTest - test param: Widgets
12:30:18.033 [TestNG-test=demoqa_base_page_tests-1] INFO  demoqa.positive_tests.BaseTest - test param: Interactions
12:30:18.075 [Dead threads watchdog] INFO  c.c.s.impl.DeadThreadsWatchdog - Thread 16 is dead. Let's close its webdriver FirefoxDriver: firefox on windows (cb9acb49-246f-4d3b-a2fe-22acc6f9ce2d).
12:30:18.076 [Dead threads watchdog] INFO  c.codeborne.selenide.impl.FileHelper - Deleted empty folder: F:\###JAVA_PROJECT###\Testing\QAFramework_0.0.1\build\downloads\1692869407477_16268_16
12:30:18.077 [Dead threads watchdog] INFO  c.c.s.d.CloseDriverCommand - Close webdriver: 28 -> FirefoxDriver: firefox on windows (cb9acb49-246f-4d3b-a2fe-22acc6f9ce2d)...
12:30:18.079 [Dead threads watchdog] INFO  c.c.s.w.SelenideNettyClientFactory - Changed readTimeout from PT3M to PT1M30S
12:30:18.087 [Thread-5] INFO  c.c.s.d.DisposablesRegistry - Run cleanup: size=1
12:30:18.089 [Thread-5] INFO  c.c.s.d.CloseDriverCommand - Close webdriver: 27 -> FirefoxDriver: firefox on windows (cb9acb49-246f-4d3b-a2fe-22acc6f9ce2d)...
12:30:18.091 [Thread-5] INFO  c.c.s.w.SelenideNettyClientFactory - Changed readTimeout from PT3M to PT1M30S
12:30:19.374 [Thread-5] INFO  c.c.s.d.CloseDriverCommand - Closed webdriver 27 in 1285 ms
12:30:19.374 [Thread-5] INFO  c.c.s.d.DisposablesRegistry - Finished cleanup
12:58:26.137 [Test worker] WARN  org.testng.internal.Configuration - Detected a static method [demoqa.positive_tests.BaseTest.setUp()]. Static configuration methods can cause  unexpected behavior.
12:58:26.333 [Test worker] WARN  org.testng.internal.Configuration - Detected a static method [demoqa.positive_tests.BaseTest.setUp()]. Static configuration methods can cause  unexpected behavior.
12:58:26.413 [Test worker] INFO  demoqa.positive_tests.BaseTest - Set Up: browser size- 1920x1080
12:58:26.416 [Test worker] INFO  demoqa.positive_tests.BaseTest - Set Up: timeout- 4000
12:58:26.416 [Test worker] INFO  demoqa.positive_tests.BaseTest - Set Up: browser- firefox
12:58:26.479 [TestNG-test=demoqa_base_page_tests-1] INFO  c.c.s.i.WebDriverThreadLocalContainer - No webdriver is bound to current thread: 16 - let's create a new webdriver
12:58:26.522 [TestNG-test=demoqa_base_page_tests-1] INFO  c.codeborne.selenide.impl.FileHelper - Creating folder: F:\###JAVA_PROJECT###\Testing\QAFramework_0.0.1\build\downloads\1692871106506_7432_16
12:58:27.018 [TestNG-test=demoqa_base_page_tests-1] INFO  i.g.bonigarcia.wdm.WebDriverManager - Using geckodriver 0.33.0 (resolved driver for Firefox 116)
12:58:27.062 [TestNG-test=demoqa_base_page_tests-1] INFO  i.g.bonigarcia.wdm.WebDriverManager - Exporting webdriver.gecko.driver as C:\Users\Antibiotik\.cache\selenium\geckodriver\win64\0.33.0\geckodriver.exe
12:58:27.331 [TestNG-test=demoqa_base_page_tests-1] INFO  c.c.s.w.SelenideNettyClientFactory - Changed readTimeout from PT3M to PT1M30S
12:58:31.703 [TestNG-test=demoqa_base_page_tests-1] INFO  c.c.s.w.SelenideNettyClientFactory - Changed readTimeout from PT3M to PT1M30S
12:58:31.739 [TestNG-test=demoqa_base_page_tests-1] INFO  c.c.s.webdriver.BrowserResizer - Set browser size to 1920x1080
12:58:31.795 [TestNG-test=demoqa_base_page_tests-1] INFO  c.c.s.webdriver.WebDriverFactory - BrowserName=firefox Version=116.0.3 Platform=windows
12:58:31.795 [TestNG-test=demoqa_base_page_tests-1] INFO  c.c.s.webdriver.WebDriverFactory - Selenide v. 6.16.1
12:58:31.795 [TestNG-test=demoqa_base_page_tests-1] INFO  c.c.s.webdriver.WebDriverFactory - Selenium WebDriver v. 4.10.0 build revision: c14d967899
12:58:31.796 [TestNG-test=demoqa_base_page_tests-1] INFO  c.c.s.d.CreateDriverCommand - Created webdriver in thread 16: FirefoxDriver -> FirefoxDriver: firefox on windows (62fc8d81-c6fe-4e5e-8b92-207cb580569e)
12:58:31.800 [TestNG-test=demoqa_base_page_tests-1] INFO  c.c.s.d.DisposablesRegistry - Register WebDriverInstance[config=StaticConfig,webDriver=FirefoxDriver: firefox on windows (62fc8d81-c6fe-4e5e-8b92-207cb580569e),proxy=null,downloadsFolder=F:\###JAVA_PROJECT###\Testing\QAFramework_0.0.1\build\downloads\1692871106506_7432_16] in 16 [size=1]
12:58:31.801 [TestNG-test=demoqa_base_page_tests-1] INFO  c.c.s.d.DisposablesRegistry - Add shutdown hook in 16 [size=1]
12:58:34.819 [TestNG-test=demoqa_base_page_tests-1] INFO  demoqa.positive_tests.BaseTest - https://demoqa.com/is opened
12:58:35.670 [TestNG-test=demoqa_base_page_tests-1] INFO  demoqa.positive_tests.BaseTest - test param: Elements
12:58:36.258 [TestNG-test=demoqa_base_page_tests-1] INFO  demoqa.positive_tests.BaseTest - test param: Forms
12:58:36.638 [TestNG-test=demoqa_base_page_tests-1] INFO  demoqa.positive_tests.BaseTest - test param: Alerts, Frame & Windows
12:58:36.995 [TestNG-test=demoqa_base_page_tests-1] INFO  demoqa.positive_tests.BaseTest - test param: Widgets
12:58:37.360 [TestNG-test=demoqa_base_page_tests-1] INFO  demoqa.positive_tests.BaseTest - test param: Interactions
12:58:37.448 [Dead threads watchdog] INFO  c.c.s.impl.DeadThreadsWatchdog - Thread 16 is dead. Let's close its webdriver FirefoxDriver: firefox on windows (62fc8d81-c6fe-4e5e-8b92-207cb580569e).
12:58:37.449 [Dead threads watchdog] INFO  c.codeborne.selenide.impl.FileHelper - Deleted empty folder: F:\###JAVA_PROJECT###\Testing\QAFramework_0.0.1\build\downloads\1692871106506_7432_16
12:58:37.449 [Dead threads watchdog] INFO  c.c.s.d.CloseDriverCommand - Close webdriver: 28 -> FirefoxDriver: firefox on windows (62fc8d81-c6fe-4e5e-8b92-207cb580569e)...
12:58:37.509 [Dead threads watchdog] INFO  c.c.s.w.SelenideNettyClientFactory - Changed readTimeout from PT3M to PT1M30S
12:58:37.523 [Thread-5] INFO  c.c.s.d.DisposablesRegistry - Run cleanup: size=1
12:58:37.524 [Thread-5] INFO  c.c.s.d.CloseDriverCommand - Close webdriver: 27 -> FirefoxDriver: firefox on windows (62fc8d81-c6fe-4e5e-8b92-207cb580569e)...
12:58:37.526 [Thread-5] INFO  c.c.s.w.SelenideNettyClientFactory - Changed readTimeout from PT3M to PT1M30S
12:58:38.902 [Thread-5] INFO  c.c.s.d.CloseDriverCommand - Closed webdriver 27 in 1378 ms
12:58:38.902 [Thread-5] INFO  c.c.s.d.DisposablesRegistry - Finished cleanup
12:59:08.111 [Test worker] WARN  org.testng.internal.Configuration - Detected a static method [demoqa.positive_tests.BaseTest.setUp()]. Static configuration methods can cause  unexpected behavior.
12:59:08.276 [Test worker] WARN  org.testng.internal.Configuration - Detected a static method [demoqa.positive_tests.BaseTest.setUp()]. Static configuration methods can cause  unexpected behavior.
12:59:08.350 [Test worker] INFO  demoqa.positive_tests.BaseTest - Set Up: browser size- 1920x1080
12:59:08.353 [Test worker] INFO  demoqa.positive_tests.BaseTest - Set Up: timeout- 4000
12:59:08.354 [Test worker] INFO  demoqa.positive_tests.BaseTest - Set Up: browser- firefox
12:59:08.416 [TestNG-test=demoqa_base_page_tests-1] INFO  c.c.s.i.WebDriverThreadLocalContainer - No webdriver is bound to current thread: 16 - let's create a new webdriver
12:59:08.456 [TestNG-test=demoqa_base_page_tests-1] INFO  c.codeborne.selenide.impl.FileHelper - Creating folder: F:\###JAVA_PROJECT###\Testing\QAFramework_0.0.1\build\downloads\1692871148440_15116_16
12:59:08.950 [TestNG-test=demoqa_base_page_tests-1] INFO  i.g.bonigarcia.wdm.WebDriverManager - Using geckodriver 0.33.0 (resolved driver for Firefox 116)
12:59:08.995 [TestNG-test=demoqa_base_page_tests-1] INFO  i.g.bonigarcia.wdm.WebDriverManager - Exporting webdriver.gecko.driver as C:\Users\Antibiotik\.cache\selenium\geckodriver\win64\0.33.0\geckodriver.exe
12:59:09.252 [TestNG-test=demoqa_base_page_tests-1] INFO  c.c.s.w.SelenideNettyClientFactory - Changed readTimeout from PT3M to PT1M30S
12:59:13.845 [TestNG-test=demoqa_base_page_tests-1] INFO  c.c.s.w.SelenideNettyClientFactory - Changed readTimeout from PT3M to PT1M30S
12:59:13.866 [TestNG-test=demoqa_base_page_tests-1] INFO  c.c.s.webdriver.BrowserResizer - Set browser size to 1920x1080
12:59:13.913 [TestNG-test=demoqa_base_page_tests-1] INFO  c.c.s.webdriver.WebDriverFactory - BrowserName=firefox Version=116.0.3 Platform=windows
12:59:13.913 [TestNG-test=demoqa_base_page_tests-1] INFO  c.c.s.webdriver.WebDriverFactory - Selenide v. 6.16.1
12:59:13.914 [TestNG-test=demoqa_base_page_tests-1] INFO  c.c.s.webdriver.WebDriverFactory - Selenium WebDriver v. 4.10.0 build revision: c14d967899
12:59:13.914 [TestNG-test=demoqa_base_page_tests-1] INFO  c.c.s.d.CreateDriverCommand - Created webdriver in thread 16: FirefoxDriver -> FirefoxDriver: firefox on windows (a6cf640e-2124-46a8-b2d6-3129834c2986)
12:59:13.924 [TestNG-test=demoqa_base_page_tests-1] INFO  c.c.s.d.DisposablesRegistry - Register WebDriverInstance[config=StaticConfig,webDriver=FirefoxDriver: firefox on windows (a6cf640e-2124-46a8-b2d6-3129834c2986),proxy=null,downloadsFolder=F:\###JAVA_PROJECT###\Testing\QAFramework_0.0.1\build\downloads\1692871148440_15116_16] in 16 [size=1]
12:59:13.925 [TestNG-test=demoqa_base_page_tests-1] INFO  c.c.s.d.DisposablesRegistry - Add shutdown hook in 16 [size=1]
12:59:16.779 [TestNG-test=demoqa_base_page_tests-1] INFO  demoqa.positive_tests.BaseTest - https://demoqa.com/is opened
12:59:17.504 [TestNG-test=demoqa_base_page_tests-1] INFO  demoqa.positive_tests.BaseTest - test param: Elements
12:59:18.081 [TestNG-test=demoqa_base_page_tests-1] INFO  demoqa.positive_tests.BaseTest - test param: Forms
12:59:18.424 [TestNG-test=demoqa_base_page_tests-1] INFO  demoqa.positive_tests.BaseTest - test param: Alerts, Frame & Windows
12:59:18.808 [TestNG-test=demoqa_base_page_tests-1] INFO  demoqa.positive_tests.BaseTest - test param: Widgets
12:59:19.175 [TestNG-test=demoqa_base_page_tests-1] INFO  demoqa.positive_tests.BaseTest - test param: Interactions
12:59:19.226 [Dead threads watchdog] INFO  c.c.s.impl.DeadThreadsWatchdog - Thread 16 is dead. Let's close its webdriver FirefoxDriver: firefox on windows (a6cf640e-2124-46a8-b2d6-3129834c2986).
12:59:19.229 [Dead threads watchdog] INFO  c.codeborne.selenide.impl.FileHelper - Deleted empty folder: F:\###JAVA_PROJECT###\Testing\QAFramework_0.0.1\build\downloads\1692871148440_15116_16
12:59:19.229 [Dead threads watchdog] INFO  c.c.s.d.CloseDriverCommand - Close webdriver: 28 -> FirefoxDriver: firefox on windows (a6cf640e-2124-46a8-b2d6-3129834c2986)...
12:59:19.232 [Dead threads watchdog] INFO  c.c.s.w.SelenideNettyClientFactory - Changed readTimeout from PT3M to PT1M30S
12:59:19.243 [Thread-5] INFO  c.c.s.d.DisposablesRegistry - Run cleanup: size=1
12:59:19.244 [Thread-5] INFO  c.c.s.d.CloseDriverCommand - Close webdriver: 27 -> FirefoxDriver: firefox on windows (a6cf640e-2124-46a8-b2d6-3129834c2986)...
12:59:19.245 [Thread-5] INFO  c.c.s.w.SelenideNettyClientFactory - Changed readTimeout from PT3M to PT1M30S
12:59:20.510 [Dead threads watchdog] INFO  c.c.s.d.CloseDriverCommand - Closed webdriver 28 in 1280 ms
12:59:20.510 [Thread-5] INFO  c.c.s.d.CloseDriverCommand - Closed webdriver 27 in 1266 ms
12:59:20.510 [Thread-5] INFO  c.c.s.d.DisposablesRegistry - Finished cleanup
12:59:20.510 [Dead threads watchdog] INFO  c.c.s.d.DisposablesRegistry - Unregister WebDriverInstance[config=StaticConfig,webDriver=FirefoxDriver: firefox on windows (null),proxy=null,downloadsFolder=F:\###JAVA_PROJECT###\Testing\QAFramework_0.0.1\build\downloads\1692871148440_15116_16] in 28 [size=0]
16:28:55.115 [Test worker] WARN  org.testng.internal.Configuration - Detected a static method [demoqa.positive_tests.BaseTest.setUp()]. Static configuration methods can cause  unexpected behavior.
16:28:55.283 [Test worker] WARN  org.testng.internal.Configuration - Detected a static method [demoqa.positive_tests.BaseTest.setUp()]. Static configuration methods can cause  unexpected behavior.
16:28:55.479 [Test worker] INFO  demoqa.positive_tests.BaseTest - Set Up: browser size- 1920x1080
16:28:55.481 [Test worker] INFO  demoqa.positive_tests.BaseTest - Set Up: timeout- 4000
16:28:55.482 [Test worker] INFO  demoqa.positive_tests.BaseTest - Set Up: browser- firefox
16:28:55.549 [TestNG-test=demoqa_base_page_tests-1] INFO  c.c.s.i.WebDriverThreadLocalContainer - No webdriver is bound to current thread: 16 - let's create a new webdriver
16:28:55.595 [TestNG-test=demoqa_base_page_tests-1] INFO  c.codeborne.selenide.impl.FileHelper - Creating folder: F:\###JAVA_PROJECT###\Testing\QAFramework_0.0.1\build\downloads\1692883735579_15580_16
16:28:56.792 [TestNG-test=demoqa_base_page_tests-1] INFO  i.g.bonigarcia.wdm.WebDriverManager - Using geckodriver 0.33.0 (resolved driver for Firefox 116)
16:28:56.831 [TestNG-test=demoqa_base_page_tests-1] INFO  i.g.bonigarcia.wdm.WebDriverManager - Exporting webdriver.gecko.driver as C:\Users\Antibiotik\.cache\selenium\geckodriver\win64\0.33.0\geckodriver.exe
16:28:57.057 [TestNG-test=demoqa_base_page_tests-1] INFO  c.c.s.w.SelenideNettyClientFactory - Changed readTimeout from PT3M to PT1M30S
16:29:01.631 [TestNG-test=demoqa_base_page_tests-1] INFO  c.c.s.w.SelenideNettyClientFactory - Changed readTimeout from PT3M to PT1M30S
16:29:01.673 [TestNG-test=demoqa_base_page_tests-1] INFO  c.c.s.webdriver.BrowserResizer - Set browser size to 1920x1080
16:29:01.745 [TestNG-test=demoqa_base_page_tests-1] INFO  c.c.s.webdriver.WebDriverFactory - BrowserName=firefox Version=116.0.3 Platform=windows
16:29:01.745 [TestNG-test=demoqa_base_page_tests-1] INFO  c.c.s.webdriver.WebDriverFactory - Selenide v. 6.16.1
16:29:01.745 [TestNG-test=demoqa_base_page_tests-1] INFO  c.c.s.webdriver.WebDriverFactory - Selenium WebDriver v. 4.10.0 build revision: c14d967899
16:29:01.746 [TestNG-test=demoqa_base_page_tests-1] INFO  c.c.s.d.CreateDriverCommand - Created webdriver in thread 16: FirefoxDriver -> FirefoxDriver: firefox on windows (a76103b1-040f-4d71-90f7-e22d0a37950c)
16:29:01.751 [TestNG-test=demoqa_base_page_tests-1] INFO  c.c.s.d.DisposablesRegistry - Register WebDriverInstance[config=StaticConfig,webDriver=FirefoxDriver: firefox on windows (a76103b1-040f-4d71-90f7-e22d0a37950c),proxy=null,downloadsFolder=F:\###JAVA_PROJECT###\Testing\QAFramework_0.0.1\build\downloads\1692883735579_15580_16] in 16 [size=1]
16:29:01.751 [TestNG-test=demoqa_base_page_tests-1] INFO  c.c.s.d.DisposablesRegistry - Add shutdown hook in 16 [size=1]
16:29:03.827 [TestNG-test=demoqa_base_page_tests-1] INFO  demoqa.positive_tests.BaseTest - https://demoqa.com/is opened
16:29:04.740 [TestNG-test=demoqa_base_page_tests-1] INFO  demoqa.positive_tests.BaseTest - test param: Elements
16:29:05.415 [TestNG-test=demoqa_base_page_tests-1] INFO  demoqa.positive_tests.BaseTest - test param: Forms
16:29:05.843 [TestNG-test=demoqa_base_page_tests-1] INFO  demoqa.positive_tests.BaseTest - test param: Alerts, Frame & Windows
16:29:06.203 [TestNG-test=demoqa_base_page_tests-1] INFO  demoqa.positive_tests.BaseTest - test param: Widgets
16:29:06.568 [TestNG-test=demoqa_base_page_tests-1] INFO  demoqa.positive_tests.BaseTest - test param: Interactions
16:29:06.630 [Thread-5] INFO  c.c.s.d.DisposablesRegistry - Run cleanup: size=1
16:29:06.631 [Thread-5] INFO  c.codeborne.selenide.impl.FileHelper - Deleted empty folder: F:\###JAVA_PROJECT###\Testing\QAFramework_0.0.1\build\downloads\1692883735579_15580_16
16:29:06.632 [Thread-5] INFO  c.c.s.d.CloseDriverCommand - Close webdriver: 27 -> FirefoxDriver: firefox on windows (a76103b1-040f-4d71-90f7-e22d0a37950c)...
16:29:06.634 [Thread-5] INFO  c.c.s.w.SelenideNettyClientFactory - Changed readTimeout from PT3M to PT1M30S
16:29:06.664 [Dead threads watchdog] INFO  c.c.s.impl.DeadThreadsWatchdog - Thread 16 is dead. Let's close its webdriver FirefoxDriver: firefox on windows (a76103b1-040f-4d71-90f7-e22d0a37950c).
16:29:06.665 [Dead threads watchdog] INFO  c.c.s.d.CloseDriverCommand - Close webdriver: 28 -> FirefoxDriver: firefox on windows (a76103b1-040f-4d71-90f7-e22d0a37950c)...
16:29:06.667 [Dead threads watchdog] INFO  c.c.s.w.SelenideNettyClientFactory - Changed readTimeout from PT3M to PT1M30S
16:29:08.013 [Dead threads watchdog] INFO  c.c.s.d.CloseDriverCommand - Closed webdriver 28 in 1348 ms
16:29:08.013 [Dead threads watchdog] INFO  c.c.s.d.DisposablesRegistry - Unregister WebDriverInstance[config=StaticConfig,webDriver=FirefoxDriver: firefox on windows (null),proxy=null,downloadsFolder=F:\###JAVA_PROJECT###\Testing\QAFramework_0.0.1\build\downloads\1692883735579_15580_16] in 28 [size=0]
16:29:08.105 [Thread-5] ERROR c.c.s.d.CloseDriverCommand - Cannot close browser: WebDriverException: Timed out waiting for driver server to stop.
16:29:08.105 [Thread-5] INFO  c.c.s.d.CloseDriverCommand - Closed webdriver 27 in 1473 ms
16:29:08.105 [Thread-5] INFO  c.c.s.d.DisposablesRegistry - Finished cleanup
16:45:45.471 [Test worker] WARN  org.testng.internal.Configuration - Detected a static method [demoqa.positive_tests.BaseTest.setUp()]. Static configuration methods can cause  unexpected behavior.
16:45:45.638 [Test worker] WARN  org.testng.internal.Configuration - Detected a static method [demoqa.positive_tests.BaseTest.setUp()]. Static configuration methods can cause  unexpected behavior.
16:45:45.843 [Test worker] INFO  demoqa.positive_tests.BaseTest - Set Up: browser size- 1920x1080
16:45:45.847 [Test worker] INFO  demoqa.positive_tests.BaseTest - Set Up: timeout- 4000
16:45:45.848 [Test worker] INFO  demoqa.positive_tests.BaseTest - Set Up: browser- firefox
16:45:45.922 [TestNG-test=demoqa_base_page_tests-1] INFO  c.c.s.i.WebDriverThreadLocalContainer - No webdriver is bound to current thread: 16 - let's create a new webdriver
16:45:45.961 [TestNG-test=demoqa_base_page_tests-1] INFO  c.codeborne.selenide.impl.FileHelper - Creating folder: F:\###JAVA_PROJECT###\Testing\QAFramework_0.0.1\build\downloads\1692884745947_8524_16
16:45:46.428 [TestNG-test=demoqa_base_page_tests-1] INFO  i.g.bonigarcia.wdm.WebDriverManager - Using geckodriver 0.33.0 (resolved driver for Firefox 116)
16:45:46.491 [TestNG-test=demoqa_base_page_tests-1] INFO  i.g.bonigarcia.wdm.WebDriverManager - Exporting webdriver.gecko.driver as C:\Users\Antibiotik\.cache\selenium\geckodriver\win64\0.33.0\geckodriver.exe
16:45:46.747 [TestNG-test=demoqa_base_page_tests-1] INFO  c.c.s.w.SelenideNettyClientFactory - Changed readTimeout from PT3M to PT1M30S
16:45:51.250 [TestNG-test=demoqa_base_page_tests-1] INFO  c.c.s.w.SelenideNettyClientFactory - Changed readTimeout from PT3M to PT1M30S
16:45:51.271 [TestNG-test=demoqa_base_page_tests-1] INFO  c.c.s.webdriver.BrowserResizer - Set browser size to 1920x1080
16:45:51.329 [TestNG-test=demoqa_base_page_tests-1] INFO  c.c.s.webdriver.WebDriverFactory - BrowserName=firefox Version=116.0.3 Platform=windows
16:45:51.329 [TestNG-test=demoqa_base_page_tests-1] INFO  c.c.s.webdriver.WebDriverFactory - Selenide v. 6.16.1
16:45:51.330 [TestNG-test=demoqa_base_page_tests-1] INFO  c.c.s.webdriver.WebDriverFactory - Selenium WebDriver v. 4.10.0 build revision: c14d967899
16:45:51.330 [TestNG-test=demoqa_base_page_tests-1] INFO  c.c.s.d.CreateDriverCommand - Created webdriver in thread 16: FirefoxDriver -> FirefoxDriver: firefox on windows (e188b65c-62b3-44de-a714-cbf33a25379c)
16:45:51.333 [TestNG-test=demoqa_base_page_tests-1] INFO  c.c.s.d.DisposablesRegistry - Register WebDriverInstance[config=StaticConfig,webDriver=FirefoxDriver: firefox on windows (e188b65c-62b3-44de-a714-cbf33a25379c),proxy=null,downloadsFolder=F:\###JAVA_PROJECT###\Testing\QAFramework_0.0.1\build\downloads\1692884745947_8524_16] in 16 [size=1]
16:45:51.333 [TestNG-test=demoqa_base_page_tests-1] INFO  c.c.s.d.DisposablesRegistry - Add shutdown hook in 16 [size=1]
16:45:53.332 [TestNG-test=demoqa_base_page_tests-1] INFO  demoqa.positive_tests.BaseTest - https://demoqa.com/is opened
16:45:54.337 [TestNG-test=demoqa_base_page_tests-1] INFO  demoqa.positive_tests.BaseTest - test param: Elements
16:45:55.199 [TestNG-test=demoqa_base_page_tests-1] INFO  demoqa.positive_tests.BaseTest - test param: Forms
16:45:55.620 [TestNG-test=demoqa_base_page_tests-1] INFO  demoqa.positive_tests.BaseTest - test param: Alerts, Frame & Windows
16:45:56.007 [TestNG-test=demoqa_base_page_tests-1] INFO  demoqa.positive_tests.BaseTest - test param: Widgets
16:45:56.358 [TestNG-test=demoqa_base_page_tests-1] INFO  demoqa.positive_tests.BaseTest - test param: Interactions
16:45:56.426 [Thread-5] INFO  c.c.s.d.DisposablesRegistry - Run cleanup: size=1
16:45:56.428 [Thread-5] INFO  c.codeborne.selenide.impl.FileHelper - Deleted empty folder: F:\###JAVA_PROJECT###\Testing\QAFramework_0.0.1\build\downloads\1692884745947_8524_16
16:45:56.429 [Thread-5] INFO  c.c.s.d.CloseDriverCommand - Close webdriver: 27 -> FirefoxDriver: firefox on windows (e188b65c-62b3-44de-a714-cbf33a25379c)...
16:45:56.432 [Thread-5] INFO  c.c.s.w.SelenideNettyClientFactory - Changed readTimeout from PT3M to PT1M30S
16:45:56.433 [Dead threads watchdog] INFO  c.c.s.impl.DeadThreadsWatchdog - Thread 16 is dead. Let's close its webdriver FirefoxDriver: firefox on windows (e188b65c-62b3-44de-a714-cbf33a25379c).
16:45:56.433 [Dead threads watchdog] INFO  c.c.s.d.CloseDriverCommand - Close webdriver: 28 -> FirefoxDriver: firefox on windows (e188b65c-62b3-44de-a714-cbf33a25379c)...
16:45:56.435 [Dead threads watchdog] INFO  c.c.s.w.SelenideNettyClientFactory - Changed readTimeout from PT3M to PT1M30S
16:45:57.751 [Dead threads watchdog] ERROR c.c.s.d.CloseDriverCommand - Cannot close browser: WebDriverException: Timed out waiting for driver server to stop.
16:45:57.752 [Dead threads watchdog] INFO  c.c.s.d.CloseDriverCommand - Closed webdriver 28 in 1319 ms
16:45:57.753 [Dead threads watchdog] INFO  c.c.s.d.DisposablesRegistry - Unregister WebDriverInstance[config=StaticConfig,webDriver=FirefoxDriver: firefox on windows (null),proxy=null,downloadsFolder=F:\###JAVA_PROJECT###\Testing\QAFramework_0.0.1\build\downloads\1692884745947_8524_16] in 28 [size=0]
16:45:57.755 [Thread-5] INFO  c.c.s.d.CloseDriverCommand - Closed webdriver 27 in 1326 ms
16:45:57.755 [Thread-5] INFO  c.c.s.d.DisposablesRegistry - Finished cleanup
16:49:05.294 [Test worker] WARN  org.testng.internal.Configuration - Detected a static method [demoqa.positive_tests.BaseTest.setUp()]. Static configuration methods can cause  unexpected behavior.
16:49:05.489 [Test worker] WARN  org.testng.internal.Configuration - Detected a static method [demoqa.positive_tests.BaseTest.setUp()]. Static configuration methods can cause  unexpected behavior.
16:49:05.700 [Test worker] INFO  demoqa.positive_tests.BaseTest - Set Up: browser size- 1920x1080
16:49:05.705 [Test worker] INFO  demoqa.positive_tests.BaseTest - Set Up: timeout- 4000
16:49:05.705 [Test worker] INFO  demoqa.positive_tests.BaseTest - Set Up: browser- firefox
16:49:05.770 [TestNG-test=demoqa_base_page_tests-1] INFO  c.c.s.i.WebDriverThreadLocalContainer - No webdriver is bound to current thread: 16 - let's create a new webdriver
16:49:05.823 [TestNG-test=demoqa_base_page_tests-1] INFO  c.codeborne.selenide.impl.FileHelper - Creating folder: F:\###JAVA_PROJECT###\Testing\QAFramework_0.0.1\build\downloads\1692884945798_4028_16
16:49:07.011 [TestNG-test=demoqa_base_page_tests-1] INFO  i.g.bonigarcia.wdm.WebDriverManager - Using geckodriver 0.33.0 (resolved driver for Firefox 116)
16:49:07.051 [TestNG-test=demoqa_base_page_tests-1] INFO  i.g.bonigarcia.wdm.WebDriverManager - Exporting webdriver.gecko.driver as C:\Windows\system32\config\systemprofile\.cache\selenium\geckodriver\win64\0.33.0\geckodriver.exe
16:49:07.297 [TestNG-test=demoqa_base_page_tests-1] INFO  c.c.s.w.SelenideNettyClientFactory - Changed readTimeout from PT3M to PT1M30S
16:49:11.239 [TestNG-test=demoqa_base_page_tests-1] INFO  c.c.s.w.SelenideNettyClientFactory - Changed readTimeout from PT3M to PT1M30S
16:49:11.348 [TestNG-test=demoqa_base_page_tests-1] INFO  c.c.s.webdriver.BrowserResizer - Set browser size to 1920x1080
16:49:11.638 [TestNG-test=demoqa_base_page_tests-1] INFO  c.c.s.webdriver.WebDriverFactory - BrowserName=firefox Version=116.0.3 Platform=windows
16:49:11.639 [TestNG-test=demoqa_base_page_tests-1] INFO  c.c.s.webdriver.WebDriverFactory - Selenide v. 6.16.1
16:49:11.639 [TestNG-test=demoqa_base_page_tests-1] INFO  c.c.s.webdriver.WebDriverFactory - Selenium WebDriver v. 4.10.0 build revision: c14d967899
16:49:11.640 [TestNG-test=demoqa_base_page_tests-1] INFO  c.c.s.d.CreateDriverCommand - Created webdriver in thread 16: FirefoxDriver -> FirefoxDriver: firefox on windows (e469af9c-e636-4caf-8de4-cd2e14354b4e)
16:49:11.644 [TestNG-test=demoqa_base_page_tests-1] INFO  c.c.s.d.DisposablesRegistry - Register WebDriverInstance[config=StaticConfig,webDriver=FirefoxDriver: firefox on windows (e469af9c-e636-4caf-8de4-cd2e14354b4e),proxy=null,downloadsFolder=F:\###JAVA_PROJECT###\Testing\QAFramework_0.0.1\build\downloads\1692884945798_4028_16] in 16 [size=1]
16:49:11.645 [TestNG-test=demoqa_base_page_tests-1] INFO  c.c.s.d.DisposablesRegistry - Add shutdown hook in 16 [size=1]
16:49:14.494 [TestNG-test=demoqa_base_page_tests-1] INFO  demoqa.positive_tests.BaseTest - https://demoqa.com/is opened
16:49:15.175 [TestNG-test=demoqa_base_page_tests-1] INFO  demoqa.positive_tests.BaseTest - test param: Elements
16:49:15.743 [TestNG-test=demoqa_base_page_tests-1] INFO  demoqa.positive_tests.BaseTest - test param: Forms
16:49:16.101 [TestNG-test=demoqa_base_page_tests-1] INFO  demoqa.positive_tests.BaseTest - test param: Alerts, Frame & Windows
16:49:16.439 [TestNG-test=demoqa_base_page_tests-1] INFO  demoqa.positive_tests.BaseTest - test param: Widgets
16:49:16.788 [TestNG-test=demoqa_base_page_tests-1] INFO  demoqa.positive_tests.BaseTest - test param: Interactions
16:49:16.840 [Thread-5] INFO  c.c.s.d.DisposablesRegistry - Run cleanup: size=1
16:49:16.841 [Thread-5] INFO  c.codeborne.selenide.impl.FileHelper - Deleted empty folder: F:\###JAVA_PROJECT###\Testing\QAFramework_0.0.1\build\downloads\1692884945798_4028_16
16:49:16.841 [Thread-5] INFO  c.c.s.d.CloseDriverCommand - Close webdriver: 27 -> FirefoxDriver: firefox on windows (e469af9c-e636-4caf-8de4-cd2e14354b4e)...
16:49:16.844 [Thread-5] INFO  c.c.s.w.SelenideNettyClientFactory - Changed readTimeout from PT3M to PT1M30S
16:49:16.844 [Dead threads watchdog] INFO  c.c.s.impl.DeadThreadsWatchdog - Thread 16 is dead. Let's close its webdriver FirefoxDriver: firefox on windows (e469af9c-e636-4caf-8de4-cd2e14354b4e).
16:49:16.845 [Dead threads watchdog] INFO  c.c.s.d.CloseDriverCommand - Close webdriver: 28 -> FirefoxDriver: firefox on windows (e469af9c-e636-4caf-8de4-cd2e14354b4e)...
16:49:16.849 [Dead threads watchdog] INFO  c.c.s.w.SelenideNettyClientFactory - Changed readTimeout from PT3M to PT1M30S
16:49:18.009 [Dead threads watchdog] ERROR c.c.s.d.CloseDriverCommand - Cannot close browser: WebDriverException: Timed out waiting for driver server to stop.
16:49:18.009 [Dead threads watchdog] INFO  c.c.s.d.CloseDriverCommand - Closed webdriver 28 in 1164 ms
16:49:18.009 [Dead threads watchdog] INFO  c.c.s.d.DisposablesRegistry - Unregister WebDriverInstance[config=StaticConfig,webDriver=FirefoxDriver: firefox on windows (null),proxy=null,downloadsFolder=F:\###JAVA_PROJECT###\Testing\QAFramework_0.0.1\build\downloads\1692884945798_4028_16] in 28 [size=0]
16:49:18.018 [Thread-5] INFO  c.c.s.d.CloseDriverCommand - Closed webdriver 27 in 1177 ms
16:49:18.019 [Thread-5] INFO  c.c.s.d.DisposablesRegistry - Finished cleanup
12:56:57.184 [Test worker] ERROR org.testng.TestNG - No test suite found. Nothing to run
12:58:38.407 [Test worker] ERROR org.testng.TestNG - No test suite found. Nothing to run
12:59:57.456 [Test worker] ERROR org.testng.TestNG - No test suite found. Nothing to run
13:03:13.472 [Test worker] WARN  org.testng.internal.Configuration - Detected a static method [rozetka.BaseTest.setUp()]. Static configuration methods can cause  unexpected behavior.
13:03:13.499 [Test worker] WARN  org.testng.internal.Configuration - Detected a static method [rozetka.BaseTest.setUp()]. Static configuration methods can cause  unexpected behavior.
13:03:13.721 [Test worker] INFO  demoqa.positive_tests.BaseTest - Set Up: browser size- 1920x1080
13:03:13.724 [Test worker] INFO  demoqa.positive_tests.BaseTest - Set Up: timeout- 4000
13:03:13.724 [Test worker] INFO  demoqa.positive_tests.BaseTest - Set Up: browser- firefox
13:03:13.750 [Test worker] INFO  c.c.s.i.WebDriverThreadLocalContainer - No webdriver is bound to current thread: 1 - let's create a new webdriver
13:03:13.799 [Test worker] INFO  c.codeborne.selenide.impl.FileHelper - Creating folder: F:\###JAVA_PROJECT###\Testing\QAFramework_0.0.1\build\downloads\1692957793785_7292_1
13:03:15.116 [Test worker] INFO  i.g.bonigarcia.wdm.WebDriverManager - Using geckodriver 0.33.0 (resolved driver for Firefox 116)
13:03:15.160 [Test worker] INFO  i.g.bonigarcia.wdm.WebDriverManager - Exporting webdriver.gecko.driver as C:\Users\Antibiotik\.cache\selenium\geckodriver\win64\0.33.0\geckodriver.exe
13:03:15.485 [Test worker] INFO  c.c.s.w.SelenideNettyClientFactory - Changed readTimeout from PT3M to PT1M30S
13:03:20.210 [Test worker] INFO  c.c.s.w.SelenideNettyClientFactory - Changed readTimeout from PT3M to PT1M30S
13:03:20.232 [Test worker] INFO  c.c.s.webdriver.BrowserResizer - Set browser size to 1920x1080
13:03:20.289 [Test worker] INFO  c.c.s.webdriver.WebDriverFactory - BrowserName=firefox Version=116.0.3 Platform=windows
13:03:20.290 [Test worker] INFO  c.c.s.webdriver.WebDriverFactory - Selenide v. 6.16.1
13:03:20.290 [Test worker] INFO  c.c.s.webdriver.WebDriverFactory - Selenium WebDriver v. 4.10.0 build revision: c14d967899
13:03:20.290 [Test worker] INFO  c.c.s.d.CreateDriverCommand - Created webdriver in thread 1: FirefoxDriver -> FirefoxDriver: firefox on windows (e0edddf4-d2a4-48e1-8105-abedc55f1b2f)
13:03:20.294 [Test worker] INFO  c.c.s.d.DisposablesRegistry - Register WebDriverInstance[config=StaticConfig,webDriver=FirefoxDriver: firefox on windows (e0edddf4-d2a4-48e1-8105-abedc55f1b2f),proxy=null,downloadsFolder=F:\###JAVA_PROJECT###\Testing\QAFramework_0.0.1\build\downloads\1692957793785_7292_1] in 1 [size=1]
13:03:20.295 [Test worker] INFO  c.c.s.d.DisposablesRegistry - Add shutdown hook in 1 [size=1]
13:03:23.592 [Test worker] INFO  c.codeborne.selenide.impl.FileHelper - Deleted empty folder: F:\###JAVA_PROJECT###\Testing\QAFramework_0.0.1\build\downloads\1692957793785_7292_1
13:03:23.592 [Test worker] INFO  c.c.s.d.CloseDriverCommand - Close webdriver: 1 -> FirefoxDriver: firefox on windows (e0edddf4-d2a4-48e1-8105-abedc55f1b2f)...
13:03:23.595 [Test worker] INFO  c.c.s.w.SelenideNettyClientFactory - Changed readTimeout from PT3M to PT1M30S
13:03:25.312 [Test worker] INFO  c.c.s.d.CloseDriverCommand - Closed webdriver 1 in 1720 ms
13:03:25.313 [Test worker] INFO  c.c.s.d.DisposablesRegistry - Unregister WebDriverInstance[config=StaticConfig,webDriver=FirefoxDriver: firefox on windows (null),proxy=null,downloadsFolder=F:\###JAVA_PROJECT###\Testing\QAFramework_0.0.1\build\downloads\1692957793785_7292_1] in 1 [size=0]
13:03:25.420 [Thread-5] INFO  c.c.s.d.DisposablesRegistry - Run cleanup: size=0
13:03:25.421 [Thread-5] INFO  c.c.s.d.DisposablesRegistry - Finished cleanup
13:06:56.027 [Test worker] WARN  org.testng.internal.Configuration - Detected a static method [rozetka.BaseTest.setUp()]. Static configuration methods can cause  unexpected behavior.
13:06:56.055 [Test worker] WARN  org.testng.internal.Configuration - Detected a static method [rozetka.BaseTest.setUp()]. Static configuration methods can cause  unexpected behavior.
13:06:56.292 [Test worker] INFO  demoqa.positive_tests.BaseTest - Set Up: browser size- 1920x1080
13:06:56.295 [Test worker] INFO  demoqa.positive_tests.BaseTest - Set Up: timeout- 4000
13:06:56.296 [Test worker] INFO  demoqa.positive_tests.BaseTest - Set Up: browser- firefox
13:06:56.455 [TestNG-test=demoqa_base_page_tests-1] INFO  c.c.s.i.WebDriverThreadLocalContainer - No webdriver is bound to current thread: 16 - let's create a new webdriver
13:06:56.476 [TestNG-test=demoqa_base_page_tests-1] INFO  c.codeborne.selenide.impl.FileHelper - Creating folder: F:\###JAVA_PROJECT###\Testing\QAFramework_0.0.1\build\downloads\1692958016474_14680_16
13:06:57.008 [TestNG-test=demoqa_base_page_tests-1] INFO  i.g.bonigarcia.wdm.WebDriverManager - Using geckodriver 0.33.0 (resolved driver for Firefox 116)
13:06:57.056 [TestNG-test=demoqa_base_page_tests-1] INFO  i.g.bonigarcia.wdm.WebDriverManager - Exporting webdriver.gecko.driver as C:\Users\Antibiotik\.cache\selenium\geckodriver\win64\0.33.0\geckodriver.exe
13:06:57.328 [TestNG-test=demoqa_base_page_tests-1] INFO  c.c.s.w.SelenideNettyClientFactory - Changed readTimeout from PT3M to PT1M30S
13:07:02.006 [TestNG-test=demoqa_base_page_tests-1] INFO  c.c.s.w.SelenideNettyClientFactory - Changed readTimeout from PT3M to PT1M30S
13:07:02.095 [TestNG-test=demoqa_base_page_tests-1] INFO  c.c.s.webdriver.BrowserResizer - Set browser size to 1920x1080
13:07:02.172 [TestNG-test=demoqa_base_page_tests-1] INFO  c.c.s.webdriver.WebDriverFactory - BrowserName=firefox Version=116.0.3 Platform=windows
13:07:02.173 [TestNG-test=demoqa_base_page_tests-1] INFO  c.c.s.webdriver.WebDriverFactory - Selenide v. 6.16.1
13:07:02.173 [TestNG-test=demoqa_base_page_tests-1] INFO  c.c.s.webdriver.WebDriverFactory - Selenium WebDriver v. 4.10.0 build revision: c14d967899
13:07:02.173 [TestNG-test=demoqa_base_page_tests-1] INFO  c.c.s.d.CreateDriverCommand - Created webdriver in thread 16: FirefoxDriver -> FirefoxDriver: firefox on windows (dd82f61d-c0e7-402c-bcdc-c2f409c82a31)
13:07:02.178 [TestNG-test=demoqa_base_page_tests-1] INFO  c.c.s.d.DisposablesRegistry - Register WebDriverInstance[config=StaticConfig,webDriver=FirefoxDriver: firefox on windows (dd82f61d-c0e7-402c-bcdc-c2f409c82a31),proxy=null,downloadsFolder=F:\###JAVA_PROJECT###\Testing\QAFramework_0.0.1\build\downloads\1692958016474_14680_16] in 16 [size=1]
13:07:02.178 [TestNG-test=demoqa_base_page_tests-1] INFO  c.c.s.d.DisposablesRegistry - Add shutdown hook in 16 [size=1]
13:07:10.233 [Dead threads watchdog] INFO  c.c.s.impl.DeadThreadsWatchdog - Thread 16 is dead. Let's close its webdriver FirefoxDriver: firefox on windows (dd82f61d-c0e7-402c-bcdc-c2f409c82a31).
13:07:10.244 [Dead threads watchdog] INFO  c.codeborne.selenide.impl.FileHelper - Deleted empty folder: F:\###JAVA_PROJECT###\Testing\QAFramework_0.0.1\build\downloads\1692958016474_14680_16
13:07:10.244 [Dead threads watchdog] INFO  c.c.s.d.CloseDriverCommand - Close webdriver: 28 -> FirefoxDriver: firefox on windows (dd82f61d-c0e7-402c-bcdc-c2f409c82a31)...
13:07:10.247 [Dead threads watchdog] INFO  c.c.s.w.SelenideNettyClientFactory - Changed readTimeout from PT3M to PT1M30S
13:07:10.325 [Thread-5] INFO  c.c.s.d.DisposablesRegistry - Run cleanup: size=1
13:07:10.327 [Thread-5] INFO  c.c.s.d.CloseDriverCommand - Close webdriver: 27 -> FirefoxDriver: firefox on windows (dd82f61d-c0e7-402c-bcdc-c2f409c82a31)...
13:07:10.337 [Thread-5] INFO  c.c.s.w.SelenideNettyClientFactory - Changed readTimeout from PT3M to PT1M30S
13:07:11.866 [Thread-5] ERROR c.c.s.d.CloseDriverCommand - Cannot close browser: WebDriverException: Timed out waiting for driver server to stop.
13:07:11.867 [Thread-5] INFO  c.c.s.d.CloseDriverCommand - Closed webdriver 27 in 1540 ms
13:07:11.867 [Thread-5] INFO  c.c.s.d.DisposablesRegistry - Finished cleanup
13:10:21.403 [Test worker] WARN  org.testng.internal.Configuration - Detected a static method [rozetka.BaseTest.setUp()]. Static configuration methods can cause  unexpected behavior.
13:10:21.431 [Test worker] WARN  org.testng.internal.Configuration - Detected a static method [rozetka.BaseTest.setUp()]. Static configuration methods can cause  unexpected behavior.
13:10:21.652 [Test worker] INFO  demoqa.positive_tests.BaseTest - Set Up: browser size- 1920x1080
13:10:21.655 [Test worker] INFO  demoqa.positive_tests.BaseTest - Set Up: timeout- 4000
13:10:21.655 [Test worker] INFO  demoqa.positive_tests.BaseTest - Set Up: browser- firefox
13:10:21.800 [TestNG-test=demoqa_base_page_tests-1] INFO  c.c.s.i.WebDriverThreadLocalContainer - No webdriver is bound to current thread: 16 - let's create a new webdriver
13:10:21.819 [TestNG-test=demoqa_base_page_tests-1] INFO  c.codeborne.selenide.impl.FileHelper - Creating folder: F:\###JAVA_PROJECT###\Testing\QAFramework_0.0.1\build\downloads\1692958221817_11804_16
13:10:22.313 [TestNG-test=demoqa_base_page_tests-1] INFO  i.g.bonigarcia.wdm.WebDriverManager - Using geckodriver 0.33.0 (resolved driver for Firefox 116)
13:10:22.356 [TestNG-test=demoqa_base_page_tests-1] INFO  i.g.bonigarcia.wdm.WebDriverManager - Exporting webdriver.gecko.driver as C:\Users\Antibiotik\.cache\selenium\geckodriver\win64\0.33.0\geckodriver.exe
13:10:22.588 [TestNG-test=demoqa_base_page_tests-1] INFO  c.c.s.w.SelenideNettyClientFactory - Changed readTimeout from PT3M to PT1M30S
13:10:26.950 [TestNG-test=demoqa_base_page_tests-1] INFO  c.c.s.w.SelenideNettyClientFactory - Changed readTimeout from PT3M to PT1M30S
13:10:27.001 [TestNG-test=demoqa_base_page_tests-1] INFO  c.c.s.webdriver.BrowserResizer - Set browser size to 1920x1080
13:10:27.063 [TestNG-test=demoqa_base_page_tests-1] INFO  c.c.s.webdriver.WebDriverFactory - BrowserName=firefox Version=116.0.3 Platform=windows
13:10:27.064 [TestNG-test=demoqa_base_page_tests-1] INFO  c.c.s.webdriver.WebDriverFactory - Selenide v. 6.16.1
13:10:27.064 [TestNG-test=demoqa_base_page_tests-1] INFO  c.c.s.webdriver.WebDriverFactory - Selenium WebDriver v. 4.10.0 build revision: c14d967899
13:10:27.064 [TestNG-test=demoqa_base_page_tests-1] INFO  c.c.s.d.CreateDriverCommand - Created webdriver in thread 16: FirefoxDriver -> FirefoxDriver: firefox on windows (73d1effc-e566-43c5-ac71-089b0170795b)
13:10:27.067 [TestNG-test=demoqa_base_page_tests-1] INFO  c.c.s.d.DisposablesRegistry - Register WebDriverInstance[config=StaticConfig,webDriver=FirefoxDriver: firefox on windows (73d1effc-e566-43c5-ac71-089b0170795b),proxy=null,downloadsFolder=F:\###JAVA_PROJECT###\Testing\QAFramework_0.0.1\build\downloads\1692958221817_11804_16] in 16 [size=1]
13:10:27.068 [TestNG-test=demoqa_base_page_tests-1] INFO  c.c.s.d.DisposablesRegistry - Add shutdown hook in 16 [size=1]
13:10:31.361 [Dead threads watchdog] INFO  c.c.s.impl.DeadThreadsWatchdog - Thread 16 is dead. Let's close its webdriver FirefoxDriver: firefox on windows (73d1effc-e566-43c5-ac71-089b0170795b).
13:10:31.390 [Dead threads watchdog] INFO  c.codeborne.selenide.impl.FileHelper - Deleted empty folder: F:\###JAVA_PROJECT###\Testing\QAFramework_0.0.1\build\downloads\1692958221817_11804_16
13:10:31.391 [Dead threads watchdog] INFO  c.c.s.d.CloseDriverCommand - Close webdriver: 28 -> FirefoxDriver: firefox on windows (73d1effc-e566-43c5-ac71-089b0170795b)...
13:10:31.396 [Dead threads watchdog] INFO  c.c.s.w.SelenideNettyClientFactory - Changed readTimeout from PT3M to PT1M30S
13:10:31.510 [Thread-5] INFO  c.c.s.d.DisposablesRegistry - Run cleanup: size=1
13:10:31.515 [Thread-5] INFO  c.c.s.d.CloseDriverCommand - Close webdriver: 27 -> FirefoxDriver: firefox on windows (73d1effc-e566-43c5-ac71-089b0170795b)...
13:10:31.524 [Thread-5] INFO  c.c.s.w.SelenideNettyClientFactory - Changed readTimeout from PT3M to PT1M30S
13:10:33.089 [Dead threads watchdog] ERROR c.c.s.d.CloseDriverCommand - Cannot close browser: WebDriverException: Timed out waiting for driver server to stop.
13:10:33.089 [Dead threads watchdog] INFO  c.c.s.d.CloseDriverCommand - Closed webdriver 28 in 1698 ms
13:10:33.089 [Dead threads watchdog] INFO  c.c.s.d.DisposablesRegistry - Unregister WebDriverInstance[config=StaticConfig,webDriver=FirefoxDriver: firefox on windows (null),proxy=null,downloadsFolder=F:\###JAVA_PROJECT###\Testing\QAFramework_0.0.1\build\downloads\1692958221817_11804_16] in 28 [size=0]
13:10:33.098 [Thread-5] INFO  c.c.s.d.CloseDriverCommand - Closed webdriver 27 in 1583 ms
13:10:33.098 [Thread-5] INFO  c.c.s.d.DisposablesRegistry - Finished cleanup
13:11:24.965 [Test worker] WARN  org.testng.internal.Configuration - Detected a static method [rozetka.BaseTest.setUp()]. Static configuration methods can cause  unexpected behavior.
13:11:24.991 [Test worker] WARN  org.testng.internal.Configuration - Detected a static method [rozetka.BaseTest.setUp()]. Static configuration methods can cause  unexpected behavior.
13:11:25.170 [Test worker] INFO  demoqa.positive_tests.BaseTest - Set Up: browser size- 1920x1080
13:11:25.173 [Test worker] INFO  demoqa.positive_tests.BaseTest - Set Up: timeout- 4000
13:11:25.174 [Test worker] INFO  demoqa.positive_tests.BaseTest - Set Up: browser- firefox
13:11:25.197 [Test worker] INFO  c.c.s.i.WebDriverThreadLocalContainer - No webdriver is bound to current thread: 1 - let's create a new webdriver
13:11:25.234 [Test worker] INFO  c.codeborne.selenide.impl.FileHelper - Creating folder: F:\###JAVA_PROJECT###\Testing\QAFramework_0.0.1\build\downloads\1692958285221_6368_1
13:11:25.726 [Test worker] INFO  i.g.bonigarcia.wdm.WebDriverManager - Using geckodriver 0.33.0 (resolved driver for Firefox 116)
13:11:25.787 [Test worker] INFO  i.g.bonigarcia.wdm.WebDriverManager - Exporting webdriver.gecko.driver as C:\Users\Antibiotik\.cache\selenium\geckodriver\win64\0.33.0\geckodriver.exe
13:11:26.022 [Test worker] INFO  c.c.s.w.SelenideNettyClientFactory - Changed readTimeout from PT3M to PT1M30S
13:11:30.483 [Test worker] INFO  c.c.s.w.SelenideNettyClientFactory - Changed readTimeout from PT3M to PT1M30S
13:11:30.508 [Test worker] INFO  c.c.s.webdriver.BrowserResizer - Set browser size to 1920x1080
13:11:30.568 [Test worker] INFO  c.c.s.webdriver.WebDriverFactory - BrowserName=firefox Version=116.0.3 Platform=windows
13:11:30.569 [Test worker] INFO  c.c.s.webdriver.WebDriverFactory - Selenide v. 6.16.1
13:11:30.569 [Test worker] INFO  c.c.s.webdriver.WebDriverFactory - Selenium WebDriver v. 4.10.0 build revision: c14d967899
13:11:30.569 [Test worker] INFO  c.c.s.d.CreateDriverCommand - Created webdriver in thread 1: FirefoxDriver -> FirefoxDriver: firefox on windows (976a68dd-5d75-4521-b20e-f59b94cb4580)
13:11:30.573 [Test worker] INFO  c.c.s.d.DisposablesRegistry - Register WebDriverInstance[config=StaticConfig,webDriver=FirefoxDriver: firefox on windows (976a68dd-5d75-4521-b20e-f59b94cb4580),proxy=null,downloadsFolder=F:\###JAVA_PROJECT###\Testing\QAFramework_0.0.1\build\downloads\1692958285221_6368_1] in 1 [size=1]
13:11:30.573 [Test worker] INFO  c.c.s.d.DisposablesRegistry - Add shutdown hook in 1 [size=1]
13:11:34.305 [Test worker] INFO  c.codeborne.selenide.impl.FileHelper - Deleted empty folder: F:\###JAVA_PROJECT###\Testing\QAFramework_0.0.1\build\downloads\1692958285221_6368_1
13:11:34.305 [Test worker] INFO  c.c.s.d.CloseDriverCommand - Close webdriver: 1 -> FirefoxDriver: firefox on windows (976a68dd-5d75-4521-b20e-f59b94cb4580)...
13:11:34.309 [Test worker] INFO  c.c.s.w.SelenideNettyClientFactory - Changed readTimeout from PT3M to PT1M30S
13:11:35.816 [Test worker] INFO  c.c.s.d.CloseDriverCommand - Closed webdriver 1 in 1511 ms
13:11:35.816 [Test worker] INFO  c.c.s.d.DisposablesRegistry - Unregister WebDriverInstance[config=StaticConfig,webDriver=FirefoxDriver: firefox on windows (null),proxy=null,downloadsFolder=F:\###JAVA_PROJECT###\Testing\QAFramework_0.0.1\build\downloads\1692958285221_6368_1] in 1 [size=0]
13:11:35.837 [Thread-5] INFO  c.c.s.d.DisposablesRegistry - Run cleanup: size=0
13:11:35.838 [Thread-5] INFO  c.c.s.d.DisposablesRegistry - Finished cleanup
13:15:36.313 [Test worker] WARN  org.testng.internal.Configuration - Detected a static method [rozetka.BaseTest.setUp()]. Static configuration methods can cause  unexpected behavior.
13:15:36.339 [Test worker] WARN  org.testng.internal.Configuration - Detected a static method [rozetka.BaseTest.setUp()]. Static configuration methods can cause  unexpected behavior.
13:15:36.551 [Test worker] INFO  demoqa.positive_tests.BaseTest - Set Up: browser size- 1920x1080
13:15:36.570 [Test worker] INFO  demoqa.positive_tests.BaseTest - Set Up: timeout- 4000
13:15:36.571 [Test worker] INFO  demoqa.positive_tests.BaseTest - Set Up: browser- firefox
13:15:36.654 [TestNG-test=demoqa_base_page_tests-1] INFO  c.c.s.i.WebDriverThreadLocalContainer - No webdriver is bound to current thread: 16 - let's create a new webdriver
13:15:36.696 [TestNG-test=demoqa_base_page_tests-1] INFO  c.codeborne.selenide.impl.FileHelper - Creating folder: F:\###JAVA_PROJECT###\Testing\QAFramework_0.0.1\build\downloads\1692958536680_13564_16
13:15:37.216 [TestNG-test=demoqa_base_page_tests-1] INFO  i.g.bonigarcia.wdm.WebDriverManager - Using geckodriver 0.33.0 (resolved driver for Firefox 116)
13:15:37.258 [TestNG-test=demoqa_base_page_tests-1] INFO  i.g.bonigarcia.wdm.WebDriverManager - Exporting webdriver.gecko.driver as C:\Users\Antibiotik\.cache\selenium\geckodriver\win64\0.33.0\geckodriver.exe
13:15:37.496 [TestNG-test=demoqa_base_page_tests-1] INFO  c.c.s.w.SelenideNettyClientFactory - Changed readTimeout from PT3M to PT1M30S
13:15:41.643 [TestNG-test=demoqa_base_page_tests-1] INFO  c.c.s.w.SelenideNettyClientFactory - Changed readTimeout from PT3M to PT1M30S
13:15:41.666 [TestNG-test=demoqa_base_page_tests-1] INFO  c.c.s.webdriver.BrowserResizer - Set browser size to 1920x1080
13:15:41.771 [TestNG-test=demoqa_base_page_tests-1] INFO  c.c.s.webdriver.WebDriverFactory - BrowserName=firefox Version=116.0.3 Platform=windows
13:15:41.771 [TestNG-test=demoqa_base_page_tests-1] INFO  c.c.s.webdriver.WebDriverFactory - Selenide v. 6.16.1
13:15:41.771 [TestNG-test=demoqa_base_page_tests-1] INFO  c.c.s.webdriver.WebDriverFactory - Selenium WebDriver v. 4.10.0 build revision: c14d967899
13:15:41.772 [TestNG-test=demoqa_base_page_tests-1] INFO  c.c.s.d.CreateDriverCommand - Created webdriver in thread 16: FirefoxDriver -> FirefoxDriver: firefox on windows (718f0814-9301-4086-872b-0557929ecfb8)
13:15:41.776 [TestNG-test=demoqa_base_page_tests-1] INFO  c.c.s.d.DisposablesRegistry - Register WebDriverInstance[config=StaticConfig,webDriver=FirefoxDriver: firefox on windows (718f0814-9301-4086-872b-0557929ecfb8),proxy=null,downloadsFolder=F:\###JAVA_PROJECT###\Testing\QAFramework_0.0.1\build\downloads\1692958536680_13564_16] in 16 [size=1]
13:15:41.777 [TestNG-test=demoqa_base_page_tests-1] INFO  c.c.s.d.DisposablesRegistry - Add shutdown hook in 16 [size=1]
13:15:44.972 [TestNG-test=demoqa_base_page_tests-1] INFO  c.codeborne.selenide.impl.FileHelper - Deleted empty folder: F:\###JAVA_PROJECT###\Testing\QAFramework_0.0.1\build\downloads\1692958536680_13564_16
13:15:44.973 [TestNG-test=demoqa_base_page_tests-1] INFO  c.c.s.d.CloseDriverCommand - Close webdriver: 16 -> FirefoxDriver: firefox on windows (718f0814-9301-4086-872b-0557929ecfb8)...
13:15:44.980 [TestNG-test=demoqa_base_page_tests-1] INFO  c.c.s.w.SelenideNettyClientFactory - Changed readTimeout from PT3M to PT1M30S
13:15:46.517 [TestNG-test=demoqa_base_page_tests-1] INFO  c.c.s.d.CloseDriverCommand - Closed webdriver 16 in 1544 ms
13:15:46.518 [TestNG-test=demoqa_base_page_tests-1] INFO  c.c.s.d.DisposablesRegistry - Unregister WebDriverInstance[config=StaticConfig,webDriver=FirefoxDriver: firefox on windows (null),proxy=null,downloadsFolder=F:\###JAVA_PROJECT###\Testing\QAFramework_0.0.1\build\downloads\1692958536680_13564_16] in 16 [size=0]
13:15:46.536 [Thread-5] INFO  c.c.s.d.DisposablesRegistry - Run cleanup: size=0
13:15:46.536 [Thread-5] INFO  c.c.s.d.DisposablesRegistry - Finished cleanup
13:18:43.317 [Test worker] WARN  org.testng.internal.Configuration - Detected a static method [demoqa.positive_tests.BaseTest.setUp()]. Static configuration methods can cause  unexpected behavior.
13:18:43.476 [Test worker] WARN  org.testng.internal.Configuration - Detected a static method [demoqa.positive_tests.BaseTest.setUp()]. Static configuration methods can cause  unexpected behavior.
13:18:43.672 [Test worker] INFO  demoqa.positive_tests.BaseTest - Set Up: browser size- 1920x1080
13:18:43.674 [Test worker] INFO  demoqa.positive_tests.BaseTest - Set Up: timeout- 4000
13:18:43.675 [Test worker] INFO  demoqa.positive_tests.BaseTest - Set Up: browser- firefox
13:18:43.740 [TestNG-test=demoqa_base_page_tests-1] INFO  c.c.s.i.WebDriverThreadLocalContainer - No webdriver is bound to current thread: 16 - let's create a new webdriver
13:18:43.788 [TestNG-test=demoqa_base_page_tests-1] INFO  c.codeborne.selenide.impl.FileHelper - Creating folder: F:\###JAVA_PROJECT###\Testing\QAFramework_0.0.1\build\downloads\1692958723774_14264_16
13:18:44.279 [TestNG-test=demoqa_base_page_tests-1] INFO  i.g.bonigarcia.wdm.WebDriverManager - Using geckodriver 0.33.0 (resolved driver for Firefox 116)
13:18:44.339 [TestNG-test=demoqa_base_page_tests-1] INFO  i.g.bonigarcia.wdm.WebDriverManager - Exporting webdriver.gecko.driver as C:\Users\Antibiotik\.cache\selenium\geckodriver\win64\0.33.0\geckodriver.exe
13:18:44.558 [TestNG-test=demoqa_base_page_tests-1] INFO  c.c.s.w.SelenideNettyClientFactory - Changed readTimeout from PT3M to PT1M30S
13:18:49.003 [TestNG-test=demoqa_base_page_tests-1] INFO  c.c.s.w.SelenideNettyClientFactory - Changed readTimeout from PT3M to PT1M30S
13:18:49.048 [TestNG-test=demoqa_base_page_tests-1] INFO  c.c.s.webdriver.BrowserResizer - Set browser size to 1920x1080
13:18:49.126 [TestNG-test=demoqa_base_page_tests-1] INFO  c.c.s.webdriver.WebDriverFactory - BrowserName=firefox Version=116.0.3 Platform=windows
13:18:49.127 [TestNG-test=demoqa_base_page_tests-1] INFO  c.c.s.webdriver.WebDriverFactory - Selenide v. 6.16.1
13:18:49.127 [TestNG-test=demoqa_base_page_tests-1] INFO  c.c.s.webdriver.WebDriverFactory - Selenium WebDriver v. 4.10.0 build revision: c14d967899
13:18:49.127 [TestNG-test=demoqa_base_page_tests-1] INFO  c.c.s.d.CreateDriverCommand - Created webdriver in thread 16: FirefoxDriver -> FirefoxDriver: firefox on windows (9cd950a2-df23-4efe-9e56-e223bda01c02)
13:18:49.134 [TestNG-test=demoqa_base_page_tests-1] INFO  c.c.s.d.DisposablesRegistry - Register WebDriverInstance[config=StaticConfig,webDriver=FirefoxDriver: firefox on windows (9cd950a2-df23-4efe-9e56-e223bda01c02),proxy=null,downloadsFolder=F:\###JAVA_PROJECT###\Testing\QAFramework_0.0.1\build\downloads\1692958723774_14264_16] in 16 [size=1]
13:18:49.134 [TestNG-test=demoqa_base_page_tests-1] INFO  c.c.s.d.DisposablesRegistry - Add shutdown hook in 16 [size=1]
13:18:51.417 [TestNG-test=demoqa_base_page_tests-1] INFO  demoqa.positive_tests.BaseTest - https://demoqa.com/is opened
13:18:52.288 [TestNG-test=demoqa_base_page_tests-1] INFO  demoqa.positive_tests.BaseTest - test param: Elements
13:18:53.086 [TestNG-test=demoqa_base_page_tests-1] INFO  demoqa.positive_tests.BaseTest - test param: Forms
13:18:53.556 [TestNG-test=demoqa_base_page_tests-1] INFO  demoqa.positive_tests.BaseTest - test param: Alerts, Frame & Windows
13:18:53.908 [TestNG-test=demoqa_base_page_tests-1] INFO  demoqa.positive_tests.BaseTest - test param: Widgets
13:18:54.263 [TestNG-test=demoqa_base_page_tests-1] INFO  demoqa.positive_tests.BaseTest - test param: Interactions
13:18:54.323 [Thread-5] INFO  c.c.s.d.DisposablesRegistry - Run cleanup: size=1
13:18:54.325 [Thread-5] INFO  c.codeborne.selenide.impl.FileHelper - Deleted empty folder: F:\###JAVA_PROJECT###\Testing\QAFramework_0.0.1\build\downloads\1692958723774_14264_16
13:18:54.325 [Thread-5] INFO  c.c.s.d.CloseDriverCommand - Close webdriver: 27 -> FirefoxDriver: firefox on windows (9cd950a2-df23-4efe-9e56-e223bda01c02)...
13:18:54.327 [Thread-5] INFO  c.c.s.w.SelenideNettyClientFactory - Changed readTimeout from PT3M to PT1M30S
13:18:54.357 [Dead threads watchdog] INFO  c.c.s.impl.DeadThreadsWatchdog - Thread 16 is dead. Let's close its webdriver FirefoxDriver: firefox on windows (9cd950a2-df23-4efe-9e56-e223bda01c02).
13:18:54.357 [Dead threads watchdog] INFO  c.c.s.d.CloseDriverCommand - Close webdriver: 28 -> FirefoxDriver: firefox on windows (9cd950a2-df23-4efe-9e56-e223bda01c02)...
13:18:54.359 [Dead threads watchdog] INFO  c.c.s.w.SelenideNettyClientFactory - Changed readTimeout from PT3M to PT1M30S
13:18:55.604 [Thread-5] INFO  c.c.s.d.CloseDriverCommand - Closed webdriver 27 in 1279 ms
13:18:55.605 [Thread-5] INFO  c.c.s.d.DisposablesRegistry - Finished cleanup
13:18:59.567 [Test worker] WARN  org.testng.internal.Configuration - Detected a static method [rozetka.BaseTest.setUp()]. Static configuration methods can cause  unexpected behavior.
13:18:59.593 [Test worker] WARN  org.testng.internal.Configuration - Detected a static method [rozetka.BaseTest.setUp()]. Static configuration methods can cause  unexpected behavior.
13:18:59.816 [Test worker] INFO  demoqa.positive_tests.BaseTest - Set Up: browser size- 1920x1080
13:18:59.821 [Test worker] INFO  demoqa.positive_tests.BaseTest - Set Up: timeout- 4000
13:18:59.822 [Test worker] INFO  demoqa.positive_tests.BaseTest - Set Up: browser- firefox
13:18:59.915 [TestNG-test=demoqa_base_page_tests-1] INFO  c.c.s.i.WebDriverThreadLocalContainer - No webdriver is bound to current thread: 16 - let's create a new webdriver
13:18:59.958 [TestNG-test=demoqa_base_page_tests-1] INFO  c.codeborne.selenide.impl.FileHelper - Creating folder: F:\###JAVA_PROJECT###\Testing\QAFramework_0.0.1\build\downloads\1692958739942_1136_16
13:19:00.491 [TestNG-test=demoqa_base_page_tests-1] INFO  i.g.bonigarcia.wdm.WebDriverManager - Using geckodriver 0.33.0 (resolved driver for Firefox 116)
13:19:00.536 [TestNG-test=demoqa_base_page_tests-1] INFO  i.g.bonigarcia.wdm.WebDriverManager - Exporting webdriver.gecko.driver as C:\Users\Antibiotik\.cache\selenium\geckodriver\win64\0.33.0\geckodriver.exe
13:19:00.785 [TestNG-test=demoqa_base_page_tests-1] INFO  c.c.s.w.SelenideNettyClientFactory - Changed readTimeout from PT3M to PT1M30S
13:19:05.273 [TestNG-test=demoqa_base_page_tests-1] INFO  c.c.s.w.SelenideNettyClientFactory - Changed readTimeout from PT3M to PT1M30S
13:19:05.320 [TestNG-test=demoqa_base_page_tests-1] INFO  c.c.s.webdriver.BrowserResizer - Set browser size to 1920x1080
13:19:05.404 [TestNG-test=demoqa_base_page_tests-1] INFO  c.c.s.webdriver.WebDriverFactory - BrowserName=firefox Version=116.0.3 Platform=windows
13:19:05.404 [TestNG-test=demoqa_base_page_tests-1] INFO  c.c.s.webdriver.WebDriverFactory - Selenide v. 6.16.1
13:19:05.404 [TestNG-test=demoqa_base_page_tests-1] INFO  c.c.s.webdriver.WebDriverFactory - Selenium WebDriver v. 4.10.0 build revision: c14d967899
13:19:05.404 [TestNG-test=demoqa_base_page_tests-1] INFO  c.c.s.d.CreateDriverCommand - Created webdriver in thread 16: FirefoxDriver -> FirefoxDriver: firefox on windows (9278f3bc-3ff1-4216-bba5-0a8829beded0)
13:19:05.409 [TestNG-test=demoqa_base_page_tests-1] INFO  c.c.s.d.DisposablesRegistry - Register WebDriverInstance[config=StaticConfig,webDriver=FirefoxDriver: firefox on windows (9278f3bc-3ff1-4216-bba5-0a8829beded0),proxy=null,downloadsFolder=F:\###JAVA_PROJECT###\Testing\QAFramework_0.0.1\build\downloads\1692958739942_1136_16] in 16 [size=1]
13:19:05.409 [TestNG-test=demoqa_base_page_tests-1] INFO  c.c.s.d.DisposablesRegistry - Add shutdown hook in 16 [size=1]
13:19:09.209 [TestNG-test=demoqa_base_page_tests-1] INFO  c.codeborne.selenide.impl.FileHelper - Deleted empty folder: F:\###JAVA_PROJECT###\Testing\QAFramework_0.0.1\build\downloads\1692958739942_1136_16
13:19:09.213 [TestNG-test=demoqa_base_page_tests-1] INFO  c.c.s.d.CloseDriverCommand - Close webdriver: 16 -> FirefoxDriver: firefox on windows (9278f3bc-3ff1-4216-bba5-0a8829beded0)...
13:19:09.220 [TestNG-test=demoqa_base_page_tests-1] INFO  c.c.s.w.SelenideNettyClientFactory - Changed readTimeout from PT3M to PT1M30S
13:19:11.116 [TestNG-test=demoqa_base_page_tests-1] INFO  c.c.s.d.CloseDriverCommand - Closed webdriver 16 in 1903 ms
13:19:11.116 [TestNG-test=demoqa_base_page_tests-1] INFO  c.c.s.d.DisposablesRegistry - Unregister WebDriverInstance[config=StaticConfig,webDriver=FirefoxDriver: firefox on windows (null),proxy=null,downloadsFolder=F:\###JAVA_PROJECT###\Testing\QAFramework_0.0.1\build\downloads\1692958739942_1136_16] in 16 [size=0]
13:19:11.134 [Thread-5] INFO  c.c.s.d.DisposablesRegistry - Run cleanup: size=0
13:19:11.136 [Thread-5] INFO  c.c.s.d.DisposablesRegistry - Finished cleanup
13:20:05.279 [Test worker] WARN  org.testng.internal.Configuration - Detected a static method [demoqa.positive_tests.BaseTest.setUp()]. Static configuration methods can cause  unexpected behavior.
13:20:05.469 [Test worker] WARN  org.testng.internal.Configuration - Detected a static method [demoqa.positive_tests.BaseTest.setUp()]. Static configuration methods can cause  unexpected behavior.
13:20:05.700 [Test worker] INFO  demoqa.positive_tests.BaseTest - Set Up: browser size- 1920x1080
13:20:05.703 [Test worker] INFO  demoqa.positive_tests.BaseTest - Set Up: timeout- 4000
13:20:05.705 [Test worker] INFO  demoqa.positive_tests.BaseTest - Set Up: browser- firefox
13:20:05.772 [TestNG-test=demoqa_base_page_tests-1] INFO  c.c.s.i.WebDriverThreadLocalContainer - No webdriver is bound to current thread: 16 - let's create a new webdriver
13:20:05.817 [TestNG-test=demoqa_base_page_tests-1] INFO  c.codeborne.selenide.impl.FileHelper - Creating folder: F:\###JAVA_PROJECT###\Testing\QAFramework_0.0.1\build\downloads\1692958805802_4488_16
13:20:06.898 [TestNG-test=demoqa_base_page_tests-1] INFO  i.g.bonigarcia.wdm.WebDriverManager - Using geckodriver 0.33.0 (resolved driver for Firefox 116)
13:20:06.938 [TestNG-test=demoqa_base_page_tests-1] INFO  i.g.bonigarcia.wdm.WebDriverManager - Exporting webdriver.gecko.driver as C:\Windows\system32\config\systemprofile\.cache\selenium\geckodriver\win64\0.33.0\geckodriver.exe
13:20:07.198 [TestNG-test=demoqa_base_page_tests-1] INFO  c.c.s.w.SelenideNettyClientFactory - Changed readTimeout from PT3M to PT1M30S
13:20:10.795 [TestNG-test=demoqa_base_page_tests-1] INFO  c.c.s.w.SelenideNettyClientFactory - Changed readTimeout from PT3M to PT1M30S
13:20:10.815 [TestNG-test=demoqa_base_page_tests-1] INFO  c.c.s.webdriver.BrowserResizer - Set browser size to 1920x1080
13:20:11.113 [TestNG-test=demoqa_base_page_tests-1] INFO  c.c.s.webdriver.WebDriverFactory - BrowserName=firefox Version=116.0.3 Platform=windows
13:20:11.114 [TestNG-test=demoqa_base_page_tests-1] INFO  c.c.s.webdriver.WebDriverFactory - Selenide v. 6.16.1
13:20:11.114 [TestNG-test=demoqa_base_page_tests-1] INFO  c.c.s.webdriver.WebDriverFactory - Selenium WebDriver v. 4.10.0 build revision: c14d967899
13:20:11.114 [TestNG-test=demoqa_base_page_tests-1] INFO  c.c.s.d.CreateDriverCommand - Created webdriver in thread 16: FirefoxDriver -> FirefoxDriver: firefox on windows (a5fa240f-c38f-4028-af64-523294ffae66)
13:20:11.117 [TestNG-test=demoqa_base_page_tests-1] INFO  c.c.s.d.DisposablesRegistry - Register WebDriverInstance[config=StaticConfig,webDriver=FirefoxDriver: firefox on windows (a5fa240f-c38f-4028-af64-523294ffae66),proxy=null,downloadsFolder=F:\###JAVA_PROJECT###\Testing\QAFramework_0.0.1\build\downloads\1692958805802_4488_16] in 16 [size=1]
13:20:11.117 [TestNG-test=demoqa_base_page_tests-1] INFO  c.c.s.d.DisposablesRegistry - Add shutdown hook in 16 [size=1]
13:20:12.606 [TestNG-test=demoqa_base_page_tests-1] INFO  demoqa.positive_tests.BaseTest - https://demoqa.com/is opened
13:20:13.487 [TestNG-test=demoqa_base_page_tests-1] INFO  demoqa.positive_tests.BaseTest - test param: Elements
13:20:14.164 [TestNG-test=demoqa_base_page_tests-1] INFO  demoqa.positive_tests.BaseTest - test param: Forms
13:20:14.503 [TestNG-test=demoqa_base_page_tests-1] INFO  demoqa.positive_tests.BaseTest - test param: Alerts, Frame & Windows
13:20:14.843 [TestNG-test=demoqa_base_page_tests-1] INFO  demoqa.positive_tests.BaseTest - test param: Widgets
13:20:15.179 [TestNG-test=demoqa_base_page_tests-1] INFO  demoqa.positive_tests.BaseTest - test param: Interactions
13:20:15.238 [Thread-5] INFO  c.c.s.d.DisposablesRegistry - Run cleanup: size=1
13:20:15.240 [Thread-5] INFO  c.codeborne.selenide.impl.FileHelper - Deleted empty folder: F:\###JAVA_PROJECT###\Testing\QAFramework_0.0.1\build\downloads\1692958805802_4488_16
13:20:15.242 [Thread-5] INFO  c.c.s.d.CloseDriverCommand - Close webdriver: 27 -> FirefoxDriver: firefox on windows (a5fa240f-c38f-4028-af64-523294ffae66)...
13:20:15.244 [Thread-5] INFO  c.c.s.w.SelenideNettyClientFactory - Changed readTimeout from PT3M to PT1M30S
13:20:15.275 [Dead threads watchdog] INFO  c.c.s.impl.DeadThreadsWatchdog - Thread 16 is dead. Let's close its webdriver FirefoxDriver: firefox on windows (a5fa240f-c38f-4028-af64-523294ffae66).
13:20:15.276 [Dead threads watchdog] INFO  c.c.s.d.CloseDriverCommand - Close webdriver: 28 -> FirefoxDriver: firefox on windows (a5fa240f-c38f-4028-af64-523294ffae66)...
13:20:15.278 [Dead threads watchdog] INFO  c.c.s.w.SelenideNettyClientFactory - Changed readTimeout from PT3M to PT1M30S
13:20:16.438 [Dead threads watchdog] ERROR c.c.s.d.CloseDriverCommand - Cannot close browser: WebDriverException: Timed out waiting for driver server to stop.
13:20:16.439 [Dead threads watchdog] INFO  c.c.s.d.CloseDriverCommand - Closed webdriver 28 in 1163 ms
13:20:16.439 [Dead threads watchdog] INFO  c.c.s.d.DisposablesRegistry - Unregister WebDriverInstance[config=StaticConfig,webDriver=FirefoxDriver: firefox on windows (null),proxy=null,downloadsFolder=F:\###JAVA_PROJECT###\Testing\QAFramework_0.0.1\build\downloads\1692958805802_4488_16] in 28 [size=0]
13:20:16.445 [Thread-5] INFO  c.c.s.d.CloseDriverCommand - Closed webdriver 27 in 1203 ms
13:20:16.445 [Thread-5] INFO  c.c.s.d.DisposablesRegistry - Finished cleanup
13:20:20.409 [Test worker] WARN  org.testng.internal.Configuration - Detected a static method [rozetka.BaseTest.setUp()]. Static configuration methods can cause  unexpected behavior.
13:20:20.439 [Test worker] WARN  org.testng.internal.Configuration - Detected a static method [rozetka.BaseTest.setUp()]. Static configuration methods can cause  unexpected behavior.
13:20:20.640 [Test worker] INFO  demoqa.positive_tests.BaseTest - Set Up: browser size- 1920x1080
13:20:20.643 [Test worker] INFO  demoqa.positive_tests.BaseTest - Set Up: timeout- 4000
13:20:20.643 [Test worker] INFO  demoqa.positive_tests.BaseTest - Set Up: browser- firefox
13:20:20.735 [TestNG-test=demoqa_base_page_tests-1] INFO  c.c.s.i.WebDriverThreadLocalContainer - No webdriver is bound to current thread: 16 - let's create a new webdriver
13:20:20.776 [TestNG-test=demoqa_base_page_tests-1] INFO  c.codeborne.selenide.impl.FileHelper - Creating folder: F:\###JAVA_PROJECT###\Testing\QAFramework_0.0.1\build\downloads\1692958820762_7820_16
13:20:21.311 [TestNG-test=demoqa_base_page_tests-1] INFO  i.g.bonigarcia.wdm.WebDriverManager - Using geckodriver 0.33.0 (resolved driver for Firefox 116)
13:20:21.351 [TestNG-test=demoqa_base_page_tests-1] INFO  i.g.bonigarcia.wdm.WebDriverManager - Exporting webdriver.gecko.driver as C:\Windows\system32\config\systemprofile\.cache\selenium\geckodriver\win64\0.33.0\geckodriver.exe
13:20:21.592 [TestNG-test=demoqa_base_page_tests-1] INFO  c.c.s.w.SelenideNettyClientFactory - Changed readTimeout from PT3M to PT1M30S
13:20:25.232 [TestNG-test=demoqa_base_page_tests-1] INFO  c.c.s.w.SelenideNettyClientFactory - Changed readTimeout from PT3M to PT1M30S
13:20:25.259 [TestNG-test=demoqa_base_page_tests-1] INFO  c.c.s.webdriver.BrowserResizer - Set browser size to 1920x1080
13:20:25.571 [TestNG-test=demoqa_base_page_tests-1] INFO  c.c.s.webdriver.WebDriverFactory - BrowserName=firefox Version=116.0.3 Platform=windows
13:20:25.571 [TestNG-test=demoqa_base_page_tests-1] INFO  c.c.s.webdriver.WebDriverFactory - Selenide v. 6.16.1
13:20:25.571 [TestNG-test=demoqa_base_page_tests-1] INFO  c.c.s.webdriver.WebDriverFactory - Selenium WebDriver v. 4.10.0 build revision: c14d967899
13:20:25.571 [TestNG-test=demoqa_base_page_tests-1] INFO  c.c.s.d.CreateDriverCommand - Created webdriver in thread 16: FirefoxDriver -> FirefoxDriver: firefox on windows (1b4ec3f9-6f99-4e27-88e6-ffe8d650829a)
13:20:25.577 [TestNG-test=demoqa_base_page_tests-1] INFO  c.c.s.d.DisposablesRegistry - Register WebDriverInstance[config=StaticConfig,webDriver=FirefoxDriver: firefox on windows (1b4ec3f9-6f99-4e27-88e6-ffe8d650829a),proxy=null,downloadsFolder=F:\###JAVA_PROJECT###\Testing\QAFramework_0.0.1\build\downloads\1692958820762_7820_16] in 16 [size=1]
13:20:25.577 [TestNG-test=demoqa_base_page_tests-1] INFO  c.c.s.d.DisposablesRegistry - Add shutdown hook in 16 [size=1]
13:20:28.463 [TestNG-test=demoqa_base_page_tests-1] INFO  c.codeborne.selenide.impl.FileHelper - Deleted empty folder: F:\###JAVA_PROJECT###\Testing\QAFramework_0.0.1\build\downloads\1692958820762_7820_16
13:20:28.465 [TestNG-test=demoqa_base_page_tests-1] INFO  c.c.s.d.CloseDriverCommand - Close webdriver: 16 -> FirefoxDriver: firefox on windows (1b4ec3f9-6f99-4e27-88e6-ffe8d650829a)...
13:20:28.467 [TestNG-test=demoqa_base_page_tests-1] INFO  c.c.s.w.SelenideNettyClientFactory - Changed readTimeout from PT3M to PT1M30S
13:20:29.831 [TestNG-test=demoqa_base_page_tests-1] INFO  c.c.s.d.CloseDriverCommand - Closed webdriver 16 in 1366 ms
13:20:29.831 [TestNG-test=demoqa_base_page_tests-1] INFO  c.c.s.d.DisposablesRegistry - Unregister WebDriverInstance[config=StaticConfig,webDriver=FirefoxDriver: firefox on windows (null),proxy=null,downloadsFolder=F:\###JAVA_PROJECT###\Testing\QAFramework_0.0.1\build\downloads\1692958820762_7820_16] in 16 [size=0]
13:20:29.843 [Dead threads watchdog] INFO  c.c.s.impl.DeadThreadsWatchdog - No webdriver found for thread: 16 - nothing to close
13:20:29.849 [Thread-5] INFO  c.c.s.d.DisposablesRegistry - Run cleanup: size=0
13:20:29.850 [Thread-5] INFO  c.c.s.d.DisposablesRegistry - Finished cleanup
17:16:01.515 [Test worker] WARN  org.testng.internal.Configuration - Detected a static method [rozetka.BaseTest.setUp()]. Static configuration methods can cause  unexpected behavior.
17:16:01.542 [Test worker] WARN  org.testng.internal.Configuration - Detected a static method [rozetka.BaseTest.setUp()]. Static configuration methods can cause  unexpected behavior.
17:16:01.755 [Test worker] INFO  demoqa.positive_tests.BaseTest - Set Up: browser size- 1920x1080
17:16:01.759 [Test worker] INFO  demoqa.positive_tests.BaseTest - Set Up: timeout- 4000
17:16:01.760 [Test worker] INFO  demoqa.positive_tests.BaseTest - Set Up: browser- firefox
17:16:01.838 [TestNG-test=demoqa_base_page_tests-1] INFO  c.c.s.i.WebDriverThreadLocalContainer - No webdriver is bound to current thread: 16 - let's create a new webdriver
17:16:01.885 [TestNG-test=demoqa_base_page_tests-1] INFO  c.codeborne.selenide.impl.FileHelper - Creating folder: F:\###JAVA_PROJECT###\Testing\QAFramework_0.0.1\build\downloads\1693145761867_1808_16
17:16:03.179 [TestNG-test=demoqa_base_page_tests-1] INFO  i.g.bonigarcia.wdm.WebDriverManager - Using geckodriver 0.33.0 (resolved driver for Firefox 116)
17:16:03.223 [TestNG-test=demoqa_base_page_tests-1] INFO  i.g.bonigarcia.wdm.WebDriverManager - Exporting webdriver.gecko.driver as C:\Users\Antibiotik\.cache\selenium\geckodriver\win64\0.33.0\geckodriver.exe
17:16:03.471 [TestNG-test=demoqa_base_page_tests-1] INFO  c.c.s.w.SelenideNettyClientFactory - Changed readTimeout from PT3M to PT1M30S
17:16:08.179 [TestNG-test=demoqa_base_page_tests-1] INFO  c.c.s.w.SelenideNettyClientFactory - Changed readTimeout from PT3M to PT1M30S
17:16:08.289 [TestNG-test=demoqa_base_page_tests-1] INFO  c.c.s.webdriver.BrowserResizer - Set browser size to 1920x1080
17:16:08.381 [TestNG-test=demoqa_base_page_tests-1] INFO  c.c.s.webdriver.WebDriverFactory - BrowserName=firefox Version=116.0.3 Platform=windows
17:16:08.381 [TestNG-test=demoqa_base_page_tests-1] INFO  c.c.s.webdriver.WebDriverFactory - Selenide v. 6.16.1
17:16:08.381 [TestNG-test=demoqa_base_page_tests-1] INFO  c.c.s.webdriver.WebDriverFactory - Selenium WebDriver v. 4.10.0 build revision: c14d967899
17:16:08.384 [TestNG-test=demoqa_base_page_tests-1] INFO  c.c.s.d.CreateDriverCommand - Created webdriver in thread 16: FirefoxDriver -> FirefoxDriver: firefox on windows (0264195e-e325-463f-acd3-6c453c75f643)
17:16:08.397 [TestNG-test=demoqa_base_page_tests-1] INFO  c.c.s.d.DisposablesRegistry - Register WebDriverInstance[config=StaticConfig,webDriver=FirefoxDriver: firefox on windows (0264195e-e325-463f-acd3-6c453c75f643),proxy=null,downloadsFolder=F:\###JAVA_PROJECT###\Testing\QAFramework_0.0.1\build\downloads\1693145761867_1808_16] in 16 [size=1]
17:16:08.398 [TestNG-test=demoqa_base_page_tests-1] INFO  c.c.s.d.DisposablesRegistry - Add shutdown hook in 16 [size=1]
17:16:12.647 [TestNG-test=demoqa_base_page_tests-1] INFO  c.codeborne.selenide.impl.FileHelper - Deleted empty folder: F:\###JAVA_PROJECT###\Testing\QAFramework_0.0.1\build\downloads\1693145761867_1808_16
17:16:12.647 [TestNG-test=demoqa_base_page_tests-1] INFO  c.c.s.d.CloseDriverCommand - Close webdriver: 16 -> FirefoxDriver: firefox on windows (0264195e-e325-463f-acd3-6c453c75f643)...
17:16:12.650 [TestNG-test=demoqa_base_page_tests-1] INFO  c.c.s.w.SelenideNettyClientFactory - Changed readTimeout from PT3M to PT1M30S
17:16:14.842 [TestNG-test=demoqa_base_page_tests-1] INFO  c.c.s.d.CloseDriverCommand - Closed webdriver 16 in 2195 ms
17:16:14.842 [TestNG-test=demoqa_base_page_tests-1] INFO  c.c.s.d.DisposablesRegistry - Unregister WebDriverInstance[config=StaticConfig,webDriver=FirefoxDriver: firefox on windows (null),proxy=null,downloadsFolder=F:\###JAVA_PROJECT###\Testing\QAFramework_0.0.1\build\downloads\1693145761867_1808_16] in 16 [size=0]
17:16:14.859 [Thread-5] INFO  c.c.s.d.DisposablesRegistry - Run cleanup: size=0
17:16:14.860 [Thread-5] INFO  c.c.s.d.DisposablesRegistry - Finished cleanup
15:55:06.106 [Test worker] WARN  org.testng.internal.Configuration - Detected a static method [rozetka.BaseTest.setUp()]. Static configuration methods can cause  unexpected behavior.
15:55:06.132 [Test worker] WARN  org.testng.internal.Configuration - Detected a static method [rozetka.BaseTest.setUp()]. Static configuration methods can cause  unexpected behavior.
15:55:06.215 [Test worker] INFO  demoqa.positive_tests.BaseTest - Set Up: browser size- 1920x1080
15:55:06.219 [Test worker] INFO  demoqa.positive_tests.BaseTest - Set Up: timeout- 4000
15:55:06.219 [Test worker] INFO  demoqa.positive_tests.BaseTest - Set Up: browser- firefox
15:55:06.310 [TestNG-test=demoqa_base_page_tests-1] INFO  c.c.s.i.WebDriverThreadLocalContainer - No webdriver is bound to current thread: 16 - let's create a new webdriver
15:55:06.366 [TestNG-test=demoqa_base_page_tests-1] INFO  c.codeborne.selenide.impl.FileHelper - Creating folder: F:\###JAVA_PROJECT###\Testing\QAFramework_0.0.1\build\downloads\1693227306351_15196_16
15:55:07.560 [TestNG-test=demoqa_base_page_tests-1] INFO  i.g.bonigarcia.wdm.WebDriverManager - Using geckodriver 0.33.0 (resolved driver for Firefox 116)
15:55:07.605 [TestNG-test=demoqa_base_page_tests-1] INFO  i.g.bonigarcia.wdm.WebDriverManager - Exporting webdriver.gecko.driver as C:\Users\Antibiotik\.cache\selenium\geckodriver\win64\0.33.0\geckodriver.exe
15:55:07.926 [TestNG-test=demoqa_base_page_tests-1] INFO  c.c.s.w.SelenideNettyClientFactory - Changed readTimeout from PT3M to PT1M30S
15:55:12.299 [TestNG-test=demoqa_base_page_tests-1] INFO  c.c.s.w.SelenideNettyClientFactory - Changed readTimeout from PT3M to PT1M30S
15:55:12.320 [TestNG-test=demoqa_base_page_tests-1] INFO  c.c.s.webdriver.BrowserResizer - Set browser size to 1920x1080
15:55:12.381 [TestNG-test=demoqa_base_page_tests-1] INFO  c.c.s.webdriver.WebDriverFactory - BrowserName=firefox Version=116.0.3 Platform=windows
15:55:12.381 [TestNG-test=demoqa_base_page_tests-1] INFO  c.c.s.webdriver.WebDriverFactory - Selenide v. 6.16.1
15:55:12.381 [TestNG-test=demoqa_base_page_tests-1] INFO  c.c.s.webdriver.WebDriverFactory - Selenium WebDriver v. 4.10.0 build revision: c14d967899
15:55:12.381 [TestNG-test=demoqa_base_page_tests-1] INFO  c.c.s.d.CreateDriverCommand - Created webdriver in thread 16: FirefoxDriver -> FirefoxDriver: firefox on windows (b4470f2b-4449-4b79-b1d1-bb2f08b0231c)
15:55:12.385 [TestNG-test=demoqa_base_page_tests-1] INFO  c.c.s.d.DisposablesRegistry - Register WebDriverInstance[config=StaticConfig,webDriver=FirefoxDriver: firefox on windows (b4470f2b-4449-4b79-b1d1-bb2f08b0231c),proxy=null,downloadsFolder=F:\###JAVA_PROJECT###\Testing\QAFramework_0.0.1\build\downloads\1693227306351_15196_16] in 16 [size=1]
15:55:12.385 [TestNG-test=demoqa_base_page_tests-1] INFO  c.c.s.d.DisposablesRegistry - Add shutdown hook in 16 [size=1]
15:55:16.815 [TestNG-test=demoqa_base_page_tests-1] INFO  c.codeborne.selenide.impl.FileHelper - Deleted empty folder: F:\###JAVA_PROJECT###\Testing\QAFramework_0.0.1\build\downloads\1693227306351_15196_16
15:55:16.817 [TestNG-test=demoqa_base_page_tests-1] INFO  c.c.s.d.CloseDriverCommand - Close webdriver: 16 -> FirefoxDriver: firefox on windows (b4470f2b-4449-4b79-b1d1-bb2f08b0231c)...
15:55:16.823 [TestNG-test=demoqa_base_page_tests-1] INFO  c.c.s.w.SelenideNettyClientFactory - Changed readTimeout from PT3M to PT1M30S
15:55:18.527 [TestNG-test=demoqa_base_page_tests-1] INFO  c.c.s.d.CloseDriverCommand - Closed webdriver 16 in 1710 ms
15:55:18.527 [TestNG-test=demoqa_base_page_tests-1] INFO  c.c.s.d.DisposablesRegistry - Unregister WebDriverInstance[config=StaticConfig,webDriver=FirefoxDriver: firefox on windows (null),proxy=null,downloadsFolder=F:\###JAVA_PROJECT###\Testing\QAFramework_0.0.1\build\downloads\1693227306351_15196_16] in 16 [size=0]
15:55:18.542 [Thread-5] INFO  c.c.s.d.DisposablesRegistry - Run cleanup: size=0
15:55:18.544 [Thread-5] INFO  c.c.s.d.DisposablesRegistry - Finished cleanup
15:55:35.987 [Test worker] WARN  org.testng.internal.Configuration - Detected a static method [rozetka.BaseTest.setUp()]. Static configuration methods can cause  unexpected behavior.
15:55:36.018 [Test worker] WARN  org.testng.internal.Configuration - Detected a static method [rozetka.BaseTest.setUp()]. Static configuration methods can cause  unexpected behavior.
15:55:36.109 [Test worker] INFO  demoqa.positive_tests.BaseTest - Set Up: browser size- 1920x1080
15:55:36.111 [Test worker] INFO  demoqa.positive_tests.BaseTest - Set Up: timeout- 4000
15:55:36.112 [Test worker] INFO  demoqa.positive_tests.BaseTest - Set Up: browser- firefox
15:55:36.189 [TestNG-test=demoqa_base_page_tests-1] INFO  c.c.s.i.WebDriverThreadLocalContainer - No webdriver is bound to current thread: 16 - let's create a new webdriver
15:55:36.229 [TestNG-test=demoqa_base_page_tests-1] INFO  c.codeborne.selenide.impl.FileHelper - Creating folder: F:\###JAVA_PROJECT###\Testing\QAFramework_0.0.1\build\downloads\1693227336214_13272_16
15:55:36.750 [TestNG-test=demoqa_base_page_tests-1] INFO  i.g.bonigarcia.wdm.WebDriverManager - Using geckodriver 0.33.0 (resolved driver for Firefox 116)
15:55:36.792 [TestNG-test=demoqa_base_page_tests-1] INFO  i.g.bonigarcia.wdm.WebDriverManager - Exporting webdriver.gecko.driver as C:\Users\Antibiotik\.cache\selenium\geckodriver\win64\0.33.0\geckodriver.exe
15:55:37.025 [TestNG-test=demoqa_base_page_tests-1] INFO  c.c.s.w.SelenideNettyClientFactory - Changed readTimeout from PT3M to PT1M30S
15:55:41.212 [TestNG-test=demoqa_base_page_tests-1] INFO  c.c.s.w.SelenideNettyClientFactory - Changed readTimeout from PT3M to PT1M30S
15:55:41.231 [TestNG-test=demoqa_base_page_tests-1] INFO  c.c.s.webdriver.BrowserResizer - Set browser size to 1920x1080
15:55:41.283 [TestNG-test=demoqa_base_page_tests-1] INFO  c.c.s.webdriver.WebDriverFactory - BrowserName=firefox Version=116.0.3 Platform=windows
15:55:41.284 [TestNG-test=demoqa_base_page_tests-1] INFO  c.c.s.webdriver.WebDriverFactory - Selenide v. 6.16.1
15:55:41.284 [TestNG-test=demoqa_base_page_tests-1] INFO  c.c.s.webdriver.WebDriverFactory - Selenium WebDriver v. 4.10.0 build revision: c14d967899
15:55:41.284 [TestNG-test=demoqa_base_page_tests-1] INFO  c.c.s.d.CreateDriverCommand - Created webdriver in thread 16: FirefoxDriver -> FirefoxDriver: firefox on windows (7a342fdf-891c-4ce7-8515-8931656e9811)
15:55:41.290 [TestNG-test=demoqa_base_page_tests-1] INFO  c.c.s.d.DisposablesRegistry - Register WebDriverInstance[config=StaticConfig,webDriver=FirefoxDriver: firefox on windows (7a342fdf-891c-4ce7-8515-8931656e9811),proxy=null,downloadsFolder=F:\###JAVA_PROJECT###\Testing\QAFramework_0.0.1\build\downloads\1693227336214_13272_16] in 16 [size=1]
15:55:41.291 [TestNG-test=demoqa_base_page_tests-1] INFO  c.c.s.d.DisposablesRegistry - Add shutdown hook in 16 [size=1]
15:55:44.784 [TestNG-test=demoqa_base_page_tests-1] INFO  c.codeborne.selenide.impl.FileHelper - Deleted empty folder: F:\###JAVA_PROJECT###\Testing\QAFramework_0.0.1\build\downloads\1693227336214_13272_16
15:55:44.786 [TestNG-test=demoqa_base_page_tests-1] INFO  c.c.s.d.CloseDriverCommand - Close webdriver: 16 -> FirefoxDriver: firefox on windows (7a342fdf-891c-4ce7-8515-8931656e9811)...
15:55:44.795 [TestNG-test=demoqa_base_page_tests-1] INFO  c.c.s.w.SelenideNettyClientFactory - Changed readTimeout from PT3M to PT1M30S
15:55:46.212 [TestNG-test=demoqa_base_page_tests-1] INFO  c.c.s.d.CloseDriverCommand - Closed webdriver 16 in 1426 ms
15:55:46.213 [TestNG-test=demoqa_base_page_tests-1] INFO  c.c.s.d.DisposablesRegistry - Unregister WebDriverInstance[config=StaticConfig,webDriver=FirefoxDriver: firefox on windows (null),proxy=null,downloadsFolder=F:\###JAVA_PROJECT###\Testing\QAFramework_0.0.1\build\downloads\1693227336214_13272_16] in 16 [size=0]
15:55:46.229 [Thread-5] INFO  c.c.s.d.DisposablesRegistry - Run cleanup: size=0
15:55:46.230 [Thread-5] INFO  c.c.s.d.DisposablesRegistry - Finished cleanup
15:58:03.723 [Test worker] WARN  org.testng.internal.Configuration - Detected a static method [demoqa.positive_tests.BaseTest.setUp()]. Static configuration methods can cause  unexpected behavior.
15:58:04.063 [Test worker] WARN  org.testng.internal.Configuration - Detected a static method [demoqa.positive_tests.BaseTest.setUp()]. Static configuration methods can cause  unexpected behavior.
15:58:04.318 [Test worker] INFO  demoqa.positive_tests.BaseTest - Set Up: browser size- 1920x1080
15:58:04.323 [Test worker] INFO  demoqa.positive_tests.BaseTest - Set Up: timeout- 4000
15:58:04.325 [Test worker] INFO  demoqa.positive_tests.BaseTest - Set Up: browser- firefox
15:58:04.420 [TestNG-test=demoqa_base_page_tests-1] INFO  c.c.s.i.WebDriverThreadLocalContainer - No webdriver is bound to current thread: 16 - let's create a new webdriver
15:58:04.475 [TestNG-test=demoqa_base_page_tests-1] INFO  c.codeborne.selenide.impl.FileHelper - Creating folder: F:\###JAVA_PROJECT###\Testing\QAFramework_0.0.1\build\downloads\1693227484459_17060_16
15:58:05.069 [TestNG-test=demoqa_base_page_tests-1] INFO  i.g.bonigarcia.wdm.WebDriverManager - Using geckodriver 0.33.0 (resolved driver for Firefox 116)
15:58:05.115 [TestNG-test=demoqa_base_page_tests-1] INFO  i.g.bonigarcia.wdm.WebDriverManager - Exporting webdriver.gecko.driver as C:\Users\Antibiotik\.cache\selenium\geckodriver\win64\0.33.0\geckodriver.exe
15:58:05.405 [TestNG-test=demoqa_base_page_tests-1] INFO  c.c.s.w.SelenideNettyClientFactory - Changed readTimeout from PT3M to PT1M30S
15:58:10.018 [TestNG-test=demoqa_base_page_tests-1] INFO  c.c.s.w.SelenideNettyClientFactory - Changed readTimeout from PT3M to PT1M30S
15:58:10.051 [TestNG-test=demoqa_base_page_tests-1] INFO  c.c.s.webdriver.BrowserResizer - Set browser size to 1920x1080
15:58:10.116 [TestNG-test=demoqa_base_page_tests-1] INFO  c.c.s.webdriver.WebDriverFactory - BrowserName=firefox Version=116.0.3 Platform=windows
15:58:10.118 [TestNG-test=demoqa_base_page_tests-1] INFO  c.c.s.webdriver.WebDriverFactory - Selenide v. 6.16.1
15:58:10.119 [TestNG-test=demoqa_base_page_tests-1] INFO  c.c.s.webdriver.WebDriverFactory - Selenium WebDriver v. 4.10.0 build revision: c14d967899
15:58:10.119 [TestNG-test=demoqa_base_page_tests-1] INFO  c.c.s.d.CreateDriverCommand - Created webdriver in thread 16: FirefoxDriver -> FirefoxDriver: firefox on windows (c3b8eb70-3f77-4306-9e36-586c73f3cb3e)
15:58:10.126 [TestNG-test=demoqa_base_page_tests-1] INFO  c.c.s.d.DisposablesRegistry - Register WebDriverInstance[config=StaticConfig,webDriver=FirefoxDriver: firefox on windows (c3b8eb70-3f77-4306-9e36-586c73f3cb3e),proxy=null,downloadsFolder=F:\###JAVA_PROJECT###\Testing\QAFramework_0.0.1\build\downloads\1693227484459_17060_16] in 16 [size=1]
15:58:10.127 [TestNG-test=demoqa_base_page_tests-1] INFO  c.c.s.d.DisposablesRegistry - Add shutdown hook in 16 [size=1]
15:58:12.041 [TestNG-test=demoqa_base_page_tests-1] INFO  demoqa.positive_tests.BaseTest - https://demoqa.com/is opened
15:58:12.933 [TestNG-test=demoqa_base_page_tests-1] INFO  demoqa.positive_tests.BaseTest - test param: Elements
15:58:13.935 [TestNG-test=demoqa_base_page_tests-1] INFO  demoqa.positive_tests.BaseTest - test param: Forms
15:58:14.425 [TestNG-test=demoqa_base_page_tests-1] INFO  demoqa.positive_tests.BaseTest - test param: Alerts, Frame & Windows
15:58:14.828 [TestNG-test=demoqa_base_page_tests-1] INFO  demoqa.positive_tests.BaseTest - test param: Widgets
15:58:15.237 [TestNG-test=demoqa_base_page_tests-1] INFO  demoqa.positive_tests.BaseTest - test param: Interactions
15:58:15.435 [Dead threads watchdog] INFO  c.c.s.impl.DeadThreadsWatchdog - Thread 16 is dead. Let's close its webdriver FirefoxDriver: firefox on windows (c3b8eb70-3f77-4306-9e36-586c73f3cb3e).
15:58:15.438 [Dead threads watchdog] INFO  c.codeborne.selenide.impl.FileHelper - Deleted empty folder: F:\###JAVA_PROJECT###\Testing\QAFramework_0.0.1\build\downloads\1693227484459_17060_16
15:58:15.439 [Dead threads watchdog] INFO  c.c.s.d.CloseDriverCommand - Close webdriver: 28 -> FirefoxDriver: firefox on windows (c3b8eb70-3f77-4306-9e36-586c73f3cb3e)...
15:58:15.443 [Thread-5] INFO  c.c.s.d.DisposablesRegistry - Run cleanup: size=1
15:58:15.444 [Dead threads watchdog] INFO  c.c.s.w.SelenideNettyClientFactory - Changed readTimeout from PT3M to PT1M30S
15:58:15.444 [Thread-5] INFO  c.c.s.d.CloseDriverCommand - Close webdriver: 27 -> FirefoxDriver: firefox on windows (c3b8eb70-3f77-4306-9e36-586c73f3cb3e)...
15:58:15.447 [Thread-5] INFO  c.c.s.w.SelenideNettyClientFactory - Changed readTimeout from PT3M to PT1M30S
15:58:16.886 [Dead threads watchdog] ERROR c.c.s.d.CloseDriverCommand - Cannot close browser: WebDriverException: Timed out waiting for driver server to stop.
15:58:16.888 [Dead threads watchdog] INFO  c.c.s.d.CloseDriverCommand - Closed webdriver 28 in 1449 ms
15:58:16.888 [Dead threads watchdog] INFO  c.c.s.d.DisposablesRegistry - Unregister WebDriverInstance[config=StaticConfig,webDriver=FirefoxDriver: firefox on windows (null),proxy=null,downloadsFolder=F:\###JAVA_PROJECT###\Testing\QAFramework_0.0.1\build\downloads\1693227484459_17060_16] in 28 [size=0]
15:58:16.910 [Thread-5] INFO  c.c.s.d.CloseDriverCommand - Closed webdriver 27 in 1466 ms
15:58:16.910 [Thread-5] INFO  c.c.s.d.DisposablesRegistry - Finished cleanup
15:58:44.319 [Test worker] WARN  org.testng.internal.Configuration - Detected a static method [rozetka.BaseTest.setUp()]. Static configuration methods can cause  unexpected behavior.
15:58:44.347 [Test worker] WARN  org.testng.internal.Configuration - Detected a static method [rozetka.BaseTest.setUp()]. Static configuration methods can cause  unexpected behavior.
15:58:44.460 [Test worker] INFO  demoqa.positive_tests.BaseTest - Set Up: browser size- 1920x1080
15:58:44.471 [Test worker] INFO  demoqa.positive_tests.BaseTest - Set Up: timeout- 4000
15:58:44.473 [Test worker] INFO  demoqa.positive_tests.BaseTest - Set Up: browser- firefox
15:58:44.605 [TestNG-test=demoqa_base_page_tests-1] INFO  c.c.s.i.WebDriverThreadLocalContainer - No webdriver is bound to current thread: 16 - let's create a new webdriver
15:58:44.647 [TestNG-test=demoqa_base_page_tests-1] INFO  c.codeborne.selenide.impl.FileHelper - Creating folder: F:\###JAVA_PROJECT###\Testing\QAFramework_0.0.1\build\downloads\1693227524633_19180_16
15:58:45.271 [TestNG-test=demoqa_base_page_tests-1] INFO  i.g.bonigarcia.wdm.WebDriverManager - Using geckodriver 0.33.0 (resolved driver for Firefox 116)
15:58:45.314 [TestNG-test=demoqa_base_page_tests-1] INFO  i.g.bonigarcia.wdm.WebDriverManager - Exporting webdriver.gecko.driver as C:\Users\Antibiotik\.cache\selenium\geckodriver\win64\0.33.0\geckodriver.exe
15:58:45.544 [TestNG-test=demoqa_base_page_tests-1] INFO  c.c.s.w.SelenideNettyClientFactory - Changed readTimeout from PT3M to PT1M30S
15:58:49.613 [TestNG-test=demoqa_base_page_tests-1] INFO  c.c.s.w.SelenideNettyClientFactory - Changed readTimeout from PT3M to PT1M30S
15:58:49.636 [TestNG-test=demoqa_base_page_tests-1] INFO  c.c.s.webdriver.BrowserResizer - Set browser size to 1920x1080
15:58:49.688 [TestNG-test=demoqa_base_page_tests-1] INFO  c.c.s.webdriver.WebDriverFactory - BrowserName=firefox Version=116.0.3 Platform=windows
15:58:49.689 [TestNG-test=demoqa_base_page_tests-1] INFO  c.c.s.webdriver.WebDriverFactory - Selenide v. 6.16.1
15:58:49.689 [TestNG-test=demoqa_base_page_tests-1] INFO  c.c.s.webdriver.WebDriverFactory - Selenium WebDriver v. 4.10.0 build revision: c14d967899
15:58:49.689 [TestNG-test=demoqa_base_page_tests-1] INFO  c.c.s.d.CreateDriverCommand - Created webdriver in thread 16: FirefoxDriver -> FirefoxDriver: firefox on windows (d89dade0-9388-47ec-84c5-e6644387b9bb)
15:58:49.695 [TestNG-test=demoqa_base_page_tests-1] INFO  c.c.s.d.DisposablesRegistry - Register WebDriverInstance[config=StaticConfig,webDriver=FirefoxDriver: firefox on windows (d89dade0-9388-47ec-84c5-e6644387b9bb),proxy=null,downloadsFolder=F:\###JAVA_PROJECT###\Testing\QAFramework_0.0.1\build\downloads\1693227524633_19180_16] in 16 [size=1]
15:58:49.696 [TestNG-test=demoqa_base_page_tests-1] INFO  c.c.s.d.DisposablesRegistry - Add shutdown hook in 16 [size=1]
15:58:53.891 [TestNG-test=demoqa_base_page_tests-1] INFO  c.codeborne.selenide.impl.FileHelper - Deleted empty folder: F:\###JAVA_PROJECT###\Testing\QAFramework_0.0.1\build\downloads\1693227524633_19180_16
15:58:53.892 [TestNG-test=demoqa_base_page_tests-1] INFO  c.c.s.d.CloseDriverCommand - Close webdriver: 16 -> FirefoxDriver: firefox on windows (d89dade0-9388-47ec-84c5-e6644387b9bb)...
15:58:53.897 [TestNG-test=demoqa_base_page_tests-1] INFO  c.c.s.w.SelenideNettyClientFactory - Changed readTimeout from PT3M to PT1M30S
15:58:55.613 [TestNG-test=demoqa_base_page_tests-1] INFO  c.c.s.d.CloseDriverCommand - Closed webdriver 16 in 1721 ms
15:58:55.613 [TestNG-test=demoqa_base_page_tests-1] INFO  c.c.s.d.DisposablesRegistry - Unregister WebDriverInstance[config=StaticConfig,webDriver=FirefoxDriver: firefox on windows (null),proxy=null,downloadsFolder=F:\###JAVA_PROJECT###\Testing\QAFramework_0.0.1\build\downloads\1693227524633_19180_16] in 16 [size=0]
15:58:55.633 [Thread-5] INFO  c.c.s.d.DisposablesRegistry - Run cleanup: size=0
15:58:55.635 [Thread-5] INFO  c.c.s.d.DisposablesRegistry - Finished cleanup
16:00:59.325 [Test worker] WARN  org.testng.internal.Configuration - Detected a static method [rozetka.BaseTest.setUp()]. Static configuration methods can cause  unexpected behavior.
16:00:59.362 [Test worker] WARN  org.testng.internal.Configuration - Detected a static method [rozetka.BaseTest.setUp()]. Static configuration methods can cause  unexpected behavior.
16:00:59.454 [Test worker] INFO  demoqa.positive_tests.BaseTest - Set Up: browser size- 1920x1080
16:00:59.458 [Test worker] INFO  demoqa.positive_tests.BaseTest - Set Up: timeout- 4000
16:00:59.459 [Test worker] INFO  demoqa.positive_tests.BaseTest - Set Up: browser- firefox
16:00:59.542 [TestNG-test=demoqa_base_page_tests-1] INFO  c.c.s.i.WebDriverThreadLocalContainer - No webdriver is bound to current thread: 16 - let's create a new webdriver
16:00:59.584 [TestNG-test=demoqa_base_page_tests-1] INFO  c.codeborne.selenide.impl.FileHelper - Creating folder: F:\###JAVA_PROJECT###\Testing\QAFramework_0.0.1\build\downloads\1693227659568_1316_16
16:01:00.165 [TestNG-test=demoqa_base_page_tests-1] INFO  i.g.bonigarcia.wdm.WebDriverManager - Using geckodriver 0.33.0 (resolved driver for Firefox 116)
16:01:00.211 [TestNG-test=demoqa_base_page_tests-1] INFO  i.g.bonigarcia.wdm.WebDriverManager - Exporting webdriver.gecko.driver as C:\Users\Antibiotik\.cache\selenium\geckodriver\win64\0.33.0\geckodriver.exe
16:01:00.459 [TestNG-test=demoqa_base_page_tests-1] INFO  c.c.s.w.SelenideNettyClientFactory - Changed readTimeout from PT3M to PT1M30S
16:01:04.679 [TestNG-test=demoqa_base_page_tests-1] INFO  c.c.s.w.SelenideNettyClientFactory - Changed readTimeout from PT3M to PT1M30S
16:01:04.718 [TestNG-test=demoqa_base_page_tests-1] INFO  c.c.s.webdriver.BrowserResizer - Set browser size to 1920x1080
16:01:04.802 [TestNG-test=demoqa_base_page_tests-1] INFO  c.c.s.webdriver.WebDriverFactory - BrowserName=firefox Version=116.0.3 Platform=windows
16:01:04.803 [TestNG-test=demoqa_base_page_tests-1] INFO  c.c.s.webdriver.WebDriverFactory - Selenide v. 6.16.1
16:01:04.804 [TestNG-test=demoqa_base_page_tests-1] INFO  c.c.s.webdriver.WebDriverFactory - Selenium WebDriver v. 4.10.0 build revision: c14d967899
16:01:04.805 [TestNG-test=demoqa_base_page_tests-1] INFO  c.c.s.d.CreateDriverCommand - Created webdriver in thread 16: FirefoxDriver -> FirefoxDriver: firefox on windows (d15c97ac-4c35-4a9b-b049-e313951fa211)
16:01:04.811 [TestNG-test=demoqa_base_page_tests-1] INFO  c.c.s.d.DisposablesRegistry - Register WebDriverInstance[config=StaticConfig,webDriver=FirefoxDriver: firefox on windows (d15c97ac-4c35-4a9b-b049-e313951fa211),proxy=null,downloadsFolder=F:\###JAVA_PROJECT###\Testing\QAFramework_0.0.1\build\downloads\1693227659568_1316_16] in 16 [size=1]
16:01:04.811 [TestNG-test=demoqa_base_page_tests-1] INFO  c.c.s.d.DisposablesRegistry - Add shutdown hook in 16 [size=1]
16:01:13.266 [TestNG-test=demoqa_base_page_tests-1] INFO  c.codeborne.selenide.impl.FileHelper - Deleted empty folder: F:\###JAVA_PROJECT###\Testing\QAFramework_0.0.1\build\downloads\1693227659568_1316_16
16:01:13.267 [TestNG-test=demoqa_base_page_tests-1] INFO  c.c.s.d.CloseDriverCommand - Close webdriver: 16 -> FirefoxDriver: firefox on windows (d15c97ac-4c35-4a9b-b049-e313951fa211)...
16:01:13.269 [TestNG-test=demoqa_base_page_tests-1] INFO  c.c.s.w.SelenideNettyClientFactory - Changed readTimeout from PT3M to PT1M30S
16:01:14.840 [TestNG-test=demoqa_base_page_tests-1] INFO  c.c.s.d.CloseDriverCommand - Closed webdriver 16 in 1573 ms
16:01:14.840 [TestNG-test=demoqa_base_page_tests-1] INFO  c.c.s.d.DisposablesRegistry - Unregister WebDriverInstance[config=StaticConfig,webDriver=FirefoxDriver: firefox on windows (null),proxy=null,downloadsFolder=F:\###JAVA_PROJECT###\Testing\QAFramework_0.0.1\build\downloads\1693227659568_1316_16] in 16 [size=0]
16:01:14.863 [Thread-5] INFO  c.c.s.d.DisposablesRegistry - Run cleanup: size=0
16:01:14.865 [Thread-5] INFO  c.c.s.d.DisposablesRegistry - Finished cleanup
11:24:14.984 [Test worker] WARN  org.testng.internal.Configuration - Detected a static method [rozetka.BaseTest.setUp()]. Static configuration methods can cause  unexpected behavior.
11:24:15.012 [Test worker] WARN  org.testng.internal.Configuration - Detected a static method [rozetka.BaseTest.setUp()]. Static configuration methods can cause  unexpected behavior.
11:24:15.200 [Test worker] INFO  demoqa.positive_tests.BaseTest - Set Up: browser size- 1920x1080
11:24:15.331 [Test worker] INFO  demoqa.positive_tests.BaseTest - Set Up: timeout- 4000
11:24:15.332 [Test worker] INFO  demoqa.positive_tests.BaseTest - Set Up: browser- firefox
11:24:15.742 [TestNG-test=demoqa_base_page_tests-1] INFO  c.c.s.i.WebDriverThreadLocalContainer - No webdriver is bound to current thread: 16 - let's create a new webdriver
11:24:15.879 [TestNG-test=demoqa_base_page_tests-1] INFO  c.codeborne.selenide.impl.FileHelper - Creating folder: F:\###JAVA_PROJECT###\Testing\QAFramework_0.0.1\build\downloads\1693383855772_12084_16
11:24:17.841 [TestNG-test=demoqa_base_page_tests-1] INFO  i.g.bonigarcia.wdm.WebDriverManager - Using geckodriver 0.33.0 (resolved driver for Firefox 116)
11:24:17.891 [TestNG-test=demoqa_base_page_tests-1] INFO  i.g.bonigarcia.wdm.WebDriverManager - Exporting webdriver.gecko.driver as C:\Users\Antibiotik\.cache\selenium\geckodriver\win64\0.33.0\geckodriver.exe
11:24:18.321 [TestNG-test=demoqa_base_page_tests-1] INFO  c.c.s.w.SelenideNettyClientFactory - Changed readTimeout from PT3M to PT1M30S
11:24:25.211 [TestNG-test=demoqa_base_page_tests-1] INFO  c.c.s.w.SelenideNettyClientFactory - Changed readTimeout from PT3M to PT1M30S
11:24:25.260 [TestNG-test=demoqa_base_page_tests-1] INFO  c.c.s.webdriver.BrowserResizer - Set browser size to 1920x1080
11:24:25.390 [TestNG-test=demoqa_base_page_tests-1] INFO  c.c.s.webdriver.WebDriverFactory - BrowserName=firefox Version=116.0.3 Platform=windows
11:24:25.391 [TestNG-test=demoqa_base_page_tests-1] INFO  c.c.s.webdriver.WebDriverFactory - Selenide v. 6.16.1
11:24:25.391 [TestNG-test=demoqa_base_page_tests-1] INFO  c.c.s.webdriver.WebDriverFactory - Selenium WebDriver v. 4.10.0 build revision: c14d967899
11:24:25.391 [TestNG-test=demoqa_base_page_tests-1] INFO  c.c.s.d.CreateDriverCommand - Created webdriver in thread 16: FirefoxDriver -> FirefoxDriver: firefox on windows (e7a1c661-cccd-43cf-bf2f-9b64ed4041f0)
11:24:25.568 [TestNG-test=demoqa_base_page_tests-1] INFO  c.c.s.d.DisposablesRegistry - Register WebDriverInstance[config=StaticConfig,webDriver=FirefoxDriver: firefox on windows (e7a1c661-cccd-43cf-bf2f-9b64ed4041f0),proxy=null,downloadsFolder=F:\###JAVA_PROJECT###\Testing\QAFramework_0.0.1\build\downloads\1693383855772_12084_16] in 16 [size=1]
11:24:25.569 [TestNG-test=demoqa_base_page_tests-1] INFO  c.c.s.d.DisposablesRegistry - Add shutdown hook in 16 [size=1]
11:24:35.843 [TestNG-test=demoqa_base_page_tests-1] INFO  c.codeborne.selenide.impl.FileHelper - Deleted empty folder: F:\###JAVA_PROJECT###\Testing\QAFramework_0.0.1\build\downloads\1693383855772_12084_16
11:24:35.843 [TestNG-test=demoqa_base_page_tests-1] INFO  c.c.s.d.CloseDriverCommand - Close webdriver: 16 -> FirefoxDriver: firefox on windows (e7a1c661-cccd-43cf-bf2f-9b64ed4041f0)...
11:24:35.845 [TestNG-test=demoqa_base_page_tests-1] INFO  c.c.s.w.SelenideNettyClientFactory - Changed readTimeout from PT3M to PT1M30S
11:24:38.441 [TestNG-test=demoqa_base_page_tests-1] INFO  c.c.s.d.CloseDriverCommand - Closed webdriver 16 in 2598 ms
11:24:38.442 [TestNG-test=demoqa_base_page_tests-1] INFO  c.c.s.d.DisposablesRegistry - Unregister WebDriverInstance[config=StaticConfig,webDriver=FirefoxDriver: firefox on windows (null),proxy=null,downloadsFolder=F:\###JAVA_PROJECT###\Testing\QAFramework_0.0.1\build\downloads\1693383855772_12084_16] in 16 [size=0]
11:24:38.475 [Thread-5] INFO  c.c.s.d.DisposablesRegistry - Run cleanup: size=0
11:24:38.483 [Thread-5] INFO  c.c.s.d.DisposablesRegistry - Finished cleanup
11:26:46.433 [Test worker] WARN  org.testng.internal.Configuration - Detected a static method [rozetka.BaseTest.setUp()]. Static configuration methods can cause  unexpected behavior.
11:26:46.480 [Test worker] WARN  org.testng.internal.Configuration - Detected a static method [rozetka.BaseTest.setUp()]. Static configuration methods can cause  unexpected behavior.
11:26:46.601 [Test worker] INFO  demoqa.positive_tests.BaseTest - Set Up: browser size- 1920x1080
11:26:46.607 [Test worker] INFO  demoqa.positive_tests.BaseTest - Set Up: timeout- 4000
11:26:46.608 [Test worker] INFO  demoqa.positive_tests.BaseTest - Set Up: browser- firefox
11:26:46.705 [TestNG-test=demoqa_base_page_tests-1] INFO  c.c.s.i.WebDriverThreadLocalContainer - No webdriver is bound to current thread: 16 - let's create a new webdriver
11:26:46.755 [TestNG-test=demoqa_base_page_tests-1] INFO  c.codeborne.selenide.impl.FileHelper - Creating folder: F:\###JAVA_PROJECT###\Testing\QAFramework_0.0.1\build\downloads\1693384006733_17156_16
11:26:47.489 [TestNG-test=demoqa_base_page_tests-1] INFO  i.g.bonigarcia.wdm.WebDriverManager - Using geckodriver 0.33.0 (resolved driver for Firefox 116)
11:26:47.550 [TestNG-test=demoqa_base_page_tests-1] INFO  i.g.bonigarcia.wdm.WebDriverManager - Exporting webdriver.gecko.driver as C:\Users\Antibiotik\.cache\selenium\geckodriver\win64\0.33.0\geckodriver.exe
11:26:47.828 [TestNG-test=demoqa_base_page_tests-1] INFO  c.c.s.w.SelenideNettyClientFactory - Changed readTimeout from PT3M to PT1M30S
11:26:52.915 [TestNG-test=demoqa_base_page_tests-1] INFO  c.c.s.w.SelenideNettyClientFactory - Changed readTimeout from PT3M to PT1M30S
11:26:53.071 [TestNG-test=demoqa_base_page_tests-1] INFO  c.c.s.webdriver.BrowserResizer - Set browser size to 1920x1080
11:26:53.314 [TestNG-test=demoqa_base_page_tests-1] INFO  c.c.s.webdriver.WebDriverFactory - BrowserName=firefox Version=116.0.3 Platform=windows
11:26:53.314 [TestNG-test=demoqa_base_page_tests-1] INFO  c.c.s.webdriver.WebDriverFactory - Selenide v. 6.16.1
11:26:53.314 [TestNG-test=demoqa_base_page_tests-1] INFO  c.c.s.webdriver.WebDriverFactory - Selenium WebDriver v. 4.10.0 build revision: c14d967899
11:26:53.314 [TestNG-test=demoqa_base_page_tests-1] INFO  c.c.s.d.CreateDriverCommand - Created webdriver in thread 16: FirefoxDriver -> FirefoxDriver: firefox on windows (9b009677-c50f-4b84-9e13-dbe448c77bce)
11:26:53.317 [TestNG-test=demoqa_base_page_tests-1] INFO  c.c.s.d.DisposablesRegistry - Register WebDriverInstance[config=StaticConfig,webDriver=FirefoxDriver: firefox on windows (9b009677-c50f-4b84-9e13-dbe448c77bce),proxy=null,downloadsFolder=F:\###JAVA_PROJECT###\Testing\QAFramework_0.0.1\build\downloads\1693384006733_17156_16] in 16 [size=1]
11:26:53.317 [TestNG-test=demoqa_base_page_tests-1] INFO  c.c.s.d.DisposablesRegistry - Add shutdown hook in 16 [size=1]
11:26:57.541 [TestNG-test=demoqa_base_page_tests-1] INFO  c.codeborne.selenide.impl.FileHelper - Deleted empty folder: F:\###JAVA_PROJECT###\Testing\QAFramework_0.0.1\build\downloads\1693384006733_17156_16
11:26:57.541 [TestNG-test=demoqa_base_page_tests-1] INFO  c.c.s.d.CloseDriverCommand - Close webdriver: 16 -> FirefoxDriver: firefox on windows (9b009677-c50f-4b84-9e13-dbe448c77bce)...
11:26:57.543 [TestNG-test=demoqa_base_page_tests-1] INFO  c.c.s.w.SelenideNettyClientFactory - Changed readTimeout from PT3M to PT1M30S
11:26:59.486 [TestNG-test=demoqa_base_page_tests-1] INFO  c.c.s.d.CloseDriverCommand - Closed webdriver 16 in 1945 ms
11:26:59.486 [TestNG-test=demoqa_base_page_tests-1] INFO  c.c.s.d.DisposablesRegistry - Unregister WebDriverInstance[config=StaticConfig,webDriver=FirefoxDriver: firefox on windows (null),proxy=null,downloadsFolder=F:\###JAVA_PROJECT###\Testing\QAFramework_0.0.1\build\downloads\1693384006733_17156_16] in 16 [size=0]
11:26:59.518 [Dead threads watchdog] INFO  c.c.s.impl.DeadThreadsWatchdog - No webdriver found for thread: 16 - nothing to close
11:26:59.520 [Thread-5] INFO  c.c.s.d.DisposablesRegistry - Run cleanup: size=0
11:26:59.522 [Thread-5] INFO  c.c.s.d.DisposablesRegistry - Finished cleanup
11:27:14.124 [Test worker] WARN  org.testng.internal.Configuration - Detected a static method [rozetka.BaseTest.setUp()]. Static configuration methods can cause  unexpected behavior.
11:27:14.174 [Test worker] WARN  org.testng.internal.Configuration - Detected a static method [rozetka.BaseTest.setUp()]. Static configuration methods can cause  unexpected behavior.
11:27:14.279 [Test worker] INFO  demoqa.positive_tests.BaseTest - Set Up: browser size- 1920x1080
11:27:14.283 [Test worker] INFO  demoqa.positive_tests.BaseTest - Set Up: timeout- 4000
11:27:14.284 [Test worker] INFO  demoqa.positive_tests.BaseTest - Set Up: browser- firefox
11:27:14.398 [TestNG-test=demoqa_base_page_tests-1] INFO  c.c.s.i.WebDriverThreadLocalContainer - No webdriver is bound to current thread: 16 - let's create a new webdriver
11:27:14.447 [TestNG-test=demoqa_base_page_tests-1] INFO  c.codeborne.selenide.impl.FileHelper - Creating folder: F:\###JAVA_PROJECT###\Testing\QAFramework_0.0.1\build\downloads\1693384034426_5176_16
11:27:15.144 [TestNG-test=demoqa_base_page_tests-1] INFO  i.g.bonigarcia.wdm.WebDriverManager - Using geckodriver 0.33.0 (resolved driver for Firefox 116)
11:27:15.196 [TestNG-test=demoqa_base_page_tests-1] INFO  i.g.bonigarcia.wdm.WebDriverManager - Exporting webdriver.gecko.driver as C:\Users\Antibiotik\.cache\selenium\geckodriver\win64\0.33.0\geckodriver.exe
11:27:15.478 [TestNG-test=demoqa_base_page_tests-1] INFO  c.c.s.w.SelenideNettyClientFactory - Changed readTimeout from PT3M to PT1M30S
11:27:20.160 [TestNG-test=demoqa_base_page_tests-1] INFO  c.c.s.w.SelenideNettyClientFactory - Changed readTimeout from PT3M to PT1M30S
11:27:20.282 [TestNG-test=demoqa_base_page_tests-1] INFO  c.c.s.webdriver.BrowserResizer - Set browser size to 1920x1080
11:27:20.464 [TestNG-test=demoqa_base_page_tests-1] INFO  c.c.s.webdriver.WebDriverFactory - BrowserName=firefox Version=116.0.3 Platform=windows
11:27:20.465 [TestNG-test=demoqa_base_page_tests-1] INFO  c.c.s.webdriver.WebDriverFactory - Selenide v. 6.16.1
11:27:20.468 [TestNG-test=demoqa_base_page_tests-1] INFO  c.c.s.webdriver.WebDriverFactory - Selenium WebDriver v. 4.10.0 build revision: c14d967899
11:27:20.468 [TestNG-test=demoqa_base_page_tests-1] INFO  c.c.s.d.CreateDriverCommand - Created webdriver in thread 16: FirefoxDriver -> FirefoxDriver: firefox on windows (502111cc-6317-4582-9e4f-17b5fb00a91a)
11:27:20.472 [TestNG-test=demoqa_base_page_tests-1] INFO  c.c.s.d.DisposablesRegistry - Register WebDriverInstance[config=StaticConfig,webDriver=FirefoxDriver: firefox on windows (502111cc-6317-4582-9e4f-17b5fb00a91a),proxy=null,downloadsFolder=F:\###JAVA_PROJECT###\Testing\QAFramework_0.0.1\build\downloads\1693384034426_5176_16] in 16 [size=1]
11:27:20.473 [TestNG-test=demoqa_base_page_tests-1] INFO  c.c.s.d.DisposablesRegistry - Add shutdown hook in 16 [size=1]
11:27:24.681 [TestNG-test=demoqa_base_page_tests-1] INFO  c.codeborne.selenide.impl.FileHelper - Deleted empty folder: F:\###JAVA_PROJECT###\Testing\QAFramework_0.0.1\build\downloads\1693384034426_5176_16
11:27:24.681 [TestNG-test=demoqa_base_page_tests-1] INFO  c.c.s.d.CloseDriverCommand - Close webdriver: 16 -> FirefoxDriver: firefox on windows (502111cc-6317-4582-9e4f-17b5fb00a91a)...
11:27:24.682 [TestNG-test=demoqa_base_page_tests-1] INFO  c.c.s.w.SelenideNettyClientFactory - Changed readTimeout from PT3M to PT1M30S
11:27:26.701 [TestNG-test=demoqa_base_page_tests-1] INFO  c.c.s.d.CloseDriverCommand - Closed webdriver 16 in 2020 ms
11:27:26.701 [TestNG-test=demoqa_base_page_tests-1] INFO  c.c.s.d.DisposablesRegistry - Unregister WebDriverInstance[config=StaticConfig,webDriver=FirefoxDriver: firefox on windows (null),proxy=null,downloadsFolder=F:\###JAVA_PROJECT###\Testing\QAFramework_0.0.1\build\downloads\1693384034426_5176_16] in 16 [size=0]
11:27:26.708 [Dead threads watchdog] INFO  c.c.s.impl.DeadThreadsWatchdog - No webdriver found for thread: 16 - nothing to close
11:27:26.741 [Thread-5] INFO  c.c.s.d.DisposablesRegistry - Run cleanup: size=0
11:27:26.742 [Thread-5] INFO  c.c.s.d.DisposablesRegistry - Finished cleanup
16:10:54.185 [Test worker] WARN  org.testng.internal.Configuration - Detected a static method [test_builder.BaseTest.setUp()]. Static configuration methods can cause  unexpected behavior.
16:10:54.669 [TestNG-test=demoqa_base_page_tests-1] INFO  c.c.s.i.WebDriverThreadLocalContainer - No webdriver is bound to current thread: 16 - let's create a new webdriver
16:10:54.715 [TestNG-test=demoqa_base_page_tests-1] INFO  c.codeborne.selenide.impl.FileHelper - Creating folder: F:\###JAVA_PROJECT###\Testing\QAFramework_0.0.1\build\downloads\1693573854698_15884_16
16:10:56.280 [TestNG-test=demoqa_base_page_tests-1] INFO  i.g.bonigarcia.wdm.WebDriverManager - Using geckodriver 0.33.0 (resolved driver for Firefox 116)
16:10:56.334 [TestNG-test=demoqa_base_page_tests-1] INFO  i.g.bonigarcia.wdm.WebDriverManager - Exporting webdriver.gecko.driver as C:\Users\Antibiotik\.cache\selenium\geckodriver\win64\0.33.0\geckodriver.exe
16:10:56.630 [TestNG-test=demoqa_base_page_tests-1] INFO  c.c.s.w.SelenideNettyClientFactory - Changed readTimeout from PT3M to PT1M30S
16:10:59.077 [TestNG-test=demoqa_base_page_tests-1] ERROR c.c.s.webdriver.FirefoxDriverFactory - Failed to start firefox
org.openqa.selenium.SessionNotCreatedException: Could not start a new session. Response code 500. Message: Process unexpectedly closed with status 0 
Host info: host: 'ANTIBIOTIK-PC26', ip: '192.168.31.101'
Build info: version: '4.10.0', revision: 'c14d967899'
System info: os.name: 'Windows 10', os.arch: 'amd64', os.version: '10.0', java.version: '11.0.16.1'
Driver info: org.openqa.selenium.firefox.FirefoxDriver
Command: [null, newSession {capabilities=[Capabilities {acceptInsecureCerts: true, browserName: firefox, moz:debuggerAddress: true, moz:firefoxOptions: {prefs: {browser.download.dir: F:\###JAVA_PROJECT###\Testi..., browser.download.folderList: 2, browser.helperApps.neverAsk.saveToDisk: video/3gpp;video/3gpp2;appl..., network.automatic-ntlm-auth.allow-non-fqdn: true, network.automatic-ntlm-auth.trusted-uris: http://,https://, network.http.phishy-userpass-length: 255, network.negotiate-auth.delegation-uris: http://,https://, network.negotiate-auth.trusted-uris: http://,https://, network.proxy.allow_hijacking_localhost: true, network.proxy.no_proxies_on: , pdfjs.disabled: true, security.csp.enable: false}}, pageLoadStrategy: normal, unhandledPromptBehavior: accept}]}]
	at org.openqa.selenium.remote.ProtocolHandshake.createSession(ProtocolHandshake.java:140)
	at org.openqa.selenium.remote.ProtocolHandshake.createSession(ProtocolHandshake.java:96)
	at org.openqa.selenium.remote.ProtocolHandshake.createSession(ProtocolHandshake.java:68)
	at org.openqa.selenium.remote.HttpCommandExecutor.execute(HttpCommandExecutor.java:163)
	at org.openqa.selenium.remote.service.DriverCommandExecutor.invokeExecute(DriverCommandExecutor.java:196)
	at org.openqa.selenium.remote.service.DriverCommandExecutor.execute(DriverCommandExecutor.java:171)
	at org.openqa.selenium.remote.RemoteWebDriver.execute(RemoteWebDriver.java:531)
	at org.openqa.selenium.remote.RemoteWebDriver.startSession(RemoteWebDriver.java:227)
	at org.openqa.selenium.remote.RemoteWebDriver.<init>(RemoteWebDriver.java:154)
	at org.openqa.selenium.firefox.FirefoxDriver.<init>(FirefoxDriver.java:151)
	at org.openqa.selenium.firefox.FirefoxDriver.<init>(FirefoxDriver.java:146)
	at org.openqa.selenium.firefox.FirefoxDriver.<init>(FirefoxDriver.java:130)
	at org.openqa.selenium.firefox.FirefoxDriver.<init>(FirefoxDriver.java:125)
	at com.codeborne.selenide.webdriver.FirefoxDriverFactory.create(FirefoxDriverFactory.java:50)
	at com.codeborne.selenide.webdriver.WebDriverFactory.createWebDriverInstance(WebDriverFactory.java:123)
	at com.codeborne.selenide.webdriver.WebDriverFactory.createWebDriver(WebDriverFactory.java:67)
	at com.codeborne.selenide.drivercommands.CreateDriverCommand.lambda$createDriver$0(CreateDriverCommand.java:76)
	at com.codeborne.selenide.logevents.SelenideLogger.wrap(SelenideLogger.java:133)
	at com.codeborne.selenide.logevents.SelenideLogger.get(SelenideLogger.java:113)
	at com.codeborne.selenide.drivercommands.CreateDriverCommand.createDriver(CreateDriverCommand.java:52)
	at com.codeborne.selenide.impl.WebDriverThreadLocalContainer.createDriver(WebDriverThreadLocalContainer.java:202)
	at com.codeborne.selenide.impl.WebDriverThreadLocalContainer.createAndRegisterDriver(WebDriverThreadLocalContainer.java:186)
	at com.codeborne.selenide.impl.WebDriverThreadLocalContainer.getAndCheckWebDriver(WebDriverThreadLocalContainer.java:155)
	at com.codeborne.selenide.WebDriverRunner.getAndCheckWebDriver(WebDriverRunner.java:130)
	at com.codeborne.selenide.impl.StaticDriver.getAndCheckWebDriver(StaticDriver.java:65)
	at com.codeborne.selenide.SelenideDriver.getAndCheckWebDriver(SelenideDriver.java:220)
	at com.codeborne.selenide.drivercommands.Navigator.lambda$navigateTo$0(Navigator.java:71)
	at com.codeborne.selenide.logevents.SelenideLogger.lambda$run$0(SelenideLogger.java:105)
	at com.codeborne.selenide.logevents.SelenideLogger.wrap(SelenideLogger.java:133)
	at com.codeborne.selenide.logevents.SelenideLogger.run(SelenideLogger.java:104)
	at com.codeborne.selenide.drivercommands.Navigator.navigateTo(Navigator.java:69)
	at com.codeborne.selenide.drivercommands.Navigator.open(Navigator.java:32)
	at com.codeborne.selenide.SelenideDriver.open(SelenideDriver.java:101)
	at com.codeborne.selenide.Selenide.open(Selenide.java:53)
	at test_builder.TestSuite.openURL(TestSuite.java:22)
	at java.base/jdk.internal.reflect.NativeMethodAccessorImpl.invoke0(Native Method)
	at java.base/jdk.internal.reflect.NativeMethodAccessorImpl.invoke(NativeMethodAccessorImpl.java:62)
	at java.base/jdk.internal.reflect.DelegatingMethodAccessorImpl.invoke(DelegatingMethodAccessorImpl.java:43)
	at java.base/java.lang.reflect.Method.invoke(Method.java:566)
	at org.testng.internal.invokers.MethodInvocationHelper.invokeMethod(MethodInvocationHelper.java:139)
	at org.testng.internal.invokers.MethodInvocationHelper.invokeMethodConsideringTimeout(MethodInvocationHelper.java:69)
	at org.testng.internal.invokers.ConfigInvoker.invokeConfigurationMethod(ConfigInvoker.java:361)
	at org.testng.internal.invokers.ConfigInvoker.invokeConfigurations(ConfigInvoker.java:296)
	at org.testng.internal.invokers.TestInvoker.runConfigMethods(TestInvoker.java:823)
	at org.testng.internal.invokers.TestInvoker.invokeMethod(TestInvoker.java:590)
	at org.testng.internal.invokers.TestInvoker.invokeTestMethod(TestInvoker.java:221)
	at org.testng.internal.invokers.MethodRunner.runInSequence(MethodRunner.java:50)
	at org.testng.internal.invokers.TestInvoker$MethodInvocationAgent.invoke(TestInvoker.java:969)
	at org.testng.internal.invokers.TestInvoker.invokeTestMethods(TestInvoker.java:194)
	at org.testng.internal.invokers.TestMethodWorker.invokeTestMethods(TestMethodWorker.java:148)
	at org.testng.internal.invokers.TestMethodWorker.run(TestMethodWorker.java:128)
	at java.base/java.util.concurrent.ThreadPoolExecutor.runWorker(ThreadPoolExecutor.java:1128)
	at java.base/java.util.concurrent.ThreadPoolExecutor$Worker.run(ThreadPoolExecutor.java:628)
	at java.base/java.lang.Thread.run(Thread.java:834)
16:10:59.094 [TestNG-test=demoqa_base_page_tests-1] INFO  c.c.s.w.SelenideNettyClientFactory - Changed readTimeout from PT3M to PT1M30S
16:11:02.546 [TestNG-test=demoqa_base_page_tests-1] INFO  c.c.s.w.SelenideNettyClientFactory - Changed readTimeout from PT3M to PT1M30S
16:11:02.635 [TestNG-test=demoqa_base_page_tests-1] INFO  c.c.s.webdriver.BrowserResizer - Set browser size to 1920x1080
16:11:02.834 [TestNG-test=demoqa_base_page_tests-1] INFO  c.c.s.webdriver.WebDriverFactory - BrowserName=firefox Version=116.0.3 Platform=windows
16:11:02.835 [TestNG-test=demoqa_base_page_tests-1] INFO  c.c.s.webdriver.WebDriverFactory - Selenide v. 6.16.1
16:11:02.835 [TestNG-test=demoqa_base_page_tests-1] INFO  c.c.s.webdriver.WebDriverFactory - Selenium WebDriver v. 4.10.0 build revision: c14d967899
16:11:02.835 [TestNG-test=demoqa_base_page_tests-1] INFO  c.c.s.d.CreateDriverCommand - Created webdriver in thread 16: FirefoxDriver -> FirefoxDriver: firefox on windows (c4d5fc14-8980-4791-aaca-b4312d19b61f)
16:11:02.838 [TestNG-test=demoqa_base_page_tests-1] INFO  c.c.s.d.DisposablesRegistry - Register WebDriverInstance[config=StaticConfig,webDriver=FirefoxDriver: firefox on windows (c4d5fc14-8980-4791-aaca-b4312d19b61f),proxy=null,downloadsFolder=F:\###JAVA_PROJECT###\Testing\QAFramework_0.0.1\build\downloads\1693573854698_15884_16] in 16 [size=1]
16:11:02.839 [TestNG-test=demoqa_base_page_tests-1] INFO  c.c.s.d.DisposablesRegistry - Add shutdown hook in 16 [size=1]
16:11:07.786 [Dead threads watchdog] INFO  c.c.s.impl.DeadThreadsWatchdog - Thread 16 is dead. Let's close its webdriver FirefoxDriver: firefox on windows (c4d5fc14-8980-4791-aaca-b4312d19b61f).
16:11:07.791 [Dead threads watchdog] INFO  c.codeborne.selenide.impl.FileHelper - Deleted empty folder: F:\###JAVA_PROJECT###\Testing\QAFramework_0.0.1\build\downloads\1693573854698_15884_16
16:11:07.793 [Dead threads watchdog] INFO  c.c.s.d.CloseDriverCommand - Close webdriver: 34 -> FirefoxDriver: firefox on windows (c4d5fc14-8980-4791-aaca-b4312d19b61f)...
16:11:07.806 [Dead threads watchdog] INFO  c.c.s.w.SelenideNettyClientFactory - Changed readTimeout from PT3M to PT1M30S
16:11:07.827 [Thread-7] INFO  c.c.s.d.DisposablesRegistry - Run cleanup: size=1
16:11:07.874 [Thread-7] INFO  c.c.s.d.CloseDriverCommand - Close webdriver: 33 -> FirefoxDriver: firefox on windows (c4d5fc14-8980-4791-aaca-b4312d19b61f)...
16:11:07.884 [Thread-7] INFO  c.c.s.w.SelenideNettyClientFactory - Changed readTimeout from PT3M to PT1M30S
16:11:09.825 [Dead threads watchdog] INFO  c.c.s.d.CloseDriverCommand - Closed webdriver 34 in 2032 ms
16:11:09.826 [Thread-7] INFO  c.c.s.d.CloseDriverCommand - Closed webdriver 33 in 1952 ms
16:11:09.826 [Thread-7] INFO  c.c.s.d.DisposablesRegistry - Finished cleanup
